#
# There is insufficient memory for the Java Runtime Environment to continue.
# Native memory allocation (mmap) failed to map 257949696 bytes for G1 virtual space
# Possible reasons:
#   The system is out of physical RAM or swap space
#   The process is running with CompressedOops enabled, and the Java Heap may be blocking the growth of the native heap
# Possible solutions:
#   Reduce memory load on the system
#   Increase physical memory or swap space
#   Check if swap backing store is full
#   Decrease Java heap size (-Xmx/-Xms)
#   Decrease number of Java threads
#   Decrease Java thread stack sizes (-Xss)
#   Set larger code cache with -XX:ReservedCodeCacheSize=
#   JVM is running with Zero Based Compressed Oops mode in which the Java heap is
#     placed in the first 32GB address space. The Java Heap base address is the
#     maximum limit for the native heap growth. Please use -XX:HeapBaseMinAddress
#     to set the Java Heap base and to place the Java Heap above 32GB virtual address.
# This output file may be truncated or incomplete.
#
#  Out of Memory Error (os_windows.cpp:3825), pid=11524, tid=5432
#
# JRE version:  (17.0.10) (build )
# Java VM: OpenJDK 64-Bit Server VM (17.0.10+0--11609105, mixed mode, sharing, tiered, compressed oops, compressed class ptrs, g1 gc, windows-amd64)
# No core dump will be written. Minidumps are not enabled by default on client versions of Windows
#

---------------  S U M M A R Y ------------

Command Line: org.jetbrains.kotlin.cli.jvm.K2JVMCompiler @C:\Users\Anurag\StudioProjects\Healthify\app\build\20240628_15248043604613010291.compiler.options

Host: AMD Ryzen 7 7840HS w/ Radeon 780M Graphics     , 16 cores, 15G,  Windows 11 , 64 bit Build 22621 (10.0.22621.3672)
Time: Fri Jun 28 23:40:05 2024 India Standard Time elapsed time: 0.009794 seconds (0d 0h 0m 0s)

---------------  T H R E A D  ---------------

Current thread (0x000001a15b44cce0):  JavaThread "Unknown thread" [_thread_in_vm, id=5432, stack(0x000000915a900000,0x000000915aa00000)]

Stack: [0x000000915a900000,0x000000915aa00000]
Native frames: (J=compiled Java code, j=interpreted, Vv=VM code, C=native code)
V  [jvm.dll+0x688de9]
V  [jvm.dll+0x8423da]
V  [jvm.dll+0x84401e]
V  [jvm.dll+0x844683]
V  [jvm.dll+0x24be0f]
V  [jvm.dll+0x685bb9]
V  [jvm.dll+0x67a46a]
V  [jvm.dll+0x30cbab]
V  [jvm.dll+0x314056]
V  [jvm.dll+0x363dce]
V  [jvm.dll+0x363fff]
V  [jvm.dll+0x2e2978]
V  [jvm.dll+0x2e38e4]
V  [jvm.dll+0x812f71]
V  [jvm.dll+0x371c81]
V  [jvm.dll+0x7f1ac6]
V  [jvm.dll+0x3f58df]
V  [jvm.dll+0x3f7511]
C  [jli.dll+0x528f]
C  [ucrtbase.dll+0x29333]
C  [KERNEL32.DLL+0x1257d]
C  [ntdll.dll+0x5af28]


---------------  P R O C E S S  ---------------

Threads class SMR info:
_java_thread_list=0x00007fff28f8ef58, length=0, elements={
}

Java Threads: ( => current thread )

Other Threads:
  0x000001a15b4b68c0 GCTaskThread "GC Thread#0" [stack: 0x000000915aa00000,0x000000915ab00000] [id=19236]
  0x000001a15b4c6bb0 ConcurrentGCThread "G1 Main Marker" [stack: 0x000000915ab00000,0x000000915ac00000] [id=15576]
  0x000001a15b4c9b90 ConcurrentGCThread "G1 Conc#0" [stack: 0x000000915ac00000,0x000000915ad00000] [id=13064]

[error occurred during error reporting (printing all threads), id 0xc0000005, EXCEPTION_ACCESS_VIOLATION (0xc0000005) at pc=0x00007fff28743547]

VM state: not at safepoint (not fully initialized)

VM Mutex/Monitor currently owned by a thread:  ([mutex/lock_event])
[0x000001a15b448270] Heap_lock - owner thread: 0x000001a15b44cce0

Heap address: 0x000000070b600000, size: 3914 MB, Compressed Oops mode: Zero based, Oop shift amount: 3

CDS archive(s) mapped at: [0x0000000000000000-0x0000000000000000-0x0000000000000000), size 0, SharedBaseAddress: 0x0000000800000000, ArchiveRelocationMode: 1.
Narrow klass base: 0x0000000000000000, Narrow klass shift: 0, Narrow klass range: 0x0

GC Precious Log:
<Empty>

Heap:
 garbage-first heap   total 0K, used 0K [0x000000070b600000, 0x0000000800000000)
  region size 2048K, 0 young (0K), 0 survivors (0K)
 Metaspace       used 0K, committed 0K, reserved 0K
  class space    used 0K, committed 0K, reserved 0K

Heap Regions: E=young(eden), S=young(survivor), O=old, HS=humongous(starts), HC=humongous(continues), CS=collection set, F=free, OA=open archive, CA=closed archive, TAMS=top-at-mark-start (previous, next)

Card table byte_map: [0x000001a16e950000,0x000001a16f100000] _byte_map_base: 0x000001a16b0f5000

Marking Bits (Prev, Next): (CMBitMap*) 0x000001a15b4b6df0, (CMBitMap*) 0x000001a15b4b6e30
 Prev Bits: [0x000001a16f8b0000, 0x000001a1735d8000)
 Next Bits: [0x000001a1735e0000, 0x000001a177308000)

GC Heap History (0 events):
No events

Dll operation events (1 events):
Event: 0.006 Loaded shared library C:\Program Files\Android\Android Studio\jbr\bin\java.dll

Deoptimization events (0 events):
No events

Classes unloaded (0 events):
No events

Classes redefined (0 events):
No events

Internal exceptions (0 events):
No events

VM Operations (0 events):
No events

Events (0 events):
No events


Dynamic libraries:
0x00007ff6a9150000 - 0x00007ff6a915a000 	C:\Program Files\Android\Android Studio\jbr\bin\java.exe
0x00007fff817b0000 - 0x00007fff819c7000 	C:\WINDOWS\SYSTEM32\ntdll.dll
0x00007fff806e0000 - 0x00007fff807a4000 	C:\WINDOWS\System32\KERNEL32.DLL
0x00007fff7ef30000 - 0x00007fff7f2dc000 	C:\WINDOWS\System32\KERNELBASE.dll
0x00007fff7ee10000 - 0x00007fff7ef21000 	C:\WINDOWS\System32\ucrtbase.dll
0x00007fff64fd0000 - 0x00007fff64feb000 	C:\Program Files\Android\Android Studio\jbr\bin\VCRUNTIME140.dll
0x00007fff6f4a0000 - 0x00007fff6f4b7000 	C:\Program Files\Android\Android Studio\jbr\bin\jli.dll
0x00007fff7f520000 - 0x00007fff7f6ce000 	C:\WINDOWS\System32\USER32.dll
0x00007fff7f440000 - 0x00007fff7f466000 	C:\WINDOWS\System32\win32u.dll
0x00007fff652a0000 - 0x00007fff65533000 	C:\WINDOWS\WinSxS\amd64_microsoft.windows.common-controls_6595b64144ccf1df_6.0.22621.3672_none_2713b9d173822955\COMCTL32.dll
0x00007fff81740000 - 0x00007fff81769000 	C:\WINDOWS\System32\GDI32.dll
0x00007fff815d0000 - 0x00007fff81677000 	C:\WINDOWS\System32\msvcrt.dll
0x00007fff7ec80000 - 0x00007fff7ed99000 	C:\WINDOWS\System32\gdi32full.dll
0x00007fff7f3a0000 - 0x00007fff7f43a000 	C:\WINDOWS\System32\msvcp_win.dll
0x00007fff803b0000 - 0x00007fff803e1000 	C:\WINDOWS\System32\IMM32.DLL
0x00007fff6e570000 - 0x00007fff6e57c000 	C:\Program Files\Android\Android Studio\jbr\bin\vcruntime140_1.dll
0x00007fff40cd0000 - 0x00007fff40d5d000 	C:\Program Files\Android\Android Studio\jbr\bin\msvcp140.dll
0x00007fff28450000 - 0x00007fff290d3000 	C:\Program Files\Android\Android Studio\jbr\bin\server\jvm.dll
0x00007fff81680000 - 0x00007fff81732000 	C:\WINDOWS\System32\ADVAPI32.dll
0x00007fff81520000 - 0x00007fff815ca000 	C:\WINDOWS\System32\sechost.dll
0x00007fff7eae0000 - 0x00007fff7eb08000 	C:\WINDOWS\System32\bcrypt.dll
0x00007fff7f6d0000 - 0x00007fff7f7e5000 	C:\WINDOWS\System32\RPCRT4.dll
0x00007fff7e7f0000 - 0x00007fff7e83d000 	C:\WINDOWS\SYSTEM32\POWRPROF.dll
0x00007fff64470000 - 0x00007fff64479000 	C:\WINDOWS\SYSTEM32\WSOCK32.dll
0x00007fff78df0000 - 0x00007fff78e24000 	C:\WINDOWS\SYSTEM32\WINMM.dll
0x00007fff76210000 - 0x00007fff7621a000 	C:\WINDOWS\SYSTEM32\VERSION.dll
0x00007fff80850000 - 0x00007fff808c1000 	C:\WINDOWS\System32\WS2_32.dll
0x00007fff7e7d0000 - 0x00007fff7e7e3000 	C:\WINDOWS\SYSTEM32\UMPDC.dll
0x00007fff7dae0000 - 0x00007fff7daf8000 	C:\WINDOWS\SYSTEM32\kernel.appcore.dll
0x00007fff7a120000 - 0x00007fff7a12a000 	C:\Program Files\Android\Android Studio\jbr\bin\jimage.dll
0x00007fff75440000 - 0x00007fff75672000 	C:\WINDOWS\SYSTEM32\DBGHELP.DLL
0x00007fff81130000 - 0x00007fff814b8000 	C:\WINDOWS\System32\combase.dll
0x00007fff80200000 - 0x00007fff802d7000 	C:\WINDOWS\System32\OLEAUT32.dll
0x00007fff72eb0000 - 0x00007fff72ee2000 	C:\WINDOWS\SYSTEM32\dbgcore.DLL
0x00007fff7f470000 - 0x00007fff7f4eb000 	C:\WINDOWS\System32\bcryptPrimitives.dll
0x00007fff79040000 - 0x00007fff79065000 	C:\Program Files\Android\Android Studio\jbr\bin\java.dll

dbghelp: loaded successfully - version: 4.0.5 - missing functions: none
symbol engine: initialized successfully - sym options: 0x614 - pdb path: .;C:\Program Files\Android\Android Studio\jbr\bin;C:\WINDOWS\SYSTEM32;C:\WINDOWS\WinSxS\amd64_microsoft.windows.common-controls_6595b64144ccf1df_6.0.22621.3672_none_2713b9d173822955;C:\Program Files\Android\Android Studio\jbr\bin\server

VM Arguments:
java_command: org.jetbrains.kotlin.cli.jvm.K2JVMCompiler @C:\Users\Anurag\StudioProjects\Healthify\app\build\20240628_15248043604613010291.compiler.options
java_class_path (initial): C:\Users\Anurag\.gradle\caches\modules-2\files-2.1\org.jetbrains.kotlin\kotlin-compiler-embeddable\1.9.0\2c8c3a7402becca891f12739b3e9fd2dc2adbd7a\kotlin-compiler-embeddable-1.9.0.jar;C:\Users\Anurag\.gradle\caches\modules-2\files-2.1\org.jetbrains.kotlin\kotlin-stdlib\1.9.0\8ee15ef0c67dc83d874f412d84378d7f0eb50b63\kotlin-stdlib-1.9.0.jar;C:\Users\Anurag\.gradle\caches\modules-2\files-2.1\org.jetbrains.kotlin\kotlin-script-runtime\1.9.0\4b3102cbbb7e1b58d9d1adf89563f00069ffa7d1\kotlin-script-runtime-1.9.0.jar;C:\Users\Anurag\.gradle\caches\modules-2\files-2.1\org.jetbrains.kotlin\kotlin-reflect\1.6.10\1cbe9c92c12a94eea200d23c2bbaedaf3daf5132\kotlin-reflect-1.6.10.jar;C:\Users\Anurag\.gradle\caches\modules-2\files-2.1\org.jetbrains.kotlin\kotlin-daemon-embeddable\1.9.0\186543f5e28cf8d9a0290fecc2cf34301c40a65c\kotlin-daemon-embeddable-1.9.0.jar;C:\Users\Anurag\.gradle\caches\modules-2\files-2.1\org.jetbrains.intellij.deps\trove4j\1.0.20200330\3afb14d5f9ceb459d724e907a21145e8ff394f02\trove4j-1.0.20200330.jar;C:\Users\Anurag\.gradle\caches\modules-2\files-2.1\org.jetbrains.kotlin\kotlin-stdlib-common\1.9.0\cd65c21cfd1eec4d44ef09f9f52b6d9f8a720636\kotlin-stdlib-common-1.9.0.jar;C:\Users\Anurag\.gradle\caches\modules-2\files-2.1\org.jetbrains\annotations\13.0\919f0dfe192fb4e063e7dacadee7f8bb9a2672a9\annotations-13.0.jar
Launcher Type: SUN_STANDARD

[Global flags]
     intx CICompilerCount                          = 12                                        {product} {ergonomic}
     uint ConcGCThreads                            = 3                                         {product} {ergonomic}
     uint G1ConcRefinementThreads                  = 13                                        {product} {ergonomic}
   size_t G1HeapRegionSize                         = 2097152                                   {product} {ergonomic}
    uintx GCDrainStackTargetSize                   = 64                                        {product} {ergonomic}
   size_t InitialHeapSize                          = 257949696                                 {product} {ergonomic}
   size_t MarkStackSize                            = 4194304                                   {product} {ergonomic}
   size_t MaxHeapSize                              = 4104126464                                {product} {ergonomic}
   size_t MinHeapDeltaBytes                        = 2097152                                   {product} {ergonomic}
   size_t MinHeapSize                              = 8388608                                   {product} {ergonomic}
    uintx NonNMethodCodeHeapSize                   = 7602480                                {pd product} {ergonomic}
    uintx NonProfiledCodeHeapSize                  = 122027880                              {pd product} {ergonomic}
    uintx ProfiledCodeHeapSize                     = 122027880                              {pd product} {ergonomic}
    uintx ReservedCodeCacheSize                    = 251658240                              {pd product} {ergonomic}
     bool SegmentedCodeCache                       = true                                      {product} {ergonomic}
   size_t SoftMaxHeapSize                          = 4104126464                             {manageable} {ergonomic}
     bool UseCompressedClassPointers               = true                           {product lp64_product} {ergonomic}
     bool UseCompressedOops                        = true                           {product lp64_product} {ergonomic}
     bool UseG1GC                                  = true                                      {product} {ergonomic}
     bool UseLargePagesIndividualAllocation        = false                                  {pd product} {ergonomic}

Logging:
Log output configuration:
 #0: stdout all=warning uptime,level,tags
 #1: stderr all=off uptime,level,tags

Environment Variables:
JAVA_HOME=C:\Program Files\Java\jdk-22
PATH=C:\Program Files\Common Files\Oracle\Java\javapath;C:\windows\system32;C:\windows;C:\windows\System32\Wbem;C:\windows\System32\WindowsPowerShell\v1.0\;C:\windows\System32\OpenSSH\;C:\Program Files (x86)\NVIDIA Corporation\PhysX\Common;C:\Users\Administrator\AppData\Local\Microsoft\WindowsApps;C:\Windows;C:\Windows\System32;C:\Windows\System32\WindowsPowerShell\v1.0\;C:\Program Files\HP\OMEN-Broadcast\Common;C:\MinGW\bin;C:\Program Files\Git\cmd;C:\Program Files\Git\mingw64\bin;C:\Program Files\Git\usr\bin;C:\Users\Anurag\Downloads\flutter_windows_3.13.9-stable\flutter\bin;C:\Program Files\dotnet\;C:\WINDOWS\system32;C:\WINDOWS;C:\WINDOWS\System32\Wbem;C:\WINDOWS\System32\WindowsPowerShell\v1.0\;C:\WINDOWS\System32\OpenSSH\;C:\Program Files\Java\jdk-22\bin;C:\Program Files\nodejs\;C:\Users\Anurag\AppData\Local\Microsoft\WindowsApps;C:\Users\Anurag\AppData\Local\Programs\Microsoft VS Code\bin;C:\Users\Anurag\AppData\Local\GitHubDesktop\bin;C:\Users\Anurag\Downloads\flutter_windows_3.13.9-stable\flutter\bin;C:\Users\Anurag\.dotnet\tools;C:\Program Files\Java\jdk-22\bin;C:\Users\Anurag\AppData\Roaming\npm
USERNAME=Anurag
OS=Windows_NT
PROCESSOR_IDENTIFIER=AMD64 Family 25 Model 116 Stepping 1, AuthenticAMD
TMP=C:\Users\Anurag\AppData\Local\Temp
TEMP=C:\Users\Anurag\AppData\Local\Temp



Periodic native trim disabled

JNI global refs:
JNI global refs: 0, weak refs: 0

JNI global refs memory usage: 0, weak refs: 0

OOME stack traces (most recent first):
Classloader memory used:


---------------  S Y S T E M  ---------------

OS:
 Windows 11 , 64 bit Build 22621 (10.0.22621.3672)
OS uptime: 0 days 7:40 hours
Hyper-V role detected

CPU: total 16 (initial active 16) (16 cores per cpu, 2 threads per core) family 25 model 116 stepping 1 microcode 0x0, cx8, cmov, fxsr, ht, mmx, 3dnowpref, sse, sse2, sse3, ssse3, sse4a, sse4.1, sse4.2, popcnt, lzcnt, tsc, tscinvbit, avx, avx2, aes, erms, clmul, bmi1, bmi2, adx, avx512f, avx512dq, avx512cd, avx512bw, avx512vl, sha, fma, vzeroupper, avx512_vpopcntdq, avx512_vpclmulqdq, avx512_vaes, avx512_vnni, clflush, clflushopt, avx512_vbmi2, avx512_vbmi, hv
Processor Information for all 16 processors :
  Max Mhz: 3801, Current Mhz: 3801, Mhz Limit: 3801

Memory: 4k page, system-wide physical 15654M (6039M free)
TotalPageFile size 15654M (AvailPageFile size 194M)
current process WorkingSet (physical memory assigned to process): 11M, peak: 11M
current process commit charge ("private bytes"): 70M, peak: 316M

vm_info: OpenJDK 64-Bit Server VM (17.0.10+0--11609105) for windows-amd64 JRE (17.0.10+0--11609105), built on Mar 21 2024 19:10:56 by "androidbuild" with MS VC++ 16.10 / 16.11 (VS2019)

END.
