#
# There is insufficient memory for the Java Runtime Environment to continue.
# Native memory allocation (malloc) failed to allocate 861056 bytes for Chunk::new
# Possible reasons:
#   The system is out of physical RAM or swap space
#   The process is running with CompressedOops enabled, and the Java Heap may be blocking the growth of the native heap
# Possible solutions:
#   Reduce memory load on the system
#   Increase physical memory or swap space
#   Check if swap backing store is full
#   Decrease Java heap size (-Xmx/-Xms)
#   Decrease number of Java threads
#   Decrease Java thread stack sizes (-Xss)
#   Set larger code cache with -XX:ReservedCodeCacheSize=
#   JVM is running with Unscaled Compressed Oops mode in which the Java heap is
#     placed in the first 4GB address space. The Java Heap base address is the
#     maximum limit for the native heap growth. Please use -XX:HeapBaseMinAddress
#     to set the Java Heap base and to place the Java Heap above 4GB virtual address.
# This output file may be truncated or incomplete.
#
#  Out of Memory Error (arena.cpp:191), pid=4616, tid=6944
#
# JRE version: OpenJDK Runtime Environment (17.0.10) (build 17.0.10+0--11572160)
# Java VM: OpenJDK 64-Bit Server VM (17.0.10+0--11572160, mixed mode, tiered, compressed oops, compressed class ptrs, g1 gc, windows-amd64)
# No core dump will be written. Minidumps are not enabled by default on client versions of Windows
#

---------------  S U M M A R Y ------------

Command Line: --add-opens=java.base/java.util=ALL-UNNAMED --add-opens=java.base/java.lang=ALL-UNNAMED --add-opens=java.base/java.lang.invoke=ALL-UNNAMED --add-opens=java.prefs/java.util.prefs=ALL-UNNAMED --add-opens=java.base/java.nio.charset=ALL-UNNAMED --add-opens=java.base/java.net=ALL-UNNAMED --add-opens=java.base/java.util.concurrent.atomic=ALL-UNNAMED -Xmx2048m -Dfile.encoding=UTF-8 -Duser.country=IN -Duser.language=en -Duser.variant -javaagent:C:\Users\Anurag\.gradle\wrapper\dists\gradle-8.6-bin\afr5mpiioh2wthjmwnkmdsd5w\gradle-8.6\lib\agents\gradle-instrumentation-agent-8.6.jar org.gradle.launcher.daemon.bootstrap.GradleDaemon 8.6

Host: AMD Ryzen 7 7840HS w/ Radeon 780M Graphics     , 16 cores, 15G,  Windows 11 , 64 bit Build 22621 (10.0.22621.3672)
Time: Fri Jun 21 19:46:45 2024 India Standard Time elapsed time: 6.179566 seconds (0d 0h 0m 6s)

---------------  T H R E A D  ---------------

Current thread (0x0000017cafe09710):  JavaThread "C2 CompilerThread4" daemon [_thread_in_native, id=6944, stack(0x0000007b58100000,0x0000007b58200000)]


Current CompileTask:
C2:   6179 5363       4       java.lang.String::split (327 bytes)

Stack: [0x0000007b58100000,0x0000007b58200000]
Native frames: (J=compiled Java code, j=interpreted, Vv=VM code, C=native code)
V  [jvm.dll+0x688e89]
V  [jvm.dll+0x84247a]
V  [jvm.dll+0x8440be]
V  [jvm.dll+0x844723]
V  [jvm.dll+0x24be0f]
V  [jvm.dll+0xac524]
V  [jvm.dll+0xacb6c]
V  [jvm.dll+0x2b342f]
V  [jvm.dll+0x5902b7]
V  [jvm.dll+0x226452]
V  [jvm.dll+0x22683f]
V  [jvm.dll+0x21f966]
V  [jvm.dll+0x21cdb1]
V  [jvm.dll+0x1a60ad]
V  [jvm.dll+0x22cd78]
V  [jvm.dll+0x22aeb0]
V  [jvm.dll+0x7f6917]
V  [jvm.dll+0x7f0d1a]
V  [jvm.dll+0x687d05]
C  [ucrtbase.dll+0x29333]
C  [KERNEL32.DLL+0x1257d]
C  [ntdll.dll+0x5af28]


---------------  P R O C E S S  ---------------

Threads class SMR info:
_java_thread_list=0x0000017cb0a31a30, length=47, elements={
0x0000017c8e40cae0, 0x0000017cad05fed0, 0x0000017cad060a90, 0x0000017cad0a5290,
0x0000017cad0a5e50, 0x0000017cad0a8f30, 0x0000017cad0ac510, 0x0000017cad0ad8d0,
0x0000017cad0bf2f0, 0x0000017cad0c2d30, 0x0000017cad25e150, 0x0000017cad28abe0,
0x0000017cad28b100, 0x0000017cad28da40, 0x0000017cad36c4f0, 0x0000017cad59c440,
0x0000017caefa7b30, 0x0000017caf1e8450, 0x0000017caefe7b40, 0x0000017caea53ca0,
0x0000017caeee0f60, 0x0000017caf4b0300, 0x0000017caf4b0810, 0x0000017caf4af8e0,
0x0000017caf4af3d0, 0x0000017caf4b1230, 0x0000017caf4ae4a0, 0x0000017caf4ae9b0,
0x0000017caf4b1740, 0x0000017caf4adf90, 0x0000017cb00a8330, 0x0000017cafefe390,
0x0000017cafefd970, 0x0000017cafefde80, 0x0000017cafefd460, 0x0000017cafefcf50,
0x0000017cafefc530, 0x0000017cafefbb10, 0x0000017cb1ae36c0, 0x0000017cafe09710,
0x0000017cb023b3f0, 0x0000017cb023b900, 0x0000017cb023dc70, 0x0000017cb0239fb0,
0x0000017cb023c830, 0x0000017cb0239080, 0x0000017cb02404f0
}

Java Threads: ( => current thread )
  0x0000017c8e40cae0 JavaThread "main" [_thread_blocked, id=5996, stack(0x0000007b54500000,0x0000007b54600000)]
  0x0000017cad05fed0 JavaThread "Reference Handler" daemon [_thread_blocked, id=14772, stack(0x0000007b54c00000,0x0000007b54d00000)]
  0x0000017cad060a90 JavaThread "Finalizer" daemon [_thread_blocked, id=8364, stack(0x0000007b54d00000,0x0000007b54e00000)]
  0x0000017cad0a5290 JavaThread "Signal Dispatcher" daemon [_thread_blocked, id=14272, stack(0x0000007b54e00000,0x0000007b54f00000)]
  0x0000017cad0a5e50 JavaThread "Attach Listener" daemon [_thread_blocked, id=2956, stack(0x0000007b54f00000,0x0000007b55000000)]
  0x0000017cad0a8f30 JavaThread "Service Thread" daemon [_thread_blocked, id=7244, stack(0x0000007b55000000,0x0000007b55100000)]
  0x0000017cad0ac510 JavaThread "Monitor Deflation Thread" daemon [_thread_blocked, id=13376, stack(0x0000007b55100000,0x0000007b55200000)]
  0x0000017cad0ad8d0 JavaThread "C2 CompilerThread0" daemon [_thread_blocked, id=8936, stack(0x0000007b55200000,0x0000007b55300000)]
  0x0000017cad0bf2f0 JavaThread "C1 CompilerThread0" daemon [_thread_blocked, id=13772, stack(0x0000007b55300000,0x0000007b55400000)]
  0x0000017cad0c2d30 JavaThread "Sweeper thread" daemon [_thread_blocked, id=16204, stack(0x0000007b55400000,0x0000007b55500000)]
  0x0000017cad25e150 JavaThread "Common-Cleaner" daemon [_thread_blocked, id=15088, stack(0x0000007b55500000,0x0000007b55600000)]
  0x0000017cad28abe0 JavaThread "C1 CompilerThread1" daemon [_thread_blocked, id=10160, stack(0x0000007b55600000,0x0000007b55700000)]
  0x0000017cad28b100 JavaThread "C1 CompilerThread2" daemon [_thread_blocked, id=14352, stack(0x0000007b55700000,0x0000007b55800000)]
  0x0000017cad28da40 JavaThread "C1 CompilerThread3" daemon [_thread_blocked, id=5124, stack(0x0000007b55800000,0x0000007b55900000)]
  0x0000017cad36c4f0 JavaThread "Notification Thread" daemon [_thread_blocked, id=12932, stack(0x0000007b55900000,0x0000007b55a00000)]
  0x0000017cad59c440 JavaThread "C2 CompilerThread1" daemon [_thread_blocked, id=3048, stack(0x0000007b55b00000,0x0000007b55c00000)]
  0x0000017caefa7b30 JavaThread "Daemon health stats" [_thread_blocked, id=6276, stack(0x0000007b56200000,0x0000007b56300000)]
  0x0000017caf1e8450 JavaThread "Incoming local TCP Connector on port 49251" [_thread_in_native, id=16056, stack(0x0000007b56100000,0x0000007b56200000)]
  0x0000017caefe7b40 JavaThread "Daemon periodic checks" [_thread_blocked, id=1888, stack(0x0000007b56300000,0x0000007b56400000)]
  0x0000017caea53ca0 JavaThread "Daemon" [_thread_blocked, id=7704, stack(0x0000007b56400000,0x0000007b56500000)]
  0x0000017caeee0f60 JavaThread "Handler for socket connection from /127.0.0.1:49251 to /127.0.0.1:49252" [_thread_in_native, id=4828, stack(0x0000007b56500000,0x0000007b56600000)]
  0x0000017caf4b0300 JavaThread "Cancel handler" [_thread_blocked, id=8804, stack(0x0000007b56600000,0x0000007b56700000)]
  0x0000017caf4b0810 JavaThread "Daemon worker" [_thread_in_Java, id=11244, stack(0x0000007b56700000,0x0000007b56800000)]
  0x0000017caf4af8e0 JavaThread "Asynchronous log dispatcher for DefaultDaemonConnection: socket connection from /127.0.0.1:49251 to /127.0.0.1:49252" [_thread_blocked, id=3880, stack(0x0000007b56800000,0x0000007b56900000)]
  0x0000017caf4af3d0 JavaThread "Stdin handler" [_thread_blocked, id=14804, stack(0x0000007b56900000,0x0000007b56a00000)]
  0x0000017caf4b1230 JavaThread "Daemon client event forwarder" [_thread_blocked, id=16340, stack(0x0000007b56a00000,0x0000007b56b00000)]
  0x0000017caf4ae4a0 JavaThread "Cache worker for journal cache (C:\Users\Anurag\.gradle\caches\journal-1)" [_thread_blocked, id=10712, stack(0x0000007b57500000,0x0000007b57600000)]
  0x0000017caf4ae9b0 JavaThread "File lock request listener" [_thread_in_native, id=14412, stack(0x0000007b57600000,0x0000007b57700000)]
  0x0000017caf4b1740 JavaThread "Cache worker for file hash cache (C:\Users\Anurag\.gradle\caches\8.6\fileHashes)" [_thread_blocked, id=15316, stack(0x0000007b57700000,0x0000007b57800000)]
  0x0000017caf4adf90 JavaThread "File lock release action executor" [_thread_blocked, id=6888, stack(0x0000007b55c00000,0x0000007b55d00000)]
  0x0000017cb00a8330 JavaThread "C2 CompilerThread2" daemon [_thread_in_native, id=16804, stack(0x0000007b57800000,0x0000007b57900000)]
  0x0000017cafefe390 JavaThread "File watcher server" daemon [_thread_in_native, id=10836, stack(0x0000007b57a00000,0x0000007b57b00000)]
  0x0000017cafefd970 JavaThread "File watcher consumer" daemon [_thread_blocked, id=7924, stack(0x0000007b57b00000,0x0000007b57c00000)]
  0x0000017cafefde80 JavaThread "Cache worker for checksums cache (C:\Users\Anurag\StudioProjects\Healthify\.gradle\8.6\checksums)" [_thread_blocked, id=15024, stack(0x0000007b57c00000,0x0000007b57d00000)]
  0x0000017cafefd460 JavaThread "Cache worker for file hash cache (C:\Users\Anurag\StudioProjects\Healthify\.gradle\8.6\fileHashes)" [_thread_blocked, id=11800, stack(0x0000007b57d00000,0x0000007b57e00000)]
  0x0000017cafefcf50 JavaThread "Cache worker for cache directory md-supplier (C:\Users\Anurag\.gradle\caches\8.6\md-supplier)" [_thread_blocked, id=5140, stack(0x0000007b57e00000,0x0000007b57f00000)]
  0x0000017cafefc530 JavaThread "Cache worker for cache directory md-rule (C:\Users\Anurag\.gradle\caches\8.6\md-rule)" [_thread_blocked, id=2632, stack(0x0000007b57f00000,0x0000007b58000000)]
  0x0000017cafefbb10 JavaThread "Cache worker for file content cache (C:\Users\Anurag\.gradle\caches\8.6\fileContent)" [_thread_blocked, id=16948, stack(0x0000007b57900000,0x0000007b57a00000)]
  0x0000017cb1ae36c0 JavaThread "C2 CompilerThread3" daemon [_thread_in_native, id=6556, stack(0x0000007b58000000,0x0000007b58100000)]
=>0x0000017cafe09710 JavaThread "C2 CompilerThread4" daemon [_thread_in_native, id=6944, stack(0x0000007b58100000,0x0000007b58200000)]
  0x0000017cb023b3f0 JavaThread "jar transforms" [_thread_blocked, id=8028, stack(0x0000007b58300000,0x0000007b58400000)]
  0x0000017cb023b900 JavaThread "jar transforms Thread 2" [_thread_blocked, id=3832, stack(0x0000007b58400000,0x0000007b58500000)]
  0x0000017cb023dc70 JavaThread "jar transforms Thread 3" [_thread_blocked, id=9348, stack(0x0000007b58200000,0x0000007b58300000)]
  0x0000017cb0239fb0 JavaThread "jar transforms Thread 4" [_thread_blocked, id=15036, stack(0x0000007b58500000,0x0000007b58600000)]
  0x0000017cb023c830 JavaThread "Cache worker for Build Output Cleanup Cache (C:\Users\Anurag\StudioProjects\Healthify\.gradle\buildOutputCleanup)" [_thread_blocked, id=16880, stack(0x0000007b58600000,0x0000007b58700000)]
  0x0000017cb0239080 JavaThread "jar transforms Thread 5" [_thread_blocked, id=3152, stack(0x0000007b58700000,0x0000007b58800000)]
  0x0000017cb02404f0 JavaThread "jar transforms Thread 6" [_thread_blocked, id=11464, stack(0x0000007b58800000,0x0000007b58900000)]

Other Threads:
  0x0000017cad00d180 VMThread "VM Thread" [stack: 0x0000007b54b00000,0x0000007b54c00000] [id=4872]
  0x0000017cad3d0cb0 WatcherThread [stack: 0x0000007b55a00000,0x0000007b55b00000] [id=15380]
  0x0000017c8e468c50 GCTaskThread "GC Thread#0" [stack: 0x0000007b54600000,0x0000007b54700000] [id=14212]
  0x0000017cae4e0590 GCTaskThread "GC Thread#1" [stack: 0x0000007b55d00000,0x0000007b55e00000] [id=11788]
  0x0000017cae842820 GCTaskThread "GC Thread#2" [stack: 0x0000007b55e00000,0x0000007b55f00000] [id=6980]
  0x0000017caecc6a70 GCTaskThread "GC Thread#3" [stack: 0x0000007b55f00000,0x0000007b56000000] [id=5724]
  0x0000017cadba6040 GCTaskThread "GC Thread#4" [stack: 0x0000007b56000000,0x0000007b56100000] [id=4040]
  0x0000017caf206c70 GCTaskThread "GC Thread#5" [stack: 0x0000007b56b00000,0x0000007b56c00000] [id=16928]
  0x0000017caf71e030 GCTaskThread "GC Thread#6" [stack: 0x0000007b56c00000,0x0000007b56d00000] [id=13500]
  0x0000017caf4cb960 GCTaskThread "GC Thread#7" [stack: 0x0000007b56d00000,0x0000007b56e00000] [id=5128]
  0x0000017cad80be80 GCTaskThread "GC Thread#8" [stack: 0x0000007b56e00000,0x0000007b56f00000] [id=16164]
  0x0000017cae92f4d0 GCTaskThread "GC Thread#9" [stack: 0x0000007b56f00000,0x0000007b57000000] [id=12904]
  0x0000017caf7ec8d0 GCTaskThread "GC Thread#10" [stack: 0x0000007b57000000,0x0000007b57100000] [id=1372]
  0x0000017cafae77c0 GCTaskThread "GC Thread#11" [stack: 0x0000007b57100000,0x0000007b57200000] [id=14984]
  0x0000017caf9304e0 GCTaskThread "GC Thread#12" [stack: 0x0000007b57200000,0x0000007b57300000] [id=12400]
  0x0000017c8e479ba0 ConcurrentGCThread "G1 Main Marker" [stack: 0x0000007b54700000,0x0000007b54800000] [id=10936]
  0x0000017c8e47a5c0 ConcurrentGCThread "G1 Conc#0" [stack: 0x0000007b54800000,0x0000007b54900000] [id=9496]
  0x0000017caf932060 ConcurrentGCThread "G1 Conc#1" [stack: 0x0000007b57300000,0x0000007b57400000] [id=15628]
  0x0000017caf930a60 ConcurrentGCThread "G1 Conc#2" [stack: 0x0000007b57400000,0x0000007b57500000] [id=7904]
  0x0000017ca8cb26c0 ConcurrentGCThread "G1 Refine#0" [stack: 0x0000007b54900000,0x0000007b54a00000] [id=16860]
  0x0000017ca8cb30f0 ConcurrentGCThread "G1 Service" [stack: 0x0000007b54a00000,0x0000007b54b00000] [id=1632]

Threads with active compile tasks:
C1 CompilerThread2     6193 5414       3       java.util.stream.Collectors$$Lambda$405/0x00000001004650d0::accept (12 bytes)
C2 CompilerThread2     6193 5357       4       java.util.regex.Pattern::compile (500 bytes)
C2 CompilerThread3     6193 5382   !   4       java.net.URLClassLoader::defineClass (224 bytes)
C2 CompilerThread4     6193 5363       4       java.lang.String::split (327 bytes)

VM state: not at safepoint (normal execution)

VM Mutex/Monitor currently owned by a thread: None

Heap address: 0x0000000080000000, size: 2048 MB, Compressed Oops mode: 32-bit

CDS archive(s) not mapped
Compressed class space mapped at: 0x0000000100000000-0x0000000140000000, reserved size: 1073741824
Narrow klass base: 0x0000000000000000, Narrow klass shift: 3, Narrow klass range: 0x140000000

GC Precious Log:
 CPUs: 16 total, 16 available
 Memory: 15654M
 Large Page Support: Disabled
 NUMA Support: Disabled
 Compressed Oops: Enabled (32-bit)
 Heap Region Size: 1M
 Heap Min Capacity: 8M
 Heap Initial Capacity: 246M
 Heap Max Capacity: 2G
 Pre-touch: Disabled
 Parallel Workers: 13
 Concurrent Workers: 3
 Concurrent Refinement Workers: 13
 Periodic GC: Disabled

Heap:
 garbage-first heap   total 86016K, used 55538K [0x0000000080000000, 0x0000000100000000)
  region size 1024K, 23 young (23552K), 3 survivors (3072K)
 Metaspace       used 55462K, committed 56000K, reserved 1114112K
  class space    used 7616K, committed 7872K, reserved 1048576K

Heap Regions: E=young(eden), S=young(survivor), O=old, HS=humongous(starts), HC=humongous(continues), CS=collection set, F=free, OA=open archive, CA=closed archive, TAMS=top-at-mark-start (previous, next)
|   0|0x0000000080000000, 0x0000000080100000, 0x0000000080100000|100%|HS|  |TAMS 0x0000000080100000, 0x0000000080100000| Complete 
|   1|0x0000000080100000, 0x0000000080200000, 0x0000000080200000|100%|HC|  |TAMS 0x0000000080200000, 0x0000000080200000| Complete 
|   2|0x0000000080200000, 0x0000000080300000, 0x0000000080300000|100%|HC|  |TAMS 0x0000000080300000, 0x0000000080300000| Complete 
|   3|0x0000000080300000, 0x0000000080400000, 0x0000000080400000|100%|HC|  |TAMS 0x0000000080400000, 0x0000000080400000| Complete 
|   4|0x0000000080400000, 0x0000000080500000, 0x0000000080500000|100%| O|  |TAMS 0x0000000080500000, 0x0000000080500000| Untracked 
|   5|0x0000000080500000, 0x0000000080600000, 0x0000000080600000|100%| O|  |TAMS 0x0000000080600000, 0x0000000080600000| Untracked 
|   6|0x0000000080600000, 0x0000000080700000, 0x0000000080700000|100%| O|  |TAMS 0x0000000080700000, 0x0000000080700000| Untracked 
|   7|0x0000000080700000, 0x0000000080800000, 0x0000000080800000|100%| O|  |TAMS 0x0000000080800000, 0x0000000080800000| Untracked 
|   8|0x0000000080800000, 0x0000000080900000, 0x0000000080900000|100%| O|  |TAMS 0x0000000080900000, 0x0000000080900000| Untracked 
|   9|0x0000000080900000, 0x0000000080a00000, 0x0000000080a00000|100%| O|  |TAMS 0x0000000080a00000, 0x0000000080a00000| Untracked 
|  10|0x0000000080a00000, 0x0000000080a50600, 0x0000000080b00000| 31%| O|  |TAMS 0x0000000080a50600, 0x0000000080a50600| Untracked 
|  11|0x0000000080b00000, 0x0000000080c00000, 0x0000000080c00000|100%| O|  |TAMS 0x0000000080c00000, 0x0000000080c00000| Untracked 
|  12|0x0000000080c00000, 0x0000000080d00000, 0x0000000080d00000|100%| O|  |TAMS 0x0000000080d00000, 0x0000000080d00000| Untracked 
|  13|0x0000000080d00000, 0x0000000080e00000, 0x0000000080e00000|100%| O|  |TAMS 0x0000000080e00000, 0x0000000080e00000| Untracked 
|  14|0x0000000080e00000, 0x0000000080f00000, 0x0000000080f00000|100%| O|  |TAMS 0x0000000080f00000, 0x0000000080f00000| Untracked 
|  15|0x0000000080f00000, 0x0000000081000000, 0x0000000081000000|100%| O|  |TAMS 0x0000000081000000, 0x0000000081000000| Untracked 
|  16|0x0000000081000000, 0x0000000081100000, 0x0000000081100000|100%| O|  |TAMS 0x0000000081100000, 0x0000000081100000| Untracked 
|  17|0x0000000081100000, 0x0000000081200000, 0x0000000081200000|100%| O|  |TAMS 0x0000000081200000, 0x0000000081200000| Untracked 
|  18|0x0000000081200000, 0x0000000081300000, 0x0000000081300000|100%| O|  |TAMS 0x0000000081300000, 0x0000000081300000| Untracked 
|  19|0x0000000081300000, 0x0000000081400000, 0x0000000081400000|100%| O|  |TAMS 0x0000000081400000, 0x0000000081400000| Untracked 
|  20|0x0000000081400000, 0x0000000081500000, 0x0000000081500000|100%| O|  |TAMS 0x0000000081500000, 0x0000000081500000| Untracked 
|  21|0x0000000081500000, 0x0000000081600000, 0x0000000081600000|100%| O|  |TAMS 0x0000000081600000, 0x0000000081600000| Untracked 
|  22|0x0000000081600000, 0x0000000081700000, 0x0000000081700000|100%| O|  |TAMS 0x0000000081700000, 0x0000000081700000| Untracked 
|  23|0x0000000081700000, 0x0000000081800000, 0x0000000081800000|100%| O|  |TAMS 0x0000000081800000, 0x0000000081800000| Untracked 
|  24|0x0000000081800000, 0x0000000081900000, 0x0000000081900000|100%| O|  |TAMS 0x0000000081900000, 0x0000000081900000| Untracked 
|  25|0x0000000081900000, 0x0000000081a00000, 0x0000000081a00000|100%| O|  |TAMS 0x0000000081a00000, 0x0000000081a00000| Untracked 
|  26|0x0000000081a00000, 0x0000000081b00000, 0x0000000081b00000|100%| O|  |TAMS 0x0000000081b00000, 0x0000000081b00000| Untracked 
|  27|0x0000000081b00000, 0x0000000081c00000, 0x0000000081c00000|100%| O|  |TAMS 0x0000000081c00000, 0x0000000081c00000| Untracked 
|  28|0x0000000081c00000, 0x0000000081d00000, 0x0000000081d00000|100%| O|  |TAMS 0x0000000081d00000, 0x0000000081d00000| Untracked 
|  29|0x0000000081d00000, 0x0000000081e00000, 0x0000000081e00000|100%| O|  |TAMS 0x0000000081e00000, 0x0000000081e00000| Untracked 
|  30|0x0000000081e00000, 0x0000000081f00000, 0x0000000081f00000|100%| O|  |TAMS 0x0000000081f00000, 0x0000000081f00000| Untracked 
|  31|0x0000000081f00000, 0x0000000082000000, 0x0000000082000000|100%| O|  |TAMS 0x0000000081fb6800, 0x0000000081fb6800| Untracked 
|  32|0x0000000082000000, 0x00000000820c2800, 0x0000000082100000| 75%| O|  |TAMS 0x0000000082000000, 0x0000000082000000| Untracked 
|  33|0x0000000082100000, 0x0000000082200000, 0x0000000082200000|100%|HS|  |TAMS 0x0000000082100000, 0x0000000082100000| Complete 
|  34|0x0000000082200000, 0x0000000082300000, 0x0000000082300000|100%|HS|  |TAMS 0x0000000082200000, 0x0000000082200000| Complete 
|  35|0x0000000082300000, 0x0000000082300000, 0x0000000082400000|  0%| F|  |TAMS 0x0000000082300000, 0x0000000082300000| Untracked 
|  36|0x0000000082400000, 0x0000000082400000, 0x0000000082500000|  0%| F|  |TAMS 0x0000000082400000, 0x0000000082400000| Untracked 
|  37|0x0000000082500000, 0x0000000082500000, 0x0000000082600000|  0%| F|  |TAMS 0x0000000082500000, 0x0000000082500000| Untracked 
|  38|0x0000000082600000, 0x0000000082600000, 0x0000000082700000|  0%| F|  |TAMS 0x0000000082600000, 0x0000000082600000| Untracked 
|  39|0x0000000082700000, 0x0000000082700000, 0x0000000082800000|  0%| F|  |TAMS 0x0000000082700000, 0x0000000082700000| Untracked 
|  40|0x0000000082800000, 0x0000000082800000, 0x0000000082900000|  0%| F|  |TAMS 0x0000000082800000, 0x0000000082800000| Untracked 
|  41|0x0000000082900000, 0x0000000082900000, 0x0000000082a00000|  0%| F|  |TAMS 0x0000000082900000, 0x0000000082900000| Untracked 
|  42|0x0000000082a00000, 0x0000000082a00000, 0x0000000082b00000|  0%| F|  |TAMS 0x0000000082a00000, 0x0000000082a00000| Untracked 
|  43|0x0000000082b00000, 0x0000000082b00000, 0x0000000082c00000|  0%| F|  |TAMS 0x0000000082b00000, 0x0000000082b00000| Untracked 
|  44|0x0000000082c00000, 0x0000000082c00000, 0x0000000082d00000|  0%| F|  |TAMS 0x0000000082c00000, 0x0000000082c00000| Untracked 
|  45|0x0000000082d00000, 0x0000000082d00000, 0x0000000082e00000|  0%| F|  |TAMS 0x0000000082d00000, 0x0000000082d00000| Untracked 
|  46|0x0000000082e00000, 0x0000000082e00000, 0x0000000082f00000|  0%| F|  |TAMS 0x0000000082e00000, 0x0000000082e00000| Untracked 
|  47|0x0000000082f00000, 0x0000000082f00000, 0x0000000083000000|  0%| F|  |TAMS 0x0000000082f00000, 0x0000000082f00000| Untracked 
|  48|0x0000000083000000, 0x0000000083000000, 0x0000000083100000|  0%| F|  |TAMS 0x0000000083000000, 0x0000000083000000| Untracked 
|  49|0x0000000083100000, 0x0000000083100000, 0x0000000083200000|  0%| F|  |TAMS 0x0000000083100000, 0x0000000083100000| Untracked 
|  50|0x0000000083200000, 0x0000000083200000, 0x0000000083300000|  0%| F|  |TAMS 0x0000000083200000, 0x0000000083200000| Untracked 
|  51|0x0000000083300000, 0x0000000083300000, 0x0000000083400000|  0%| F|  |TAMS 0x0000000083300000, 0x0000000083300000| Untracked 
|  52|0x0000000083400000, 0x0000000083400000, 0x0000000083500000|  0%| F|  |TAMS 0x0000000083400000, 0x0000000083400000| Untracked 
|  53|0x0000000083500000, 0x0000000083500000, 0x0000000083600000|  0%| F|  |TAMS 0x0000000083500000, 0x0000000083500000| Untracked 
|  54|0x0000000083600000, 0x0000000083600000, 0x0000000083700000|  0%| F|  |TAMS 0x0000000083600000, 0x0000000083600000| Untracked 
|  55|0x0000000083700000, 0x0000000083700000, 0x0000000083800000|  0%| F|  |TAMS 0x0000000083700000, 0x0000000083700000| Untracked 
|  56|0x0000000083800000, 0x0000000083800000, 0x0000000083900000|  0%| F|  |TAMS 0x0000000083800000, 0x0000000083800000| Untracked 
|  57|0x0000000083900000, 0x0000000083900000, 0x0000000083a00000|  0%| F|  |TAMS 0x0000000083900000, 0x0000000083900000| Untracked 
|  58|0x0000000083a00000, 0x0000000083a29b58, 0x0000000083b00000| 16%| S|CS|TAMS 0x0000000083a00000, 0x0000000083a00000| Complete 
|  59|0x0000000083b00000, 0x0000000083c00000, 0x0000000083c00000|100%| S|CS|TAMS 0x0000000083b00000, 0x0000000083b00000| Complete 
|  60|0x0000000083c00000, 0x0000000083c00000, 0x0000000083d00000|  0%| F|  |TAMS 0x0000000083c00000, 0x0000000083c00000| Untracked 
|  61|0x0000000083d00000, 0x0000000083d00000, 0x0000000083e00000|  0%| F|  |TAMS 0x0000000083d00000, 0x0000000083d00000| Untracked 
|  62|0x0000000083e00000, 0x0000000083e00000, 0x0000000083f00000|  0%| F|  |TAMS 0x0000000083e00000, 0x0000000083e00000| Untracked 
|  63|0x0000000083f00000, 0x0000000084000000, 0x0000000084000000|100%| E|  |TAMS 0x0000000083f00000, 0x0000000083f00000| Complete 
|  64|0x0000000084000000, 0x0000000084100000, 0x0000000084100000|100%| E|CS|TAMS 0x0000000084000000, 0x0000000084000000| Complete 
|  65|0x0000000084100000, 0x0000000084200000, 0x0000000084200000|100%| E|CS|TAMS 0x0000000084100000, 0x0000000084100000| Complete 
|  66|0x0000000084200000, 0x0000000084300000, 0x0000000084300000|100%| E|CS|TAMS 0x0000000084200000, 0x0000000084200000| Complete 
|  67|0x0000000084300000, 0x0000000084400000, 0x0000000084400000|100%| E|CS|TAMS 0x0000000084300000, 0x0000000084300000| Complete 
|  68|0x0000000084400000, 0x0000000084500000, 0x0000000084500000|100%| E|CS|TAMS 0x0000000084400000, 0x0000000084400000| Complete 
|  69|0x0000000084500000, 0x0000000084600000, 0x0000000084600000|100%| E|CS|TAMS 0x0000000084500000, 0x0000000084500000| Complete 
|  70|0x0000000084600000, 0x0000000084700000, 0x0000000084700000|100%| E|CS|TAMS 0x0000000084600000, 0x0000000084600000| Complete 
|  71|0x0000000084700000, 0x0000000084800000, 0x0000000084800000|100%| E|CS|TAMS 0x0000000084700000, 0x0000000084700000| Complete 
|  72|0x0000000084800000, 0x0000000084900000, 0x0000000084900000|100%| E|CS|TAMS 0x0000000084800000, 0x0000000084800000| Complete 
|  73|0x0000000084900000, 0x0000000084a00000, 0x0000000084a00000|100%| E|CS|TAMS 0x0000000084900000, 0x0000000084900000| Complete 
| 187|0x000000008bb00000, 0x000000008bc00000, 0x000000008bc00000|100%| S|CS|TAMS 0x000000008bb00000, 0x000000008bb00000| Complete 
| 188|0x000000008bc00000, 0x000000008bd00000, 0x000000008bd00000|100%| E|CS|TAMS 0x000000008bc00000, 0x000000008bc00000| Complete 
| 189|0x000000008bd00000, 0x000000008be00000, 0x000000008be00000|100%| E|CS|TAMS 0x000000008bd00000, 0x000000008bd00000| Complete 
| 190|0x000000008be00000, 0x000000008bf00000, 0x000000008bf00000|100%| E|CS|TAMS 0x000000008be00000, 0x000000008be00000| Complete 
| 191|0x000000008bf00000, 0x000000008c000000, 0x000000008c000000|100%| E|  |TAMS 0x000000008bf00000, 0x000000008bf00000| Complete 
| 192|0x000000008c000000, 0x000000008c100000, 0x000000008c100000|100%| E|CS|TAMS 0x000000008c000000, 0x000000008c000000| Complete 
| 193|0x000000008c100000, 0x000000008c200000, 0x000000008c200000|100%| E|CS|TAMS 0x000000008c100000, 0x000000008c100000| Complete 
| 194|0x000000008c200000, 0x000000008c300000, 0x000000008c300000|100%| E|CS|TAMS 0x000000008c200000, 0x000000008c200000| Complete 
| 195|0x000000008c300000, 0x000000008c400000, 0x000000008c400000|100%| E|CS|TAMS 0x000000008c300000, 0x000000008c300000| Complete 
| 245|0x000000008f500000, 0x000000008f600000, 0x000000008f600000|100%| E|CS|TAMS 0x000000008f500000, 0x000000008f500000| Complete 

Card table byte_map: [0x0000017ca1570000,0x0000017ca1970000] _byte_map_base: 0x0000017ca1170000

Marking Bits (Prev, Next): (CMBitMap*) 0x0000017c8e4692b0, (CMBitMap*) 0x0000017c8e469270
 Prev Bits: [0x0000017ca3d70000, 0x0000017ca5d70000)
 Next Bits: [0x0000017ca1d70000, 0x0000017ca3d70000)

Polling page: 0x0000017c8dbc0000

Metaspace:

Usage:
  Non-class:     46.73 MB used.
      Class:      7.44 MB used.
       Both:     54.17 MB used.

Virtual space:
  Non-class space:       64.00 MB reserved,      47.00 MB ( 73%) committed,  1 nodes.
      Class space:        1.00 GB reserved,       7.69 MB ( <1%) committed,  1 nodes.
             Both:        1.06 GB reserved,      54.69 MB (  5%) committed. 

Chunk freelists:
   Non-Class:  141.00 KB
       Class:  8.35 MB
        Both:  8.49 MB

MaxMetaspaceSize: unlimited
CompressedClassSpaceSize: 1.00 GB
Initial GC threshold: 21.00 MB
Current GC threshold: 84.94 MB
CDS: off
MetaspaceReclaimPolicy: balanced
 - commit_granule_bytes: 65536.
 - commit_granule_words: 8192.
 - virtual_space_node_default_size: 8388608.
 - enlarge_chunks_in_place: 1.
 - new_chunks_are_fully_committed: 0.
 - uncommit_free_chunks: 1.
 - use_allocation_guard: 0.
 - handle_deallocations: 1.


Internal statistics:

num_allocs_failed_limit: 6.
num_arena_births: 608.
num_arena_deaths: 0.
num_vsnodes_births: 2.
num_vsnodes_deaths: 0.
num_space_committed: 875.
num_space_uncommitted: 0.
num_chunks_returned_to_freelist: 6.
num_chunks_taken_from_freelist: 2433.
num_chunk_merges: 6.
num_chunk_splits: 1610.
num_chunks_enlarged: 1098.
num_inconsistent_stats: 0.

CodeHeap 'non-profiled nmethods': size=119168Kb used=2382Kb max_used=2824Kb free=116785Kb
 bounds [0x0000017c99480000, 0x0000017c99750000, 0x0000017ca08e0000]
CodeHeap 'profiled nmethods': size=119104Kb used=9189Kb max_used=9189Kb free=109914Kb
 bounds [0x0000017c918e0000, 0x0000017c92200000, 0x0000017c98d30000]
CodeHeap 'non-nmethods': size=7488Kb used=3325Kb max_used=3368Kb free=4162Kb
 bounds [0x0000017c98d30000, 0x0000017c99080000, 0x0000017c99480000]
 total_blobs=5418 nmethods=4718 adapters=608
 compilation: enabled
              stopped_count=0, restarted_count=0
 full_count=0

Compilation events (20 events):
Event: 6.176 Thread 0x0000017cad28abe0 5394       3       java.lang.invoke.InvokerBytecodeGenerator::addMethod (725 bytes)
Event: 6.176 Thread 0x0000017cad28b100 5395       3       java.lang.invoke.InvokerBytecodeGenerator::methodPrologue (29 bytes)
Event: 6.176 Thread 0x0000017cad0bf2f0 nmethod 5392 0x0000017c91993d90 code [0x0000017c91993f20, 0x0000017c91994038]
Event: 6.176 Thread 0x0000017cad0bf2f0 5398       3       java.lang.invoke.InvokerBytecodeGenerator::clinit (282 bytes)
Event: 6.176 Thread 0x0000017cad28b100 nmethod 5395 0x0000017c920d8210 code [0x0000017c920d83e0, 0x0000017c920d8718]
Event: 6.176 Thread 0x0000017cad28b100 5396       3       java.lang.invoke.InvokerBytecodeGenerator::emitReturn (107 bytes)
Event: 6.177 Thread 0x0000017cad28da40 nmethod 5393 0x0000017c920d7510 code [0x0000017c920d7760, 0x0000017c920d7f18]
Event: 6.177 Thread 0x0000017cad28da40 5397       3       java.lang.invoke.InvokerBytecodeGenerator::methodEpilogue (17 bytes)
Event: 6.177 Thread 0x0000017cad28da40 nmethod 5397 0x0000017c920d6f90 code [0x0000017c920d7140, 0x0000017c920d73f8]
Event: 6.177 Thread 0x0000017cad28da40 5399       3       java.lang.invoke.InvokerBytecodeGenerator::bogusMethod (74 bytes)
Event: 6.177 Thread 0x0000017cad28b100 nmethod 5396 0x0000017c920d6690 code [0x0000017c920d6880, 0x0000017c920d6d38]
Event: 6.177 Thread 0x0000017cad28b100 5400   !   3       java.lang.invoke.InvokerBytecodeGenerator::toByteArray (18 bytes)
Event: 6.177 Thread 0x0000017cad28da40 nmethod 5399 0x0000017c920d6310 code [0x0000017c920d64a0, 0x0000017c920d65b8]
Event: 6.177 Thread 0x0000017cad28da40 5401       3       java.lang.invoke.InvokerBytecodeGenerator::maybeDump (15 bytes)
Event: 6.177 Thread 0x0000017cad28da40 nmethod 5401 0x0000017c920d5f90 code [0x0000017c920d6120, 0x0000017c920d6238]
Event: 6.177 Thread 0x0000017cad28da40 5402       3       java.lang.invoke.MethodHandleNatives::classData (17 bytes)
Event: 6.177 Thread 0x0000017cad28b100 nmethod 5400 0x0000017c920d5a10 code [0x0000017c920d5bc0, 0x0000017c920d5e18]
Event: 6.177 Thread 0x0000017cad28da40 nmethod 5402 0x0000017c920d5390 code [0x0000017c920d5560, 0x0000017c920d5898]
Event: 6.178 Thread 0x0000017cad0bf2f0 nmethod 5398 0x0000017c91a5fb90 code [0x0000017c91a5ffc0, 0x0000017c91a61cd8]
Event: 6.178 Thread 0x0000017cad28abe0 nmethod 5394 0x0000017c91a5c690 code [0x0000017c91a5cbc0, 0x0000017c91a5ef78]

GC Heap History (20 events):
Event: 2.618 GC heap before
{Heap before GC invocations=4 (full 0):
 garbage-first heap   total 71680K, used 51703K [0x0000000080000000, 0x0000000100000000)
  region size 1024K, 42 young (43008K), 9 survivors (9216K)
 Metaspace       used 26214K, committed 26496K, reserved 1114112K
  class space    used 3344K, committed 3456K, reserved 1048576K
}
Event: 2.624 GC heap after
{Heap after GC invocations=5 (full 0):
 garbage-first heap   total 71680K, used 20786K [0x0000000080000000, 0x0000000100000000)
  region size 1024K, 2 young (2048K), 2 survivors (2048K)
 Metaspace       used 26214K, committed 26496K, reserved 1114112K
  class space    used 3344K, committed 3456K, reserved 1048576K
}
Event: 3.285 GC heap before
{Heap before GC invocations=5 (full 0):
 garbage-first heap   total 71680K, used 49458K [0x0000000080000000, 0x0000000100000000)
  region size 1024K, 31 young (31744K), 2 survivors (2048K)
 Metaspace       used 30278K, committed 30592K, reserved 1114112K
  class space    used 4033K, committed 4160K, reserved 1048576K
}
Event: 3.286 GC heap after
{Heap after GC invocations=6 (full 0):
 garbage-first heap   total 71680K, used 22295K [0x0000000080000000, 0x0000000100000000)
  region size 1024K, 4 young (4096K), 4 survivors (4096K)
 Metaspace       used 30278K, committed 30592K, reserved 1114112K
  class space    used 4033K, committed 4160K, reserved 1048576K
}
Event: 3.693 GC heap before
{Heap before GC invocations=6 (full 0):
 garbage-first heap   total 71680K, used 50967K [0x0000000080000000, 0x0000000100000000)
  region size 1024K, 32 young (32768K), 4 survivors (4096K)
 Metaspace       used 33787K, committed 34176K, reserved 1114112K
  class space    used 4608K, committed 4800K, reserved 1048576K
}
Event: 3.695 GC heap after
{Heap after GC invocations=7 (full 0):
 garbage-first heap   total 71680K, used 23653K [0x0000000080000000, 0x0000000100000000)
  region size 1024K, 4 young (4096K), 4 survivors (4096K)
 Metaspace       used 33787K, committed 34176K, reserved 1114112K
  class space    used 4608K, committed 4800K, reserved 1048576K
}
Event: 3.880 GC heap before
{Heap before GC invocations=7 (full 0):
 garbage-first heap   total 71680K, used 32869K [0x0000000080000000, 0x0000000100000000)
  region size 1024K, 15 young (15360K), 4 survivors (4096K)
 Metaspace       used 35796K, committed 36096K, reserved 1114112K
  class space    used 4878K, committed 5056K, reserved 1048576K
}
Event: 3.882 GC heap after
{Heap after GC invocations=8 (full 0):
 garbage-first heap   total 71680K, used 24085K [0x0000000080000000, 0x0000000100000000)
  region size 1024K, 2 young (2048K), 2 survivors (2048K)
 Metaspace       used 35796K, committed 36096K, reserved 1114112K
  class space    used 4878K, committed 5056K, reserved 1048576K
}
Event: 4.255 GC heap before
{Heap before GC invocations=9 (full 0):
 garbage-first heap   total 71680K, used 53781K [0x0000000080000000, 0x0000000100000000)
  region size 1024K, 32 young (32768K), 2 survivors (2048K)
 Metaspace       used 41036K, committed 41344K, reserved 1114112K
  class space    used 5418K, committed 5568K, reserved 1048576K
}
Event: 4.257 GC heap after
{Heap after GC invocations=10 (full 0):
 garbage-first heap   total 71680K, used 27871K [0x0000000080000000, 0x0000000100000000)
  region size 1024K, 4 young (4096K), 4 survivors (4096K)
 Metaspace       used 41036K, committed 41344K, reserved 1114112K
  class space    used 5418K, committed 5568K, reserved 1048576K
}
Event: 4.480 GC heap before
{Heap before GC invocations=10 (full 0):
 garbage-first heap   total 71680K, used 54495K [0x0000000080000000, 0x0000000100000000)
  region size 1024K, 31 young (31744K), 4 survivors (4096K)
 Metaspace       used 42153K, committed 42560K, reserved 1114112K
  class space    used 5599K, committed 5760K, reserved 1048576K
}
Event: 4.483 GC heap after
{Heap after GC invocations=11 (full 0):
 garbage-first heap   total 71680K, used 29928K [0x0000000080000000, 0x0000000100000000)
  region size 1024K, 2 young (2048K), 2 survivors (2048K)
 Metaspace       used 42153K, committed 42560K, reserved 1114112K
  class space    used 5599K, committed 5760K, reserved 1048576K
}
Event: 5.128 GC heap before
{Heap before GC invocations=11 (full 0):
 garbage-first heap   total 71680K, used 56552K [0x0000000080000000, 0x0000000100000000)
  region size 1024K, 28 young (28672K), 2 survivors (2048K)
 Metaspace       used 45505K, committed 46016K, reserved 1114112K
  class space    used 6161K, committed 6400K, reserved 1048576K
}
Event: 5.131 GC heap after
{Heap after GC invocations=12 (full 0):
 garbage-first heap   total 71680K, used 31970K [0x0000000080000000, 0x0000000100000000)
  region size 1024K, 4 young (4096K), 4 survivors (4096K)
 Metaspace       used 45505K, committed 46016K, reserved 1114112K
  class space    used 6161K, committed 6400K, reserved 1048576K
}
Event: 5.504 GC heap before
{Heap before GC invocations=12 (full 0):
 garbage-first heap   total 71680K, used 56546K [0x0000000080000000, 0x0000000100000000)
  region size 1024K, 28 young (28672K), 4 survivors (4096K)
 Metaspace       used 48629K, committed 49088K, reserved 1114112K
  class space    used 6642K, committed 6848K, reserved 1048576K
}
Event: 5.506 GC heap after
{Heap after GC invocations=13 (full 0):
 garbage-first heap   total 71680K, used 33229K [0x0000000080000000, 0x0000000100000000)
  region size 1024K, 2 young (2048K), 2 survivors (2048K)
 Metaspace       used 48629K, committed 49088K, reserved 1114112K
  class space    used 6642K, committed 6848K, reserved 1048576K
}
Event: 5.793 GC heap before
{Heap before GC invocations=13 (full 0):
 garbage-first heap   total 71680K, used 56781K [0x0000000080000000, 0x0000000100000000)
  region size 1024K, 25 young (25600K), 2 survivors (2048K)
 Metaspace       used 51593K, committed 52096K, reserved 1114112K
  class space    used 7129K, committed 7360K, reserved 1048576K
}
Event: 5.796 GC heap after
{Heap after GC invocations=14 (full 0):
 garbage-first heap   total 71680K, used 34395K [0x0000000080000000, 0x0000000100000000)
  region size 1024K, 3 young (3072K), 3 survivors (3072K)
 Metaspace       used 51593K, committed 52096K, reserved 1114112K
  class space    used 7129K, committed 7360K, reserved 1048576K
}
Event: 5.917 GC heap before
{Heap before GC invocations=15 (full 0):
 garbage-first heap   total 71680K, used 41563K [0x0000000080000000, 0x0000000100000000)
  region size 1024K, 12 young (12288K), 3 survivors (3072K)
 Metaspace       used 52480K, committed 52928K, reserved 1114112K
  class space    used 7278K, committed 7488K, reserved 1048576K
}
Event: 5.919 GC heap after
{Heap after GC invocations=16 (full 0):
 garbage-first heap   total 86016K, used 35058K [0x0000000080000000, 0x0000000100000000)
  region size 1024K, 3 young (3072K), 3 survivors (3072K)
 Metaspace       used 52480K, committed 52928K, reserved 1114112K
  class space    used 7278K, committed 7488K, reserved 1048576K
}

Dll operation events (3 events):
Event: 0.007 Loaded shared library C:\Program Files\Android\Android Studio\jbr\bin\java.dll
Event: 0.112 Loaded shared library C:\Program Files\Android\Android Studio\jbr\bin\zip.dll
Event: 0.344 Loaded shared library C:\Program Files\Android\Android Studio\jbr\bin\verify.dll

Deoptimization events (20 events):
Event: 6.088 Thread 0x0000017caf4b0810 Uncommon trap: trap_request=0xffffffc6 fr.pc=0x0000017c99607960 relative=0x0000000000000220
Event: 6.088 Thread 0x0000017caf4b0810 Uncommon trap: reason=bimorphic_or_optimized_type_check action=maybe_recompile pc=0x0000017c99607960 method=com.google.common.base.CharMatcher.indexIn(Ljava/lang/CharSequence;I)I @ 31 c2
Event: 6.088 Thread 0x0000017caf4b0810 DEOPT PACKING pc=0x0000017c99607960 sp=0x0000007b567f9630
Event: 6.088 Thread 0x0000017caf4b0810 DEOPT UNPACKING pc=0x0000017c98d8a1a3 sp=0x0000007b567f95d8 mode 2
Event: 6.090 Thread 0x0000017caf4b0810 Uncommon trap: trap_request=0xffffffc6 fr.pc=0x0000017c99607960 relative=0x0000000000000220
Event: 6.090 Thread 0x0000017caf4b0810 Uncommon trap: reason=bimorphic_or_optimized_type_check action=maybe_recompile pc=0x0000017c99607960 method=com.google.common.base.CharMatcher.indexIn(Ljava/lang/CharSequence;I)I @ 31 c2
Event: 6.090 Thread 0x0000017caf4b0810 DEOPT PACKING pc=0x0000017c99607960 sp=0x0000007b567f9630
Event: 6.090 Thread 0x0000017caf4b0810 DEOPT UNPACKING pc=0x0000017c98d8a1a3 sp=0x0000007b567f95d8 mode 2
Event: 6.094 Thread 0x0000017caf4b0810 Uncommon trap: trap_request=0xffffffc6 fr.pc=0x0000017c99607960 relative=0x0000000000000220
Event: 6.094 Thread 0x0000017caf4b0810 Uncommon trap: reason=bimorphic_or_optimized_type_check action=maybe_recompile pc=0x0000017c99607960 method=com.google.common.base.CharMatcher.indexIn(Ljava/lang/CharSequence;I)I @ 31 c2
Event: 6.094 Thread 0x0000017caf4b0810 DEOPT PACKING pc=0x0000017c99607960 sp=0x0000007b567f8f30
Event: 6.094 Thread 0x0000017caf4b0810 DEOPT UNPACKING pc=0x0000017c98d8a1a3 sp=0x0000007b567f8ed8 mode 2
Event: 6.120 Thread 0x0000017caf4b0810 Uncommon trap: trap_request=0xffffffc6 fr.pc=0x0000017c996b2ac4 relative=0x0000000000000644
Event: 6.120 Thread 0x0000017caf4b0810 Uncommon trap: reason=bimorphic_or_optimized_type_check action=maybe_recompile pc=0x0000017c996b2ac4 method=java.util.regex.Pattern$Slice.match(Ljava/util/regex/Matcher;ILjava/lang/CharSequence;)Z @ 75 c2
Event: 6.120 Thread 0x0000017caf4b0810 DEOPT PACKING pc=0x0000017c996b2ac4 sp=0x0000007b567f7c30
Event: 6.120 Thread 0x0000017caf4b0810 DEOPT UNPACKING pc=0x0000017c98d8a1a3 sp=0x0000007b567f7b48 mode 2
Event: 6.159 Thread 0x0000017caf4b0810 Uncommon trap: trap_request=0xffffffc6 fr.pc=0x0000017c996b2ac4 relative=0x0000000000000644
Event: 6.159 Thread 0x0000017caf4b0810 Uncommon trap: reason=bimorphic_or_optimized_type_check action=maybe_recompile pc=0x0000017c996b2ac4 method=java.util.regex.Pattern$Slice.match(Ljava/util/regex/Matcher;ILjava/lang/CharSequence;)Z @ 75 c2
Event: 6.159 Thread 0x0000017caf4b0810 DEOPT PACKING pc=0x0000017c996b2ac4 sp=0x0000007b567f73c0
Event: 6.159 Thread 0x0000017caf4b0810 DEOPT UNPACKING pc=0x0000017c98d8a1a3 sp=0x0000007b567f72d8 mode 2

Classes unloaded (0 events):
No events

Classes redefined (0 events):
No events

Internal exceptions (20 events):
Event: 5.828 Thread 0x0000017caf4b0810 Exception <a 'java/lang/NoSuchMethodError'{0x000000008c393a98}: 'long java.lang.invoke.DirectMethodHandle$Holder.invokeStatic(java.lang.Object, long)'> (0x000000008c393a98) 
thrown [s\src\hotspot\share\interpreter\linkResolver.cpp, line 771]
Event: 5.966 Thread 0x0000017caf4b0810 Exception <a 'java/lang/NoSuchMethodError'{0x000000008c27c938}: 'java.lang.Object java.lang.invoke.DirectMethodHandle$Holder.invokeSpecial(java.lang.Object, java.lang.Object, java.lang.Object, java.lang.Object, java.lang.Object, java.lang.Object, java.lang.Object, java.lang.Object, java.lang.Object, java.lang.Object, java.lang.Object, java.lang.Object, java.lang.Object, java.lang.Object, java.lang.Object, java.lang.Object, java.lang.Object, java.lang.Object, java.lang.Object, java.lang.Object, java.lang.Ob
Event: 5.966 Thread 0x0000017caf4b0810 Exception <a 'java/lang/NoSuchMethodError'{0x000000008c2a19c8}: 'java.lang.Object java.lang.invoke.DelegatingMethodHandle$Holder.reinvoke_L(java.lang.Object, java.lang.Object, java.lang.Object, java.lang.Object, java.lang.Object, java.lang.Object, java.lang.Object, java.lang.Object, java.lang.Object, java.lang.Object, java.lang.Object, java.lang.Object, java.lang.Object, java.lang.Object, java.lang.Object, java.lang.Object, java.lang.Object, java.lang.Object, java.lang.Object, java.lang.Object, java.lang.O
Event: 5.966 Thread 0x0000017caf4b0810 Exception <a 'java/lang/NoSuchMethodError'{0x000000008c2ad0e0}: 'java.lang.Object java.lang.invoke.Invokers$Holder.invoker(java.lang.Object, java.lang.Object, java.lang.Object, java.lang.Object, java.lang.Object, java.lang.Object, java.lang.Object, java.lang.Object, java.lang.Object, java.lang.Object, java.lang.Object, java.lang.Object, java.lang.Object, java.lang.Object, java.lang.Object, java.lang.Object, java.lang.Object, java.lang.Object, java.lang.Object, java.lang.Object, java.lang.Object, java.lang.
Event: 5.967 Thread 0x0000017caf4b0810 Exception <a 'java/lang/NoSuchMethodError'{0x000000008c2b3b40}: 'java.lang.Object java.lang.invoke.DelegatingMethodHandle$Holder.delegate(java.lang.Object, java.lang.Object, java.lang.Object, java.lang.Object, java.lang.Object, java.lang.Object, java.lang.Object, java.lang.Object, java.lang.Object, java.lang.Object, java.lang.Object, java.lang.Object, java.lang.Object, java.lang.Object, java.lang.Object, java.lang.Object, java.lang.Object, java.lang.Object, java.lang.Object, java.lang.Object, java.lang.Obj
Event: 5.972 Thread 0x0000017caf4b0810 Exception <a 'java/lang/NoSuchMethodError'{0x000000008c173ff8}: 'java.lang.Object java.lang.invoke.DirectMethodHandle$Holder.invokeStatic(java.lang.Object, java.lang.Object, java.lang.Object, java.lang.Object, java.lang.Object, java.lang.Object, java.lang.Object, java.lang.Object, java.lang.Object, java.lang.Object, java.lang.Object, java.lang.Object, java.lang.Object, java.lang.Object, java.lang.Object, java.lang.Object, java.lang.Object, java.lang.Object, java.lang.Object, java.lang.Object, java.lang.Obj
Event: 6.058 Thread 0x0000017caf4b0810 Exception <a 'java/lang/NoSuchMethodError'{0x00000000849df4b8}: static Lorg/gradle/api/internal/catalog/DefaultVersionCatalog;.<clinit>()V> (0x00000000849df4b8) 
thrown [s\src\hotspot\share\prims\jni.cpp, line 1108]
Event: 6.061 Thread 0x0000017caf4b0810 Exception <a 'java/lang/NoSuchMethodError'{0x000000008482dcc8}: static [Ljava/lang/Object;.<clinit>()V> (0x000000008482dcc8) 
thrown [s\src\hotspot\share\prims\jni.cpp, line 1108]
Event: 6.062 Thread 0x0000017caf4b0810 Exception <a 'java/lang/NoSuchMethodError'{0x0000000084852f88}: static Lorg/gradle/api/internal/catalog/DependencyModel;.<clinit>()V> (0x0000000084852f88) 
thrown [s\src\hotspot\share\prims\jni.cpp, line 1108]
Event: 6.062 Thread 0x0000017caf4b0810 Exception <a 'java/lang/NoSuchMethodError'{0x00000000848567e0}: static Lorg/gradle/api/internal/catalog/AbstractContextAwareModel;.<clinit>()V> (0x00000000848567e0) 
thrown [s\src\hotspot\share\prims\jni.cpp, line 1108]
Event: 6.063 Thread 0x0000017caf4b0810 Exception <a 'java/lang/NoSuchMethodError'{0x000000008486e358}: static Lorg/gradle/api/internal/artifacts/dependencies/AbstractVersionConstraint;.<clinit>()V> (0x000000008486e358) 
thrown [s\src\hotspot\share\prims\jni.cpp, line 1108]
Event: 6.067 Thread 0x0000017caf4b0810 Exception <a 'java/lang/NoSuchMethodError'{0x00000000848ca060}: static Lorg/gradle/api/internal/catalog/PluginModel;.<clinit>()V> (0x00000000848ca060) 
thrown [s\src\hotspot\share\prims\jni.cpp, line 1108]
Event: 6.068 Thread 0x0000017caf4b0810 Exception <a 'java/lang/NoSuchMethodError'{0x00000000848def18}: static Lorg/gradle/api/internal/catalog/VersionModel;.<clinit>()V> (0x00000000848def18) 
thrown [s\src\hotspot\share\prims\jni.cpp, line 1108]
Event: 6.071 Thread 0x0000017caf4b0810 Exception <a 'java/lang/NoSuchMethodError'{0x0000000084704000}: 'void java.lang.invoke.DirectMethodHandle$Holder.invokeSpecial(java.lang.Object, java.lang.Object, java.lang.Object, int)'> (0x0000000084704000) 
thrown [s\src\hotspot\share\interpreter\linkResolver.cpp, line 771]
Event: 6.130 Thread 0x0000017caf4b0810 Exception <a 'java/lang/NoSuchMethodError'{0x00000000844e3f28}: 'int java.lang.invoke.DirectMethodHandle$Holder.invokeSpecialIFC(java.lang.Object, java.lang.Object, java.lang.Object)'> (0x00000000844e3f28) 
thrown [s\src\hotspot\share\interpreter\linkResolver.cpp, line 771]
Event: 6.171 Thread 0x0000017caf4b0810 Exception <a 'java/lang/NoSuchMethodError'{0x000000008407e6b0}: 'java.lang.Object java.lang.invoke.DirectMethodHandle$Holder.newInvokeSpecial(java.lang.Object, java.lang.Object, java.lang.Object, java.lang.Object, java.lang.Object, int)'> (0x000000008407e6b0) 
thrown [s\src\hotspot\share\interpreter\linkResolver.cpp, line 771]
Event: 6.171 Thread 0x0000017caf4b0810 Exception <a 'java/lang/NoSuchMethodError'{0x0000000084083d00}: 'java.lang.Object java.lang.invoke.DirectMethodHandle$Holder.invokeSpecial(java.lang.Object, java.lang.Object, java.lang.Object, java.lang.Object, java.lang.Object, java.lang.Object, int)'> (0x0000000084083d00) 
thrown [s\src\hotspot\share\interpreter\linkResolver.cpp, line 771]
Event: 6.171 Thread 0x0000017caf4b0810 Exception <a 'java/lang/NoSuchMethodError'{0x0000000084088a98}: 'java.lang.Object java.lang.invoke.Invokers$Holder.linkToTargetMethod(java.lang.Object, java.lang.Object, java.lang.Object, java.lang.Object, int, java.lang.Object)'> (0x0000000084088a98) 
thrown [s\src\hotspot\share\interpreter\linkResolver.cpp, line 771]
Event: 6.174 Thread 0x0000017caf4b0810 Exception <a 'java/lang/NoSuchMethodError'{0x00000000840ba570}: 'java.lang.Object java.lang.invoke.DirectMethodHandle$Holder.invokeSpecial(java.lang.Object, java.lang.Object, java.lang.Object, java.lang.Object, java.lang.Object, long)'> (0x00000000840ba570) 
thrown [s\src\hotspot\share\interpreter\linkResolver.cpp, line 771]
Event: 6.176 Thread 0x0000017caf4b0810 Exception <a 'java/lang/NoSuchMethodError'{0x00000000840dc438}: 'void java.lang.invoke.DirectMethodHandle$Holder.invokeStatic(java.lang.Object, java.lang.Object, java.lang.Object, int, java.lang.Object)'> (0x00000000840dc438) 
thrown [s\src\hotspot\share\interpreter\linkResolver.cpp, line 771]

VM Operations (20 events):
Event: 5.504 Executing VM operation: G1CollectForAllocation
Event: 5.506 Executing VM operation: G1CollectForAllocation done
Event: 5.568 Executing VM operation: HandshakeAllThreads
Event: 5.568 Executing VM operation: HandshakeAllThreads done
Event: 5.607 Executing VM operation: HandshakeAllThreads
Event: 5.607 Executing VM operation: HandshakeAllThreads done
Event: 5.668 Executing VM operation: HandshakeAllThreads
Event: 5.668 Executing VM operation: HandshakeAllThreads done
Event: 5.674 Executing VM operation: ICBufferFull
Event: 5.674 Executing VM operation: ICBufferFull done
Event: 5.793 Executing VM operation: G1CollectForAllocation
Event: 5.796 Executing VM operation: G1CollectForAllocation done
Event: 5.810 Executing VM operation: G1PauseRemark
Event: 5.812 Executing VM operation: G1PauseRemark done
Event: 5.818 Executing VM operation: G1PauseCleanup
Event: 5.818 Executing VM operation: G1PauseCleanup done
Event: 5.917 Executing VM operation: G1TryInitiateConcMark
Event: 5.919 Executing VM operation: G1TryInitiateConcMark done
Event: 6.059 Executing VM operation: HandshakeAllThreads
Event: 6.059 Executing VM operation: HandshakeAllThreads done

Events (20 events):
Event: 6.074 loading class sun/util/logging/PlatformLogger$ConfigurableBridge$LoggerConfiguration done
Event: 6.074 loading class sun/util/logging/internal/LoggingProviderImpl$JULWrapper done
Event: 6.074 loading class java/io/ObjectInputFilter
Event: 6.074 loading class java/io/ObjectInputFilter done
Event: 6.075 loading class java/io/ObjectInputFilter$Config$BuiltinFilterFactory
Event: 6.075 loading class java/io/ObjectInputFilter$Config$BuiltinFilterFactory done
Event: 6.075 loading class jdk/internal/access/JavaObjectInputFilterAccess
Event: 6.075 loading class jdk/internal/access/JavaObjectInputFilterAccess done
Event: 6.075 loading class java/lang/System$Logger$Level
Event: 6.075 loading class java/lang/System$Logger$Level done
Event: 6.075 loading class jdk/internal/event/DeserializationEvent
Event: 6.075 loading class jdk/internal/event/DeserializationEvent done
Event: 6.075 loading class java/io/ObjectInputStream$FieldValues
Event: 6.076 loading class java/io/ObjectInputStream$GetField
Event: 6.076 loading class java/io/ObjectInputStream$GetField done
Event: 6.076 loading class java/io/ObjectInputStream$FieldValues done
Event: 6.080 loading class sun/reflect/ReflectionFactory
Event: 6.080 loading class sun/reflect/ReflectionFactory done
Event: 6.080 loading class sun/reflect/ReflectionFactory$1
Event: 6.080 loading class sun/reflect/ReflectionFactory$1 done


Dynamic libraries:
0x00007ff603680000 - 0x00007ff60368a000 	C:\Program Files\Android\Android Studio\jbr\bin\java.exe
0x00007ffe86170000 - 0x00007ffe86387000 	C:\WINDOWS\SYSTEM32\ntdll.dll
0x00007ffe842b0000 - 0x00007ffe84374000 	C:\WINDOWS\System32\KERNEL32.DLL
0x00007ffe83700000 - 0x00007ffe83aac000 	C:\WINDOWS\System32\KERNELBASE.dll
0x00007ffe83560000 - 0x00007ffe83671000 	C:\WINDOWS\System32\ucrtbase.dll
0x00007ffe7f970000 - 0x00007ffe7f98b000 	C:\Program Files\Android\Android Studio\jbr\bin\VCRUNTIME140.dll
0x00007ffe50020000 - 0x00007ffe50037000 	C:\Program Files\Android\Android Studio\jbr\bin\jli.dll
0x00007ffe84b60000 - 0x00007ffe84d0e000 	C:\WINDOWS\System32\USER32.dll
0x00007ffe83ab0000 - 0x00007ffe83ad6000 	C:\WINDOWS\System32\win32u.dll
0x00007ffe748a0000 - 0x00007ffe74b33000 	C:\WINDOWS\WinSxS\amd64_microsoft.windows.common-controls_6595b64144ccf1df_6.0.22621.3672_none_2713b9d173822955\COMCTL32.dll
0x00007ffe84820000 - 0x00007ffe848c7000 	C:\WINDOWS\System32\msvcrt.dll
0x00007ffe85680000 - 0x00007ffe856a9000 	C:\WINDOWS\System32\GDI32.dll
0x00007ffe83c50000 - 0x00007ffe83d69000 	C:\WINDOWS\System32\gdi32full.dll
0x00007ffe83da0000 - 0x00007ffe83e3a000 	C:\WINDOWS\System32\msvcp_win.dll
0x00007ffe84260000 - 0x00007ffe84291000 	C:\WINDOWS\System32\IMM32.DLL
0x00007ffe7f960000 - 0x00007ffe7f96c000 	C:\Program Files\Android\Android Studio\jbr\bin\vcruntime140_1.dll
0x00007ffe59290000 - 0x00007ffe5931d000 	C:\Program Files\Android\Android Studio\jbr\bin\msvcp140.dll
0x00007ffe006a0000 - 0x00007ffe01323000 	C:\Program Files\Android\Android Studio\jbr\bin\server\jvm.dll
0x00007ffe848d0000 - 0x00007ffe84982000 	C:\WINDOWS\System32\ADVAPI32.dll
0x00007ffe85140000 - 0x00007ffe851ea000 	C:\WINDOWS\System32\sechost.dll
0x00007ffe83d70000 - 0x00007ffe83d98000 	C:\WINDOWS\System32\bcrypt.dll
0x00007ffe86010000 - 0x00007ffe86125000 	C:\WINDOWS\System32\RPCRT4.dll
0x00007ffe832b0000 - 0x00007ffe832fd000 	C:\WINDOWS\SYSTEM32\POWRPROF.dll
0x00007ffe66db0000 - 0x00007ffe66db9000 	C:\WINDOWS\SYSTEM32\WSOCK32.dll
0x00007ffe7ec40000 - 0x00007ffe7ec74000 	C:\WINDOWS\SYSTEM32\WINMM.dll
0x00007ffe7c2a0000 - 0x00007ffe7c2aa000 	C:\WINDOWS\SYSTEM32\VERSION.dll
0x00007ffe83f60000 - 0x00007ffe83fd1000 	C:\WINDOWS\System32\WS2_32.dll
0x00007ffe83190000 - 0x00007ffe831a3000 	C:\WINDOWS\SYSTEM32\UMPDC.dll
0x00007ffe824a0000 - 0x00007ffe824b8000 	C:\WINDOWS\SYSTEM32\kernel.appcore.dll
0x00007ffe7eec0000 - 0x00007ffe7eeca000 	C:\Program Files\Android\Android Studio\jbr\bin\jimage.dll
0x00007ffe7ac80000 - 0x00007ffe7aeb2000 	C:\WINDOWS\SYSTEM32\DBGHELP.DLL
0x00007ffe851f0000 - 0x00007ffe85578000 	C:\WINDOWS\System32\combase.dll
0x00007ffe84ea0000 - 0x00007ffe84f77000 	C:\WINDOWS\System32\OLEAUT32.dll
0x00007ffe78c30000 - 0x00007ffe78c62000 	C:\WINDOWS\SYSTEM32\dbgcore.DLL
0x00007ffe83680000 - 0x00007ffe836fb000 	C:\WINDOWS\System32\bcryptPrimitives.dll
0x00007ffe80650000 - 0x00007ffe8065e000 	C:\Program Files\Android\Android Studio\jbr\bin\instrument.dll
0x00007ffe521c0000 - 0x00007ffe521e5000 	C:\Program Files\Android\Android Studio\jbr\bin\java.dll
0x00007ffe51420000 - 0x00007ffe51438000 	C:\Program Files\Android\Android Studio\jbr\bin\zip.dll
0x00007ffe856b0000 - 0x00007ffe85f0c000 	C:\WINDOWS\System32\SHELL32.dll
0x00007ffe813a0000 - 0x00007ffe81c97000 	C:\WINDOWS\SYSTEM32\windows.storage.dll
0x00007ffe81260000 - 0x00007ffe8139f000 	C:\WINDOWS\SYSTEM32\wintypes.dll
0x00007ffe85580000 - 0x00007ffe85674000 	C:\WINDOWS\System32\SHCORE.dll
0x00007ffe850e0000 - 0x00007ffe8513e000 	C:\WINDOWS\System32\shlwapi.dll
0x00007ffe833d0000 - 0x00007ffe833f1000 	C:\WINDOWS\SYSTEM32\profapi.dll
0x00007ffe50c10000 - 0x00007ffe50c29000 	C:\Program Files\Android\Android Studio\jbr\bin\net.dll
0x00007ffe800b0000 - 0x00007ffe801e6000 	C:\WINDOWS\SYSTEM32\WINHTTP.dll
0x00007ffe82920000 - 0x00007ffe82989000 	C:\WINDOWS\system32\mswsock.dll
0x00007ffe50340000 - 0x00007ffe50356000 	C:\Program Files\Android\Android Studio\jbr\bin\nio.dll
0x00007ffe7ec00000 - 0x00007ffe7ec10000 	C:\Program Files\Android\Android Studio\jbr\bin\verify.dll
0x00007ffe7f9b0000 - 0x00007ffe7f9d7000 	C:\Users\Anurag\.gradle\native\c067742578af261105cb4f569cf0c3c89f3d7b1fecec35dd04571415982c5e48\windows-amd64\native-platform.dll
0x00007ffe637c0000 - 0x00007ffe63904000 	C:\Users\Anurag\.gradle\native\38dada09dfb8b06ba9b0570ebf7e218e3eb74d4ef43ca46872605cf95ebc2f47\windows-amd64\native-platform-file-events.dll
0x00007ffe7b910000 - 0x00007ffe7b919000 	C:\Program Files\Android\Android Studio\jbr\bin\management.dll
0x00007ffe75b80000 - 0x00007ffe75b8b000 	C:\Program Files\Android\Android Studio\jbr\bin\management_ext.dll
0x00007ffe83ec0000 - 0x00007ffe83ec8000 	C:\WINDOWS\System32\PSAPI.DLL
0x00007ffe82bb0000 - 0x00007ffe82bcb000 	C:\WINDOWS\SYSTEM32\CRYPTSP.dll
0x00007ffe82400000 - 0x00007ffe82435000 	C:\WINDOWS\system32\rsaenh.dll
0x00007ffe82a40000 - 0x00007ffe82a68000 	C:\WINDOWS\SYSTEM32\USERENV.dll
0x00007ffe82ba0000 - 0x00007ffe82bac000 	C:\WINDOWS\SYSTEM32\CRYPTBASE.dll
0x00007ffe81f00000 - 0x00007ffe81f2d000 	C:\WINDOWS\SYSTEM32\IPHLPAPI.DLL
0x00007ffe84b50000 - 0x00007ffe84b59000 	C:\WINDOWS\System32\NSI.dll
0x00007ffe80070000 - 0x00007ffe80089000 	C:\WINDOWS\SYSTEM32\dhcpcsvc6.DLL
0x00007ffe80090000 - 0x00007ffe800af000 	C:\WINDOWS\SYSTEM32\dhcpcsvc.DLL
0x00007ffe81f30000 - 0x00007ffe82028000 	C:\WINDOWS\SYSTEM32\DNSAPI.dll
0x00007ffe7dbd0000 - 0x00007ffe7dbd9000 	C:\Program Files\Android\Android Studio\jbr\bin\extnet.dll
0x00007ffe80690000 - 0x00007ffe80698000 	C:\WINDOWS\system32\wshunix.dll

dbghelp: loaded successfully - version: 4.0.5 - missing functions: none
symbol engine: initialized successfully - sym options: 0x614 - pdb path: .;C:\Program Files\Android\Android Studio\jbr\bin;C:\WINDOWS\SYSTEM32;C:\WINDOWS\WinSxS\amd64_microsoft.windows.common-controls_6595b64144ccf1df_6.0.22621.3672_none_2713b9d173822955;C:\Program Files\Android\Android Studio\jbr\bin\server;C:\Users\Anurag\.gradle\native\c067742578af261105cb4f569cf0c3c89f3d7b1fecec35dd04571415982c5e48\windows-amd64;C:\Users\Anurag\.gradle\native\38dada09dfb8b06ba9b0570ebf7e218e3eb74d4ef43ca46872605cf95ebc2f47\windows-amd64

VM Arguments:
jvm_args: --add-opens=java.base/java.util=ALL-UNNAMED --add-opens=java.base/java.lang=ALL-UNNAMED --add-opens=java.base/java.lang.invoke=ALL-UNNAMED --add-opens=java.prefs/java.util.prefs=ALL-UNNAMED --add-opens=java.base/java.nio.charset=ALL-UNNAMED --add-opens=java.base/java.net=ALL-UNNAMED --add-opens=java.base/java.util.concurrent.atomic=ALL-UNNAMED -Xmx2048m -Dfile.encoding=UTF-8 -Duser.country=IN -Duser.language=en -Duser.variant -javaagent:C:\Users\Anurag\.gradle\wrapper\dists\gradle-8.6-bin\afr5mpiioh2wthjmwnkmdsd5w\gradle-8.6\lib\agents\gradle-instrumentation-agent-8.6.jar 
java_command: org.gradle.launcher.daemon.bootstrap.GradleDaemon 8.6
java_class_path (initial): C:\Users\Anurag\.gradle\wrapper\dists\gradle-8.6-bin\afr5mpiioh2wthjmwnkmdsd5w\gradle-8.6\lib\gradle-launcher-8.6.jar
Launcher Type: SUN_STANDARD

[Global flags]
     intx CICompilerCount                          = 12                                        {product} {ergonomic}
     uint ConcGCThreads                            = 3                                         {product} {ergonomic}
     uint G1ConcRefinementThreads                  = 13                                        {product} {ergonomic}
   size_t G1HeapRegionSize                         = 1048576                                   {product} {ergonomic}
    uintx GCDrainStackTargetSize                   = 64                                        {product} {ergonomic}
   size_t InitialHeapSize                          = 257949696                                 {product} {ergonomic}
   size_t MarkStackSize                            = 4194304                                   {product} {ergonomic}
   size_t MaxHeapSize                              = 2147483648                                {product} {command line}
   size_t MaxNewSize                               = 1287651328                                {product} {ergonomic}
   size_t MinHeapDeltaBytes                        = 1048576                                   {product} {ergonomic}
   size_t MinHeapSize                              = 8388608                                   {product} {ergonomic}
    uintx NonNMethodCodeHeapSize                   = 7602480                                {pd product} {ergonomic}
    uintx NonProfiledCodeHeapSize                  = 122027880                              {pd product} {ergonomic}
    uintx ProfiledCodeHeapSize                     = 122027880                              {pd product} {ergonomic}
    uintx ReservedCodeCacheSize                    = 251658240                              {pd product} {ergonomic}
     bool SegmentedCodeCache                       = true                                      {product} {ergonomic}
   size_t SoftMaxHeapSize                          = 2147483648                             {manageable} {ergonomic}
     bool UseCompressedClassPointers               = true                           {product lp64_product} {ergonomic}
     bool UseCompressedOops                        = true                           {product lp64_product} {ergonomic}
     bool UseG1GC                                  = true                                      {product} {ergonomic}
     bool UseLargePagesIndividualAllocation        = false                                  {pd product} {ergonomic}

Logging:
Log output configuration:
 #0: stdout all=warning uptime,level,tags
 #1: stderr all=off uptime,level,tags

Environment Variables:
JAVA_HOME=C:\Program Files\Java\jdk-22
PATH=C:\Program Files\Common Files\Oracle\Java\javapath;C:\windows\system32;C:\windows;C:\windows\System32\Wbem;C:\windows\System32\WindowsPowerShell\v1.0\;C:\windows\System32\OpenSSH\;C:\Program Files (x86)\NVIDIA Corporation\PhysX\Common;C:\Users\Administrator\AppData\Local\Microsoft\WindowsApps;C:\Windows;C:\Windows\System32;C:\Windows\System32\WindowsPowerShell\v1.0\;C:\Program Files\HP\OMEN-Broadcast\Common;C:\MinGW\bin;C:\Program Files\Git\cmd;C:\Program Files\Git\mingw64\bin;C:\Program Files\Git\usr\bin;C:\Users\Anurag\Downloads\flutter_windows_3.13.9-stable\flutter\bin;C:\Program Files\dotnet\;C:\WINDOWS\system32;C:\WINDOWS;C:\WINDOWS\System32\Wbem;C:\WINDOWS\System32\WindowsPowerShell\v1.0\;C:\WINDOWS\System32\OpenSSH\;C:\Program Files\Java\jdk-22\bin;C:\Program Files\nodejs\;C:\Users\Anurag\AppData\Local\Microsoft\WindowsApps;C:\Users\Anurag\AppData\Local\Programs\Microsoft VS Code\bin;C:\Users\Anurag\AppData\Local\GitHubDesktop\bin;C:\Users\Anurag\Downloads\flutter_windows_3.13.9-stable\flutter\bin;C:\Users\Anurag\.dotnet\tools;C:\Program Files\Java\jdk-22\bin;C:\Users\Anurag\AppData\Roaming\npm
USERNAME=Anurag
OS=Windows_NT
PROCESSOR_IDENTIFIER=AMD64 Family 25 Model 116 Stepping 1, AuthenticAMD
TMP=C:\Users\Anurag\AppData\Local\Temp
TEMP=C:\Users\Anurag\AppData\Local\Temp



Periodic native trim disabled

JNI global refs:
JNI global refs: 35, weak refs: 0

JNI global refs memory usage: 843, weak refs: 841

OOME stack traces (most recent first):
Classloader memory used:
Loader org.gradle.internal.classloader.VisitableURLClassLoader                         : 3376K
Loader bootstrap                                                                       : 2440K
Loader org.gradle.initialization.MixInLegacyTypesClassLoader                           : 990K
Loader jdk.internal.loader.ClassLoaders$PlatformClassLoader                            : 68641B
Loader jdk.internal.loader.ClassLoaders$AppClassLoader                                 : 28740B
Loader org.gradle.internal.classloader.VisitableURLClassLoader                         : 17158B
Loader jdk.internal.reflect.DelegatingClassLoader                                      : 15827B
Loader org.gradle.internal.classloader.VisitableURLClassLoader$InstrumentingVisitableURLClassLoader: 5041B

Classes loaded by more than one classloader:
Class Program                                                                         : loaded 3 times (x 70B)
Class org.gradle.internal.classpath.ClassPath                                         : loaded 2 times (x 68B)
Class org.gradle.api.internal.classpath.DefaultModuleRegistry                         : loaded 2 times (x 84B)
Class Settings_gradle$1$1                                                             : loaded 2 times (x 72B)
Class org.gradle.api.Action                                                           : loaded 2 times (x 68B)
Class org.gradle.api.internal.DefaultClassPathProvider                                : loaded 2 times (x 74B)
Class org.gradle.internal.installation.GradleInstallation$1                           : loaded 2 times (x 73B)
Class org.gradle.internal.classloader.FilteringClassLoader                            : loaded 2 times (x 103B)
Class org.gradle.internal.classpath.DefaultClassPath$ImmutableUniqueList$Builder      : loaded 2 times (x 73B)
Class org.gradle.internal.classloader.ClassLoaderVisitor                              : loaded 2 times (x 74B)
Class org.gradle.internal.service.DefaultServiceLocator                               : loaded 2 times (x 81B)
Class org.gradle.internal.service.UnknownServiceException                             : loaded 2 times (x 81B)
Class org.gradle.internal.classloader.DefaultClassLoaderFactory                       : loaded 2 times (x 80B)
Class org.gradle.internal.classloader.VisitableURLClassLoader$Spec                    : loaded 2 times (x 72B)
Class org.gradle.api.GradleException                                                  : loaded 2 times (x 80B)
Class org.gradle.api.internal.classpath.ModuleRegistry                                : loaded 2 times (x 68B)
Class org.gradle.api.internal.ClassPathProvider                                       : loaded 2 times (x 68B)
Class org.gradle.internal.classloader.ClasspathUtil$1                                 : loaded 2 times (x 74B)
Class org.gradle.internal.classloader.ClassLoaderFactory                              : loaded 2 times (x 68B)
Class org.gradle.api.internal.classpath.ManifestUtil                                  : loaded 2 times (x 69B)
Class org.gradle.api.specs.Spec                                                       : loaded 2 times (x 68B)
Class org.gradle.internal.IoActions                                                   : loaded 2 times (x 69B)
Class org.gradle.api.internal.classpath.EffectiveClassPath                            : loaded 2 times (x 88B)
Class org.gradle.internal.installation.CurrentGradleInstallation                      : loaded 2 times (x 71B)
Class org.gradle.internal.agents.InstrumentingClassLoader                             : loaded 2 times (x 68B)
Class org.gradle.internal.installation.CurrentGradleInstallationLocator               : loaded 2 times (x 69B)
Class org.gradle.api.internal.classpath.Module                                        : loaded 2 times (x 68B)
Class org.gradle.internal.service.CachingServiceLocator                               : loaded 2 times (x 80B)
Class org.gradle.internal.classpath.DefaultClassPath                                  : loaded 2 times (x 88B)
Class org.gradle.internal.classloader.SystemClassLoaderSpec                           : loaded 2 times (x 69B)
Class org.gradle.api.UncheckedIOException                                             : loaded 2 times (x 80B)
Class org.gradle.internal.installation.GradleInstallation                             : loaded 2 times (x 73B)
Class org.gradle.internal.classloader.ClasspathUtil                                   : loaded 2 times (x 69B)
Class org.gradle.api.internal.DefaultClassPathRegistry                                : loaded 2 times (x 74B)
Class org.gradle.api.internal.classpath.DefaultModuleRegistry$DefaultModule           : loaded 2 times (x 84B)
Class org.gradle.api.internal.classpath.UnknownModuleException                        : loaded 2 times (x 80B)
Class org.gradle.internal.service.ServiceLookupException                              : loaded 2 times (x 80B)
Class org.gradle.cache.GlobalCache                                                    : loaded 2 times (x 68B)
Class [Lorg.gradle.api.internal.ClassPathProvider;                                    : loaded 2 times (x 67B)
Class org.gradle.util.internal.GUtil                                                  : loaded 2 times (x 69B)
Class org.gradle.internal.classloader.ClassLoaderSpec                                 : loaded 2 times (x 69B)
Class org.gradle.internal.classloader.VisitableURLClassLoader                         : loaded 2 times (x 115B)
Class org.gradle.internal.Cast                                                        : loaded 2 times (x 69B)
Class org.gradle.api.internal.ClassPathRegistry                                       : loaded 2 times (x 68B)
Class org.gradle.internal.classloader.VisitableURLClassLoader$InstrumentingVisitableURLClassLoader: loaded 2 times (x 121B)
Class org.gradle.internal.classloader.ClassLoaderHierarchy                            : loaded 2 times (x 68B)
Class org.gradle.internal.InternalTransformer                                         : loaded 2 times (x 68B)
Class org.gradle.internal.service.ServiceLocator                                      : loaded 2 times (x 68B)
Class Settings_gradle$1                                                               : loaded 2 times (x 72B)
Class org.gradle.internal.classpath.DefaultClassPath$ImmutableUniqueList              : loaded 2 times (x 159B)
Class org.gradle.internal.classpath.TransformedClassPath                              : loaded 2 times (x 94B)
Class Settings_gradle                                                                 : loaded 2 times (x 126B)


---------------  S Y S T E M  ---------------

OS:
 Windows 11 , 64 bit Build 22621 (10.0.22621.3672)
OS uptime: 0 days 3:10 hours
Hyper-V role detected

CPU: total 16 (initial active 16) (16 cores per cpu, 2 threads per core) family 25 model 116 stepping 1 microcode 0x0, cx8, cmov, fxsr, ht, mmx, 3dnowpref, sse, sse2, sse3, ssse3, sse4a, sse4.1, sse4.2, popcnt, lzcnt, tsc, tscinvbit, avx, avx2, aes, erms, clmul, bmi1, bmi2, adx, avx512f, avx512dq, avx512cd, avx512bw, avx512vl, sha, fma, vzeroupper, avx512_vpopcntdq, avx512_vpclmulqdq, avx512_vaes, avx512_vnni, clflush, clflushopt, avx512_vbmi2, avx512_vbmi, hv
Processor Information for processor 0
  Max Mhz: 3801, Current Mhz: 2516, Mhz Limit: 3801
Processor Information for processor 1
  Max Mhz: 3801, Current Mhz: 2516, Mhz Limit: 3801
Processor Information for processor 2
  Max Mhz: 3801, Current Mhz: 3801, Mhz Limit: 3801
Processor Information for processor 3
  Max Mhz: 3801, Current Mhz: 2516, Mhz Limit: 3801
Processor Information for processor 4
  Max Mhz: 3801, Current Mhz: 3801, Mhz Limit: 3801
Processor Information for processor 5
  Max Mhz: 3801, Current Mhz: 2516, Mhz Limit: 3801
Processor Information for processor 6
  Max Mhz: 3801, Current Mhz: 3801, Mhz Limit: 3801
Processor Information for processor 7
  Max Mhz: 3801, Current Mhz: 2516, Mhz Limit: 3801
Processor Information for processor 8
  Max Mhz: 3801, Current Mhz: 2516, Mhz Limit: 3801
Processor Information for processor 9
  Max Mhz: 3801, Current Mhz: 3801, Mhz Limit: 3801
Processor Information for processor 10
  Max Mhz: 3801, Current Mhz: 2516, Mhz Limit: 3801
Processor Information for processor 11
  Max Mhz: 3801, Current Mhz: 3801, Mhz Limit: 3801
Processor Information for processor 12
  Max Mhz: 3801, Current Mhz: 2516, Mhz Limit: 3801
Processor Information for processor 13
  Max Mhz: 3801, Current Mhz: 2516, Mhz Limit: 3801
Processor Information for processor 14
  Max Mhz: 3801, Current Mhz: 2516, Mhz Limit: 3801
Processor Information for processor 15
  Max Mhz: 3801, Current Mhz: 2516, Mhz Limit: 3801

Memory: 4k page, system-wide physical 15654M (6524M free)
TotalPageFile size 15654M (AvailPageFile size 4M)
current process WorkingSet (physical memory assigned to process): 257M, peak: 266M
current process commit charge ("private bytes"): 304M, peak: 400M

vm_info: OpenJDK 64-Bit Server VM (17.0.10+0--11572160) for windows-amd64 JRE (17.0.10+0--11572160), built on Mar 13 2024 23:56:38 by "androidbuild" with MS VC++ 16.10 / 16.11 (VS2019)

END.
