#
# There is insufficient memory for the Java Runtime Environment to continue.
# Native memory allocation (mmap) failed to map 95420416 bytes for G1 virtual space
# Possible reasons:
#   The system is out of physical RAM or swap space
#   The process is running with CompressedOops enabled, and the Java Heap may be blocking the growth of the native heap
# Possible solutions:
#   Reduce memory load on the system
#   Increase physical memory or swap space
#   Check if swap backing store is full
#   Decrease Java heap size (-Xmx/-Xms)
#   Decrease number of Java threads
#   Decrease Java thread stack sizes (-Xss)
#   Set larger code cache with -XX:ReservedCodeCacheSize=
#   JVM is running with Unscaled Compressed Oops mode in which the Java heap is
#     placed in the first 4GB address space. The Java Heap base address is the
#     maximum limit for the native heap growth. Please use -XX:HeapBaseMinAddress
#     to set the Java Heap base and to place the Java Heap above 4GB virtual address.
# This output file may be truncated or incomplete.
#
#  Out of Memory Error (os_windows.cpp:3825), pid=5436, tid=16432
#
# JRE version: OpenJDK Runtime Environment (17.0.10) (build 17.0.10+0--11572160)
# Java VM: OpenJDK 64-Bit Server VM (17.0.10+0--11572160, mixed mode, tiered, compressed oops, compressed class ptrs, g1 gc, windows-amd64)
# No core dump will be written. Minidumps are not enabled by default on client versions of Windows
#

---------------  S U M M A R Y ------------

Command Line: --add-opens=java.base/java.util=ALL-UNNAMED --add-opens=java.base/java.lang=ALL-UNNAMED --add-opens=java.base/java.lang.invoke=ALL-UNNAMED --add-opens=java.prefs/java.util.prefs=ALL-UNNAMED --add-opens=java.base/java.nio.charset=ALL-UNNAMED --add-opens=java.base/java.net=ALL-UNNAMED --add-opens=java.base/java.util.concurrent.atomic=ALL-UNNAMED -Xmx2048m -Dfile.encoding=UTF-8 -Duser.country=IN -Duser.language=en -Duser.variant -javaagent:C:\Users\Anurag\.gradle\wrapper\dists\gradle-8.6-bin\afr5mpiioh2wthjmwnkmdsd5w\gradle-8.6\lib\agents\gradle-instrumentation-agent-8.6.jar org.gradle.launcher.daemon.bootstrap.GradleDaemon 8.6

Host: AMD Ryzen 7 7840HS w/ Radeon 780M Graphics     , 16 cores, 15G,  Windows 11 , 64 bit Build 22621 (10.0.22621.3672)
Time: Fri Jun 21 23:04:20 2024 India Standard Time elapsed time: 4.840836 seconds (0d 0h 0m 4s)

---------------  T H R E A D  ---------------

Current thread (0x000001aab757ed00):  VMThread "VM Thread" [stack: 0x0000008340f00000,0x0000008341000000] [id=16432]

Stack: [0x0000008340f00000,0x0000008341000000]
Native frames: (J=compiled Java code, j=interpreted, Vv=VM code, C=native code)
V  [jvm.dll+0x688e89]
V  [jvm.dll+0x84247a]
V  [jvm.dll+0x8440be]
V  [jvm.dll+0x844723]
V  [jvm.dll+0x24be0f]
V  [jvm.dll+0x685c59]
V  [jvm.dll+0x67a50a]
V  [jvm.dll+0x30cbab]
V  [jvm.dll+0x314056]
V  [jvm.dll+0x363dce]
V  [jvm.dll+0x363fff]
V  [jvm.dll+0x2e2978]
V  [jvm.dll+0x2e0b54]
V  [jvm.dll+0x2e015c]
V  [jvm.dll+0x32502b]
V  [jvm.dll+0x848e1b]
V  [jvm.dll+0x849b61]
V  [jvm.dll+0x84a07d]
V  [jvm.dll+0x84a454]
V  [jvm.dll+0x84a520]
V  [jvm.dll+0x7f0d1a]
V  [jvm.dll+0x687d05]
C  [ucrtbase.dll+0x29333]
C  [KERNEL32.DLL+0x1257d]
C  [ntdll.dll+0x5af28]

VM_Operation (0x0000008342df0f30): G1CollectForAllocation, mode: safepoint, requested by thread 0x000001aabc97d7c0


---------------  P R O C E S S  ---------------

Threads class SMR info:
_java_thread_list=0x000001aac047c980, length=64, elements={
0x000001aa9cb8e360, 0x000001aab7700280, 0x000001aab7700d50, 0x000001aab77496a0,
0x000001aab774a070, 0x000001aab774cb40, 0x000001aab774f510, 0x000001aab77502b0,
0x000001aab7751170, 0x000001aab7755070, 0x000001aab782d0f0, 0x000001aab780c510,
0x000001aab7a9e990, 0x000001aabc0b09e0, 0x000001aabc104000, 0x000001aabc164b40,
0x000001aabdcfc630, 0x000001aabe419df0, 0x000001aabe68bd80, 0x000001aabd3b5c60,
0x000001aabe447840, 0x000001aabe684020, 0x000001aabc97c380, 0x000001aabc97d7c0,
0x000001aabc97af40, 0x000001aabc97be70, 0x000001aabc97d2b0, 0x000001aabc97a520,
0x000001aabc97cda0, 0x000001aabc97a010, 0x000001aabc97c890, 0x000001aabc97aa30,
0x000001aabc97b450, 0x000001aabf1b4210, 0x000001aabf1b6070, 0x000001aabf1b9820,
0x000001aabf1b5b60, 0x000001aabeeaaec0, 0x000001aabeeab410, 0x000001aabeeaa420,
0x000001aabf1b8e00, 0x000001aabf1b4720, 0x000001aabf1b9310, 0x000001aabf1b4c30,
0x000001aabf1b6580, 0x000001aabf1b6a90, 0x000001aabf1b6fa0, 0x000001aabf1b83e0,
0x000001aabf1ba750, 0x000001aabf1b5650, 0x000001aabf1bac60, 0x000001aabf1b74b0,
0x000001aabf1bb170, 0x000001aabf1b5140, 0x000001aabf1bb680, 0x000001aabf1b79c0,
0x000001aabf1b7ed0, 0x000001aabf1b88f0, 0x000001aac09997c0, 0x000001aac099e3b0,
0x000001aac0999cd0, 0x000001aac099d480, 0x000001aac099a6f0, 0x000001aac099d990
}

Java Threads: ( => current thread )
  0x000001aa9cb8e360 JavaThread "main" [_thread_blocked, id=17132, stack(0x0000008340900000,0x0000008340a00000)]
  0x000001aab7700280 JavaThread "Reference Handler" daemon [_thread_blocked, id=1780, stack(0x0000008341000000,0x0000008341100000)]
  0x000001aab7700d50 JavaThread "Finalizer" daemon [_thread_blocked, id=8924, stack(0x0000008341100000,0x0000008341200000)]
  0x000001aab77496a0 JavaThread "Signal Dispatcher" daemon [_thread_blocked, id=11924, stack(0x0000008341200000,0x0000008341300000)]
  0x000001aab774a070 JavaThread "Attach Listener" daemon [_thread_blocked, id=9728, stack(0x0000008341300000,0x0000008341400000)]
  0x000001aab774cb40 JavaThread "Service Thread" daemon [_thread_blocked, id=11484, stack(0x0000008341400000,0x0000008341500000)]
  0x000001aab774f510 JavaThread "Monitor Deflation Thread" daemon [_thread_blocked, id=16324, stack(0x0000008341500000,0x0000008341600000)]
  0x000001aab77502b0 JavaThread "C2 CompilerThread0" daemon [_thread_blocked, id=1912, stack(0x0000008341600000,0x0000008341700000)]
  0x000001aab7751170 JavaThread "C1 CompilerThread0" daemon [_thread_blocked, id=16720, stack(0x0000008341700000,0x0000008341800000)]
  0x000001aab7755070 JavaThread "Sweeper thread" daemon [_thread_blocked, id=3376, stack(0x0000008341800000,0x0000008341900000)]
  0x000001aab782d0f0 JavaThread "Common-Cleaner" daemon [_thread_blocked, id=16436, stack(0x0000008341900000,0x0000008341a00000)]
  0x000001aab780c510 JavaThread "C1 CompilerThread1" daemon [_thread_blocked, id=15216, stack(0x0000008341a00000,0x0000008341b00000)]
  0x000001aab7a9e990 JavaThread "Notification Thread" daemon [_thread_blocked, id=13676, stack(0x0000008341b00000,0x0000008341c00000)]
  0x000001aabc0b09e0 JavaThread "C2 CompilerThread1" daemon [_thread_blocked, id=16108, stack(0x0000008341d00000,0x0000008341e00000)]
  0x000001aabc104000 JavaThread "C2 CompilerThread2" daemon [_thread_blocked, id=8624, stack(0x0000008341e00000,0x0000008341f00000)]
  0x000001aabc164b40 JavaThread "C1 CompilerThread2" daemon [_thread_blocked, id=12276, stack(0x0000008342100000,0x0000008342200000)]
  0x000001aabdcfc630 JavaThread "C1 CompilerThread3" daemon [_thread_blocked, id=2200, stack(0x0000008342200000,0x0000008342300000)]
  0x000001aabe419df0 JavaThread "Daemon health stats" [_thread_blocked, id=9992, stack(0x0000008342700000,0x0000008342800000)]
  0x000001aabe68bd80 JavaThread "Incoming local TCP Connector on port 51791" [_thread_in_native, id=5236, stack(0x0000008342800000,0x0000008342900000)]
  0x000001aabd3b5c60 JavaThread "Daemon periodic checks" [_thread_blocked, id=17264, stack(0x0000008342900000,0x0000008342a00000)]
  0x000001aabe447840 JavaThread "Daemon" [_thread_blocked, id=2696, stack(0x0000008342a00000,0x0000008342b00000)]
  0x000001aabe684020 JavaThread "Handler for socket connection from /127.0.0.1:51791 to /127.0.0.1:51792" [_thread_in_native, id=13844, stack(0x0000008342b00000,0x0000008342c00000)]
  0x000001aabc97c380 JavaThread "Cancel handler" [_thread_blocked, id=14068, stack(0x0000008342c00000,0x0000008342d00000)]
  0x000001aabc97d7c0 JavaThread "Daemon worker" [_thread_blocked, id=3260, stack(0x0000008342d00000,0x0000008342e00000)]
  0x000001aabc97af40 JavaThread "Asynchronous log dispatcher for DefaultDaemonConnection: socket connection from /127.0.0.1:51791 to /127.0.0.1:51792" [_thread_blocked, id=13412, stack(0x0000008342e00000,0x0000008342f00000)]
  0x000001aabc97be70 JavaThread "Stdin handler" [_thread_blocked, id=13824, stack(0x0000008342f00000,0x0000008343000000)]
  0x000001aabc97d2b0 JavaThread "Daemon client event forwarder" [_thread_blocked, id=1716, stack(0x0000008343000000,0x0000008343100000)]
  0x000001aabc97a520 JavaThread "Cache worker for journal cache (C:\Users\Anurag\.gradle\caches\journal-1)" [_thread_blocked, id=17348, stack(0x0000008343a00000,0x0000008343b00000)]
  0x000001aabc97cda0 JavaThread "File lock request listener" [_thread_in_native, id=16084, stack(0x0000008343b00000,0x0000008343c00000)]
  0x000001aabc97a010 JavaThread "Cache worker for file hash cache (C:\Users\Anurag\.gradle\caches\8.6\fileHashes)" [_thread_blocked, id=16416, stack(0x0000008343c00000,0x0000008343d00000)]
  0x000001aabc97c890 JavaThread "File watcher server" daemon [_thread_blocked, id=6240, stack(0x0000008343d00000,0x0000008343e00000)]
  0x000001aabc97aa30 JavaThread "File watcher consumer" daemon [_thread_blocked, id=10860, stack(0x0000008343e00000,0x0000008343f00000)]
  0x000001aabc97b450 JavaThread "Cache worker for checksums cache (C:\Users\Anurag\StudioProjects\Healthify\.gradle\8.6\checksums)" [_thread_blocked, id=6748, stack(0x0000008343f00000,0x0000008344000000)]
  0x000001aabf1b4210 JavaThread "Cache worker for file hash cache (C:\Users\Anurag\StudioProjects\Healthify\.gradle\8.6\fileHashes)" [_thread_blocked, id=17376, stack(0x0000008344000000,0x0000008344100000)]
  0x000001aabf1b6070 JavaThread "Cache worker for cache directory md-supplier (C:\Users\Anurag\.gradle\caches\8.6\md-supplier)" [_thread_blocked, id=12716, stack(0x0000008344100000,0x0000008344200000)]
  0x000001aabf1b9820 JavaThread "Cache worker for cache directory md-rule (C:\Users\Anurag\.gradle\caches\8.6\md-rule)" [_thread_blocked, id=13424, stack(0x0000008344200000,0x0000008344300000)]
  0x000001aabf1b5b60 JavaThread "Cache worker for file content cache (C:\Users\Anurag\.gradle\caches\8.6\fileContent)" [_thread_blocked, id=14348, stack(0x0000008341f00000,0x0000008342000000)]
  0x000001aabeeaaec0 JavaThread "C2 CompilerThread3" daemon [_thread_blocked, id=16912, stack(0x0000008344300000,0x0000008344400000)]
  0x000001aabeeab410 JavaThread "C2 CompilerThread4" daemon [_thread_blocked, id=16896, stack(0x0000008344400000,0x0000008344500000)]
  0x000001aabeeaa420 JavaThread "C2 CompilerThread5" daemon [_thread_blocked, id=16608, stack(0x0000008344500000,0x0000008344600000)]
  0x000001aabf1b8e00 JavaThread "jar transforms" [_thread_blocked, id=2468, stack(0x0000008344600000,0x0000008344700000)]
  0x000001aabf1b4720 JavaThread "jar transforms Thread 2" [_thread_blocked, id=1936, stack(0x0000008344700000,0x0000008344800000)]
  0x000001aabf1b9310 JavaThread "jar transforms Thread 3" [_thread_blocked, id=17260, stack(0x0000008344800000,0x0000008344900000)]
  0x000001aabf1b4c30 JavaThread "jar transforms Thread 4" [_thread_blocked, id=16408, stack(0x0000008344900000,0x0000008344a00000)]
  0x000001aabf1b6580 JavaThread "Cache worker for Build Output Cleanup Cache (C:\Users\Anurag\StudioProjects\Healthify\.gradle\buildOutputCleanup)" [_thread_blocked, id=6944, stack(0x0000008344a00000,0x0000008344b00000)]
  0x000001aabf1b6a90 JavaThread "jar transforms Thread 5" [_thread_blocked, id=11144, stack(0x0000008344b00000,0x0000008344c00000)]
  0x000001aabf1b6fa0 JavaThread "jar transforms Thread 6" [_thread_blocked, id=11592, stack(0x0000008344c00000,0x0000008344d00000)]
  0x000001aabf1b83e0 JavaThread "Unconstrained build operations" [_thread_blocked, id=16644, stack(0x0000008344d00000,0x0000008344e00000)]
  0x000001aabf1ba750 JavaThread "Unconstrained build operations Thread 2" [_thread_blocked, id=15720, stack(0x0000008344e00000,0x0000008344f00000)]
  0x000001aabf1b5650 JavaThread "Unconstrained build operations Thread 3" [_thread_blocked, id=10752, stack(0x0000008344f00000,0x0000008345000000)]
  0x000001aabf1bac60 JavaThread "Unconstrained build operations Thread 4" [_thread_blocked, id=3136, stack(0x0000008345000000,0x0000008345100000)]
  0x000001aabf1b74b0 JavaThread "Unconstrained build operations Thread 5" [_thread_blocked, id=4720, stack(0x0000008345100000,0x0000008345200000)]
  0x000001aabf1bb170 JavaThread "Unconstrained build operations Thread 6" [_thread_blocked, id=15944, stack(0x0000008345200000,0x0000008345300000)]
  0x000001aabf1b5140 JavaThread "Unconstrained build operations Thread 7" [_thread_blocked, id=4500, stack(0x0000008345300000,0x0000008345400000)]
  0x000001aabf1bb680 JavaThread "Unconstrained build operations Thread 8" [_thread_blocked, id=6548, stack(0x0000008345400000,0x0000008345500000)]
  0x000001aabf1b79c0 JavaThread "Unconstrained build operations Thread 9" [_thread_blocked, id=16932, stack(0x0000008345500000,0x0000008345600000)]
  0x000001aabf1b7ed0 JavaThread "Unconstrained build operations Thread 10" [_thread_blocked, id=6536, stack(0x0000008345600000,0x0000008345700000)]
  0x000001aabf1b88f0 JavaThread "Unconstrained build operations Thread 11" [_thread_blocked, id=7632, stack(0x0000008345700000,0x0000008345800000)]
  0x000001aac09997c0 JavaThread "Unconstrained build operations Thread 12" [_thread_blocked, id=4064, stack(0x0000008345800000,0x0000008345900000)]
  0x000001aac099e3b0 JavaThread "Unconstrained build operations Thread 13" [_thread_blocked, id=13940, stack(0x0000008345900000,0x0000008345a00000)]
  0x000001aac0999cd0 JavaThread "Unconstrained build operations Thread 14" [_thread_blocked, id=16400, stack(0x0000008345a00000,0x0000008345b00000)]
  0x000001aac099d480 JavaThread "Unconstrained build operations Thread 15" [_thread_blocked, id=8620, stack(0x0000008345b00000,0x0000008345c00000)]
  0x000001aac099a6f0 JavaThread "jar transforms Thread 7" [_thread_blocked, id=14604, stack(0x0000008345c00000,0x0000008345d00000)]
  0x000001aac099d990 JavaThread "jar transforms Thread 8" [_thread_blocked, id=11456, stack(0x0000008345d00000,0x0000008345e00000)]

Other Threads:
=>0x000001aab757ed00 VMThread "VM Thread" [stack: 0x0000008340f00000,0x0000008341000000] [id=16432]
  0x000001aab7a6d200 WatcherThread [stack: 0x0000008341c00000,0x0000008341d00000] [id=8356]
  0x000001aa9cbea460 GCTaskThread "GC Thread#0" [stack: 0x0000008340a00000,0x0000008340b00000] [id=4032]
  0x000001aabd85da70 GCTaskThread "GC Thread#1" [stack: 0x0000008342300000,0x0000008342400000] [id=17028]
  0x000001aabd85cf70 GCTaskThread "GC Thread#2" [stack: 0x0000008342400000,0x0000008342500000] [id=16884]
  0x000001aabd85e570 GCTaskThread "GC Thread#3" [stack: 0x0000008342500000,0x0000008342600000] [id=16192]
  0x000001aabd85dff0 GCTaskThread "GC Thread#4" [stack: 0x0000008342600000,0x0000008342700000] [id=9040]
  0x000001aabd85d7b0 GCTaskThread "GC Thread#5" [stack: 0x0000008342000000,0x0000008342100000] [id=12160]
  0x000001aabd85d230 GCTaskThread "GC Thread#6" [stack: 0x0000008343100000,0x0000008343200000] [id=14312]
  0x000001aabd85d4f0 GCTaskThread "GC Thread#7" [stack: 0x0000008343200000,0x0000008343300000] [id=2672]
  0x000001aabd85dd30 GCTaskThread "GC Thread#8" [stack: 0x0000008343300000,0x0000008343400000] [id=7524]
  0x000001aabe558530 GCTaskThread "GC Thread#9" [stack: 0x0000008343400000,0x0000008343500000] [id=15040]
  0x000001aabe559030 GCTaskThread "GC Thread#10" [stack: 0x0000008343500000,0x0000008343600000] [id=14956]
  0x000001aabe556f30 GCTaskThread "GC Thread#11" [stack: 0x0000008343600000,0x0000008343700000] [id=15468]
  0x000001aabe558ab0 GCTaskThread "GC Thread#12" [stack: 0x0000008343700000,0x0000008343800000] [id=12200]
  0x000001aa9cbfb3b0 ConcurrentGCThread "G1 Main Marker" [stack: 0x0000008340b00000,0x0000008340c00000] [id=9376]
  0x000001aa9cbfbdd0 ConcurrentGCThread "G1 Conc#0" [stack: 0x0000008340c00000,0x0000008340d00000] [id=388]
  0x000001aabe557770 ConcurrentGCThread "G1 Conc#1" [stack: 0x0000008343800000,0x0000008343900000] [id=15340]
  0x000001aabe556c70 ConcurrentGCThread "G1 Conc#2" [stack: 0x0000008343900000,0x0000008343a00000] [id=15244]
  0x000001aab741f260 ConcurrentGCThread "G1 Refine#0" [stack: 0x0000008340d00000,0x0000008340e00000] [id=16704]
  0x000001aab741faa0 ConcurrentGCThread "G1 Service" [stack: 0x0000008340e00000,0x0000008340f00000] [id=8164]

Threads with active compile tasks:

VM state: at safepoint (normal execution)

VM Mutex/Monitor currently owned by a thread:  ([mutex/lock_event])
[0x000001aa9cb8a000] Threads_lock - owner thread: 0x000001aab757ed00
[0x000001aa9cb8a870] Heap_lock - owner thread: 0x000001aabc97d7c0

Heap address: 0x0000000080000000, size: 2048 MB, Compressed Oops mode: 32-bit

CDS archive(s) not mapped
Compressed class space mapped at: 0x0000000100000000-0x0000000140000000, reserved size: 1073741824
Narrow klass base: 0x0000000000000000, Narrow klass shift: 3, Narrow klass range: 0x140000000

GC Precious Log:
 CPUs: 16 total, 16 available
 Memory: 15654M
 Large Page Support: Disabled
 NUMA Support: Disabled
 Compressed Oops: Enabled (32-bit)
 Heap Region Size: 1M
 Heap Min Capacity: 8M
 Heap Initial Capacity: 246M
 Heap Max Capacity: 2G
 Pre-touch: Disabled
 Parallel Workers: 13
 Concurrent Workers: 3
 Concurrent Refinement Workers: 13
 Periodic GC: Disabled

Heap:
 garbage-first heap   total 106496K, used 64543K [0x0000000080000000, 0x0000000100000000)
  region size 1024K, 1 young (1024K), 1 survivors (1024K)
 Metaspace       used 59514K, committed 60032K, reserved 1114112K
  class space    used 8211K, committed 8448K, reserved 1048576K

Heap Regions: E=young(eden), S=young(survivor), O=old, HS=humongous(starts), HC=humongous(continues), CS=collection set, F=free, OA=open archive, CA=closed archive, TAMS=top-at-mark-start (previous, next)
|   0|0x0000000080000000, 0x0000000080100000, 0x0000000080100000|100%|HS|  |TAMS 0x0000000080100000, 0x0000000080000000| Complete 
|   1|0x0000000080100000, 0x0000000080200000, 0x0000000080200000|100%|HC|  |TAMS 0x0000000080200000, 0x0000000080100000| Complete 
|   2|0x0000000080200000, 0x0000000080300000, 0x0000000080300000|100%|HC|  |TAMS 0x0000000080300000, 0x0000000080200000| Complete 
|   3|0x0000000080300000, 0x0000000080400000, 0x0000000080400000|100%|HC|  |TAMS 0x0000000080400000, 0x0000000080300000| Complete 
|   4|0x0000000080400000, 0x0000000080500000, 0x0000000080500000|100%| O|  |TAMS 0x0000000080500000, 0x0000000080400000| Untracked 
|   5|0x0000000080500000, 0x0000000080600000, 0x0000000080600000|100%| O|  |TAMS 0x0000000080600000, 0x0000000080500000| Untracked 
|   6|0x0000000080600000, 0x0000000080700000, 0x0000000080700000|100%| O|  |TAMS 0x0000000080700000, 0x0000000080600000| Untracked 
|   7|0x0000000080700000, 0x0000000080800000, 0x0000000080800000|100%| O|  |TAMS 0x0000000080800000, 0x0000000080700000| Untracked 
|   8|0x0000000080800000, 0x0000000080900000, 0x0000000080900000|100%| O|  |TAMS 0x0000000080900000, 0x0000000080800000| Untracked 
|   9|0x0000000080900000, 0x0000000080a00000, 0x0000000080a00000|100%| O|  |TAMS 0x0000000080a00000, 0x0000000080900000| Untracked 
|  10|0x0000000080a00000, 0x0000000080b00000, 0x0000000080b00000|100%| O|  |TAMS 0x0000000080b00000, 0x0000000080a00000| Untracked 
|  11|0x0000000080b00000, 0x0000000080c00000, 0x0000000080c00000|100%| O|  |TAMS 0x0000000080c00000, 0x0000000080b00000| Untracked 
|  12|0x0000000080c00000, 0x0000000080d00000, 0x0000000080d00000|100%| O|  |TAMS 0x0000000080d00000, 0x0000000080c00000| Untracked 
|  13|0x0000000080d00000, 0x0000000080e00000, 0x0000000080e00000|100%| O|  |TAMS 0x0000000080e00000, 0x0000000080d00000| Untracked 
|  14|0x0000000080e00000, 0x0000000080f00000, 0x0000000080f00000|100%| O|  |TAMS 0x0000000080f00000, 0x0000000080e00000| Untracked 
|  15|0x0000000080f00000, 0x0000000081000000, 0x0000000081000000|100%| O|  |TAMS 0x0000000081000000, 0x0000000080f00000| Untracked 
|  16|0x0000000081000000, 0x0000000081100000, 0x0000000081100000|100%| O|  |TAMS 0x0000000081100000, 0x0000000081000000| Untracked 
|  17|0x0000000081100000, 0x0000000081200000, 0x0000000081200000|100%| O|  |TAMS 0x0000000081200000, 0x0000000081100000| Untracked 
|  18|0x0000000081200000, 0x0000000081300000, 0x0000000081300000|100%| O|  |TAMS 0x0000000081300000, 0x0000000081200000| Untracked 
|  19|0x0000000081300000, 0x0000000081400000, 0x0000000081400000|100%| O|  |TAMS 0x0000000081400000, 0x0000000081300000| Untracked 
|  20|0x0000000081400000, 0x0000000081400000, 0x0000000081500000|  0%| F|  |TAMS 0x0000000081400000, 0x0000000081400000| Untracked 
|  21|0x0000000081500000, 0x0000000081600000, 0x0000000081600000|100%| O|  |TAMS 0x0000000081600000, 0x0000000081500000| Untracked 
|  22|0x0000000081600000, 0x0000000081700000, 0x0000000081700000|100%| O|  |TAMS 0x0000000081700000, 0x0000000081600000| Untracked 
|  23|0x0000000081700000, 0x0000000081800000, 0x0000000081800000|100%| O|  |TAMS 0x0000000081800000, 0x0000000081700000| Untracked 
|  24|0x0000000081800000, 0x0000000081900000, 0x0000000081900000|100%| O|  |TAMS 0x0000000081900000, 0x0000000081800000| Untracked 
|  25|0x0000000081900000, 0x0000000081a00000, 0x0000000081a00000|100%| O|  |TAMS 0x0000000081a00000, 0x0000000081900000| Untracked 
|  26|0x0000000081a00000, 0x0000000081b00000, 0x0000000081b00000|100%| O|  |TAMS 0x0000000081b00000, 0x0000000081a00000| Untracked 
|  27|0x0000000081b00000, 0x0000000081c00000, 0x0000000081c00000|100%| O|  |TAMS 0x0000000081c00000, 0x0000000081b00000| Untracked 
|  28|0x0000000081c00000, 0x0000000081d00000, 0x0000000081d00000|100%| O|  |TAMS 0x0000000081d00000, 0x0000000081c00000| Untracked 
|  29|0x0000000081d00000, 0x0000000081e00000, 0x0000000081e00000|100%| O|  |TAMS 0x0000000081e00000, 0x0000000081d00000| Untracked 
|  30|0x0000000081e00000, 0x0000000081f00000, 0x0000000081f00000|100%| O|  |TAMS 0x0000000081f00000, 0x0000000081e00000| Untracked 
|  31|0x0000000081f00000, 0x0000000082000000, 0x0000000082000000|100%| O|  |TAMS 0x0000000082000000, 0x0000000081f00000| Untracked 
|  32|0x0000000082000000, 0x0000000082100000, 0x0000000082100000|100%| O|  |TAMS 0x0000000082100000, 0x0000000082000000| Untracked 
|  33|0x0000000082100000, 0x0000000082200000, 0x0000000082200000|100%| O|  |TAMS 0x0000000082200000, 0x0000000082100000| Untracked 
|  34|0x0000000082200000, 0x0000000082300000, 0x0000000082300000|100%| O|  |TAMS 0x0000000082300000, 0x0000000082200000| Untracked 
|  35|0x0000000082300000, 0x0000000082400000, 0x0000000082400000|100%| O|  |TAMS 0x00000000823e6c00, 0x0000000082300000| Untracked 
|  36|0x0000000082400000, 0x0000000082500000, 0x0000000082500000|100%|HS|  |TAMS 0x0000000082500000, 0x0000000082400000| Complete 
|  37|0x0000000082500000, 0x0000000082600000, 0x0000000082600000|100%|HS|  |TAMS 0x0000000082600000, 0x0000000082500000| Complete 
|  38|0x0000000082600000, 0x0000000082700000, 0x0000000082700000|100%|HS|  |TAMS 0x0000000082700000, 0x0000000082600000| Complete 
|  39|0x0000000082700000, 0x0000000082800000, 0x0000000082800000|100%|HC|  |TAMS 0x0000000082800000, 0x0000000082700000| Complete 
|  40|0x0000000082800000, 0x0000000082900000, 0x0000000082900000|100%|HS|  |TAMS 0x0000000082900000, 0x0000000082800000| Complete 
|  41|0x0000000082900000, 0x0000000082a00000, 0x0000000082a00000|100%|HC|  |TAMS 0x0000000082a00000, 0x0000000082900000| Complete 
|  42|0x0000000082a00000, 0x0000000082b00000, 0x0000000082b00000|100%|HS|  |TAMS 0x0000000082b00000, 0x0000000082a00000| Complete 
|  43|0x0000000082b00000, 0x0000000082c00000, 0x0000000082c00000|100%| O|  |TAMS 0x0000000082b00000, 0x0000000082b00000| Untracked 
|  44|0x0000000082c00000, 0x0000000082d00000, 0x0000000082d00000|100%| O|  |TAMS 0x0000000082c00000, 0x0000000082c00000| Untracked 
|  45|0x0000000082d00000, 0x0000000082e00000, 0x0000000082e00000|100%| O|  |TAMS 0x0000000082d00000, 0x0000000082d00000| Untracked 
|  46|0x0000000082e00000, 0x0000000082f00000, 0x0000000082f00000|100%| O|  |TAMS 0x0000000082e00000, 0x0000000082e00000| Untracked 
|  47|0x0000000082f00000, 0x0000000083000000, 0x0000000083000000|100%|HS|  |TAMS 0x0000000082f00000, 0x0000000082f00000| Complete 
|  48|0x0000000083000000, 0x0000000083100000, 0x0000000083100000|100%|HC|  |TAMS 0x0000000083000000, 0x0000000083000000| Complete 
|  49|0x0000000083100000, 0x0000000083200000, 0x0000000083200000|100%|HC|  |TAMS 0x0000000083100000, 0x0000000083100000| Complete 
|  50|0x0000000083200000, 0x0000000083300000, 0x0000000083300000|100%|HC|  |TAMS 0x0000000083200000, 0x0000000083200000| Complete 
|  51|0x0000000083300000, 0x0000000083400000, 0x0000000083400000|100%|HS|  |TAMS 0x0000000083300000, 0x0000000083300000| Complete 
|  52|0x0000000083400000, 0x0000000083500000, 0x0000000083500000|100%| O|  |TAMS 0x0000000083400000, 0x0000000083400000| Untracked 
|  53|0x0000000083500000, 0x0000000083600000, 0x0000000083600000|100%|HS|  |TAMS 0x0000000083500000, 0x0000000083500000| Complete 
|  54|0x0000000083600000, 0x0000000083700000, 0x0000000083700000|100%|HS|  |TAMS 0x0000000083600000, 0x0000000083600000| Complete 
|  55|0x0000000083700000, 0x0000000083800000, 0x0000000083800000|100%| O|  |TAMS 0x0000000083700000, 0x0000000083700000| Untracked 
|  56|0x0000000083800000, 0x0000000083900000, 0x0000000083900000|100%| O|  |TAMS 0x0000000083800000, 0x0000000083800000| Untracked 
|  57|0x0000000083900000, 0x0000000083a00000, 0x0000000083a00000|100%| O|  |TAMS 0x0000000083900000, 0x0000000083900000| Untracked 
|  58|0x0000000083a00000, 0x0000000083b00000, 0x0000000083b00000|100%| O|  |TAMS 0x0000000083a00000, 0x0000000083a00000| Untracked 
|  59|0x0000000083b00000, 0x0000000083c00000, 0x0000000083c00000|100%| O|  |TAMS 0x0000000083b00000, 0x0000000083b00000| Untracked 
|  60|0x0000000083c00000, 0x0000000083d00000, 0x0000000083d00000|100%| O|  |TAMS 0x0000000083c00000, 0x0000000083c00000| Untracked 
|  61|0x0000000083d00000, 0x0000000083e00000, 0x0000000083e00000|100%| O|  |TAMS 0x0000000083d00000, 0x0000000083d00000| Untracked 
|  62|0x0000000083e00000, 0x0000000083f00000, 0x0000000083f00000|100%| O|  |TAMS 0x0000000083e00000, 0x0000000083e00000| Untracked 
|  63|0x0000000083f00000, 0x0000000083fada00, 0x0000000084000000| 67%| O|  |TAMS 0x0000000083f00000, 0x0000000083f00000| Untracked 
|  64|0x0000000084000000, 0x0000000084000000, 0x0000000084100000|  0%| F|  |TAMS 0x0000000084000000, 0x0000000084000000| Untracked 
|  65|0x0000000084100000, 0x0000000084100000, 0x0000000084200000|  0%| F|  |TAMS 0x0000000084100000, 0x0000000084100000| Untracked 
|  66|0x0000000084200000, 0x0000000084200000, 0x0000000084300000|  0%| F|  |TAMS 0x0000000084200000, 0x0000000084200000| Untracked 
|  67|0x0000000084300000, 0x0000000084300000, 0x0000000084400000|  0%| F|  |TAMS 0x0000000084300000, 0x0000000084300000| Untracked 
|  68|0x0000000084400000, 0x0000000084400000, 0x0000000084500000|  0%| F|  |TAMS 0x0000000084400000, 0x0000000084400000| Untracked 
|  69|0x0000000084500000, 0x0000000084500000, 0x0000000084600000|  0%| F|  |TAMS 0x0000000084500000, 0x0000000084500000| Untracked 
|  70|0x0000000084600000, 0x0000000084600000, 0x0000000084700000|  0%| F|  |TAMS 0x0000000084600000, 0x0000000084600000| Untracked 
|  71|0x0000000084700000, 0x0000000084700000, 0x0000000084800000|  0%| F|  |TAMS 0x0000000084700000, 0x0000000084700000| Untracked 
|  72|0x0000000084800000, 0x0000000084800000, 0x0000000084900000|  0%| F|  |TAMS 0x0000000084800000, 0x0000000084800000| Untracked 
|  73|0x0000000084900000, 0x0000000084900000, 0x0000000084a00000|  0%| F|  |TAMS 0x0000000084900000, 0x0000000084900000| Untracked 
|  74|0x0000000084a00000, 0x0000000084a00000, 0x0000000084b00000|  0%| F|  |TAMS 0x0000000084a00000, 0x0000000084a00000| Untracked 
|  75|0x0000000084b00000, 0x0000000084b00000, 0x0000000084c00000|  0%| F|  |TAMS 0x0000000084b00000, 0x0000000084b00000| Untracked 
|  76|0x0000000084c00000, 0x0000000084c00000, 0x0000000084d00000|  0%| F|  |TAMS 0x0000000084c00000, 0x0000000084c00000| Untracked 
|  77|0x0000000084d00000, 0x0000000084d00000, 0x0000000084e00000|  0%| F|  |TAMS 0x0000000084d00000, 0x0000000084d00000| Untracked 
|  78|0x0000000084e00000, 0x0000000084e00000, 0x0000000084f00000|  0%| F|  |TAMS 0x0000000084e00000, 0x0000000084e00000| Untracked 
|  79|0x0000000084f00000, 0x0000000084f00000, 0x0000000085000000|  0%| F|  |TAMS 0x0000000084f00000, 0x0000000084f00000| Untracked 
|  80|0x0000000085000000, 0x0000000085000000, 0x0000000085100000|  0%| F|  |TAMS 0x0000000085000000, 0x0000000085000000| Untracked 
|  81|0x0000000085100000, 0x0000000085100000, 0x0000000085200000|  0%| F|  |TAMS 0x0000000085100000, 0x0000000085100000| Untracked 
|  82|0x0000000085200000, 0x0000000085200000, 0x0000000085300000|  0%| F|  |TAMS 0x0000000085200000, 0x0000000085200000| Untracked 
|  83|0x0000000085300000, 0x0000000085300000, 0x0000000085400000|  0%| F|  |TAMS 0x0000000085300000, 0x0000000085300000| Untracked 
|  84|0x0000000085400000, 0x0000000085400000, 0x0000000085500000|  0%| F|  |TAMS 0x0000000085400000, 0x0000000085400000| Untracked 
|  85|0x0000000085500000, 0x0000000085500000, 0x0000000085600000|  0%| F|  |TAMS 0x0000000085500000, 0x0000000085500000| Untracked 
|  86|0x0000000085600000, 0x0000000085600000, 0x0000000085700000|  0%| F|  |TAMS 0x0000000085600000, 0x0000000085600000| Untracked 
|  87|0x0000000085700000, 0x0000000085700000, 0x0000000085800000|  0%| F|  |TAMS 0x0000000085700000, 0x0000000085700000| Untracked 
|  88|0x0000000085800000, 0x0000000085800000, 0x0000000085900000|  0%| F|  |TAMS 0x0000000085800000, 0x0000000085800000| Untracked 
|  89|0x0000000085900000, 0x0000000085900000, 0x0000000085a00000|  0%| F|  |TAMS 0x0000000085900000, 0x0000000085900000| Untracked 
|  90|0x0000000085a00000, 0x0000000085a00000, 0x0000000085b00000|  0%| F|  |TAMS 0x0000000085a00000, 0x0000000085a00000| Untracked 
|  91|0x0000000085b00000, 0x0000000085b00000, 0x0000000085c00000|  0%| F|  |TAMS 0x0000000085b00000, 0x0000000085b00000| Untracked 
|  92|0x0000000085c00000, 0x0000000085c00000, 0x0000000085d00000|  0%| F|  |TAMS 0x0000000085c00000, 0x0000000085c00000| Untracked 
|  93|0x0000000085d00000, 0x0000000085d00000, 0x0000000085e00000|  0%| F|  |TAMS 0x0000000085d00000, 0x0000000085d00000| Untracked 
| 185|0x000000008b900000, 0x000000008b900000, 0x000000008ba00000|  0%| F|  |TAMS 0x000000008b900000, 0x000000008b900000| Untracked 
| 186|0x000000008ba00000, 0x000000008ba00000, 0x000000008bb00000|  0%| F|  |TAMS 0x000000008ba00000, 0x000000008ba00000| Untracked 
| 187|0x000000008bb00000, 0x000000008bb00000, 0x000000008bc00000|  0%| F|  |TAMS 0x000000008bb00000, 0x000000008bb00000| Untracked 
| 188|0x000000008bc00000, 0x000000008bc00000, 0x000000008bd00000|  0%| F|  |TAMS 0x000000008bc00000, 0x000000008bc00000| Untracked 
| 189|0x000000008bd00000, 0x000000008bd00000, 0x000000008be00000|  0%| F|  |TAMS 0x000000008bd00000, 0x000000008bd00000| Untracked 
| 190|0x000000008be00000, 0x000000008be00000, 0x000000008bf00000|  0%| F|  |TAMS 0x000000008be00000, 0x000000008be00000| Untracked 
| 191|0x000000008bf00000, 0x000000008bf00000, 0x000000008c000000|  0%| F|  |TAMS 0x000000008bf00000, 0x000000008bf00000| Untracked 
| 192|0x000000008c000000, 0x000000008c000000, 0x000000008c100000|  0%| F|  |TAMS 0x000000008c000000, 0x000000008c000000| Untracked 
| 193|0x000000008c100000, 0x000000008c15a408, 0x000000008c200000| 35%| S|CS|TAMS 0x000000008c100000, 0x000000008c100000| Complete 
| 245|0x000000008f500000, 0x000000008f500000, 0x000000008f600000|  0%| F|  |TAMS 0x000000008f500000, 0x000000008f500000| Untracked 

Card table byte_map: [0x000001aaafce0000,0x000001aab00e0000] _byte_map_base: 0x000001aaaf8e0000

Marking Bits (Prev, Next): (CMBitMap*) 0x000001aa9cbeaac0, (CMBitMap*) 0x000001aa9cbeaa80
 Prev Bits: [0x000001aab24e0000, 0x000001aab44e0000)
 Next Bits: [0x000001aab04e0000, 0x000001aab24e0000)

Polling page: 0x000001aa9c340000

Metaspace:

Usage:
  Non-class:     50.10 MB used.
      Class:      8.02 MB used.
       Both:     58.12 MB used.

Virtual space:
  Non-class space:       64.00 MB reserved,      50.38 MB ( 79%) committed,  1 nodes.
      Class space:        1.00 GB reserved,       8.25 MB ( <1%) committed,  1 nodes.
             Both:        1.06 GB reserved,      58.62 MB (  5%) committed. 

Chunk freelists:
   Non-Class:  13.02 MB
       Class:  7.75 MB
        Both:  20.77 MB

MaxMetaspaceSize: unlimited
CompressedClassSpaceSize: 1.00 GB
Initial GC threshold: 21.00 MB
Current GC threshold: 95.25 MB
CDS: off
MetaspaceReclaimPolicy: balanced
 - commit_granule_bytes: 65536.
 - commit_granule_words: 8192.
 - virtual_space_node_default_size: 8388608.
 - enlarge_chunks_in_place: 1.
 - new_chunks_are_fully_committed: 0.
 - uncommit_free_chunks: 1.
 - use_allocation_guard: 0.
 - handle_deallocations: 1.


Internal statistics:

num_allocs_failed_limit: 6.
num_arena_births: 656.
num_arena_deaths: 0.
num_vsnodes_births: 2.
num_vsnodes_deaths: 0.
num_space_committed: 938.
num_space_uncommitted: 0.
num_chunks_returned_to_freelist: 6.
num_chunks_taken_from_freelist: 2688.
num_chunk_merges: 6.
num_chunk_splits: 1762.
num_chunks_enlarged: 1168.
num_inconsistent_stats: 0.

CodeHeap 'non-profiled nmethods': size=119168Kb used=3414Kb max_used=3414Kb free=115754Kb
 bounds [0x000001aaa7c00000, 0x000001aaa7f60000, 0x000001aaaf060000]
CodeHeap 'profiled nmethods': size=119104Kb used=12932Kb max_used=12932Kb free=106172Kb
 bounds [0x000001aaa0060000, 0x000001aaa0d10000, 0x000001aaa74b0000]
CodeHeap 'non-nmethods': size=7488Kb used=3325Kb max_used=3396Kb free=4163Kb
 bounds [0x000001aaa74b0000, 0x000001aaa7810000, 0x000001aaa7c00000]
 total_blobs=7554 nmethods=6851 adapters=611
 compilation: enabled
              stopped_count=0, restarted_count=0
 full_count=0

Compilation events (20 events):
Event: 4.818 Thread 0x000001aab780c510 nmethod 7522 0x000001aaa0cf9310 code [0x000001aaa0cf9540, 0x000001aaa0cf9c38]
Event: 4.818 Thread 0x000001aabc104000 7523       4       java.lang.PublicMethods$MethodList::filter (104 bytes)
Event: 4.819 Thread 0x000001aabeeaaec0 7524       4       org.gradle.internal.reflect.PropertyAccessorType::of (101 bytes)
Event: 4.820 Thread 0x000001aabeeaa420 nmethod 7514 0x000001aaa7f52f90 code [0x000001aaa7f53140, 0x000001aaa7f53918]
Event: 4.822 Thread 0x000001aabeeaaec0 nmethod 7524 0x000001aaa7f53e90 code [0x000001aaa7f54040, 0x000001aaa7f54418]
Event: 4.824 Thread 0x000001aabc104000 nmethod 7523 0x000001aaa7f54910 code [0x000001aaa7f54ac0, 0x000001aaa7f55318]
Event: 4.829 Thread 0x000001aabc164b40 7525   !   3       org.gradle.internal.classloader.VisitableURLClassLoader$InstrumentingVisitableURLClassLoader::findClass (36 bytes)
Event: 4.829 Thread 0x000001aab7751170 7526       3       org.gradle.internal.classloader.TransformErrorHandler::enterClassLoadingScope (50 bytes)
Event: 4.829 Thread 0x000001aab780c510 7527       3       org.gradle.internal.classloader.VisitableURLClassLoader$InstrumentingVisitableURLClassLoader::instrumentClass (10 bytes)
Event: 4.829 Thread 0x000001aabdcfc630 7528   !   3       org.gradle.internal.classloader.TransformReplacer::getInstrumentedClass (34 bytes)
Event: 4.829 Thread 0x000001aabc164b40 nmethod 7525 0x000001aaa0cf9e90 code [0x000001aaa0cfa0a0, 0x000001aaa0cfa668]
Event: 4.829 Thread 0x000001aabdcfc630 nmethod 7528 0x000001aaa0cfa910 code [0x000001aaa0cfab00, 0x000001aaa0cfb018]
Event: 4.829 Thread 0x000001aab780c510 nmethod 7527 0x000001aaa0cfb290 code [0x000001aaa0cfb4a0, 0x000001aaa0cfba38]
Event: 4.829 Thread 0x000001aab7751170 nmethod 7526 0x000001aaa0cfbd10 code [0x000001aaa0cfbfa0, 0x000001aaa0cfc9f8]
Event: 4.830 Thread 0x000001aab780c510 7529  s!   3       org.gradle.internal.classloader.TransformReplacer$JarLoader::loadTransformedClass (56 bytes)
Event: 4.830 Thread 0x000001aabc164b40 7530       3       org.gradle.internal.classloader.TransformReplacer$JarLoader::getJarFileLocked (104 bytes)
Event: 4.830 Thread 0x000001aabdcfc630 7531       3       org.gradle.internal.classloader.TransformReplacer::access$100 (5 bytes)
Event: 4.831 Thread 0x000001aabdcfc630 nmethod 7531 0x000001aaa0cfce10 code [0x000001aaa0cfcfc0, 0x000001aaa0cfd228]
Event: 4.831 Thread 0x000001aab780c510 nmethod 7529 0x000001aaa0cfd390 code [0x000001aaa0cfd660, 0x000001aaa0cfe5a8]
Event: 4.831 Thread 0x000001aabc164b40 nmethod 7530 0x000001aaa0cfeb90 code [0x000001aaa0cfef20, 0x000001aaa0d00718]

GC Heap History (20 events):
Event: 2.322 GC heap after
{Heap after GC invocations=8 (full 0):
 garbage-first heap   total 71680K, used 23505K [0x0000000080000000, 0x0000000100000000)
  region size 1024K, 4 young (4096K), 4 survivors (4096K)
 Metaspace       used 34516K, committed 34880K, reserved 1114112K
  class space    used 4712K, committed 4864K, reserved 1048576K
}
Event: 2.388 GC heap before
{Heap before GC invocations=8 (full 0):
 garbage-first heap   total 71680K, used 28625K [0x0000000080000000, 0x0000000100000000)
  region size 1024K, 10 young (10240K), 4 survivors (4096K)
 Metaspace       used 35614K, committed 35968K, reserved 1114112K
  class space    used 4855K, committed 5056K, reserved 1048576K
}
Event: 2.389 GC heap after
{Heap after GC invocations=9 (full 0):
 garbage-first heap   total 71680K, used 23909K [0x0000000080000000, 0x0000000100000000)
  region size 1024K, 2 young (2048K), 2 survivors (2048K)
 Metaspace       used 35614K, committed 35968K, reserved 1114112K
  class space    used 4855K, committed 5056K, reserved 1048576K
}
Event: 2.665 GC heap before
{Heap before GC invocations=10 (full 0):
 garbage-first heap   total 71680K, used 54629K [0x0000000080000000, 0x0000000100000000)
  region size 1024K, 33 young (33792K), 2 survivors (2048K)
 Metaspace       used 41022K, committed 41344K, reserved 1114112K
  class space    used 5421K, committed 5568K, reserved 1048576K
}
Event: 2.667 GC heap after
{Heap after GC invocations=11 (full 0):
 garbage-first heap   total 103424K, used 28120K [0x0000000080000000, 0x0000000100000000)
  region size 1024K, 5 young (5120K), 5 survivors (5120K)
 Metaspace       used 41022K, committed 41344K, reserved 1114112K
  class space    used 5421K, committed 5568K, reserved 1048576K
}
Event: 2.668 GC heap before
{Heap before GC invocations=11 (full 0):
 garbage-first heap   total 103424K, used 29144K [0x0000000080000000, 0x0000000100000000)
  region size 1024K, 6 young (6144K), 5 survivors (5120K)
 Metaspace       used 41022K, committed 41344K, reserved 1114112K
  class space    used 5421K, committed 5568K, reserved 1048576K
}
Event: 2.671 GC heap after
{Heap after GC invocations=12 (full 0):
 garbage-first heap   total 103424K, used 28224K [0x0000000080000000, 0x0000000100000000)
  region size 1024K, 1 young (1024K), 1 survivors (1024K)
 Metaspace       used 41022K, committed 41344K, reserved 1114112K
  class space    used 5421K, committed 5568K, reserved 1048576K
}
Event: 3.157 GC heap before
{Heap before GC invocations=12 (full 0):
 garbage-first heap   total 103424K, used 75328K [0x0000000080000000, 0x0000000100000000)
  region size 1024K, 47 young (48128K), 1 survivors (1024K)
 Metaspace       used 44931K, committed 45376K, reserved 1114112K
  class space    used 6059K, committed 6272K, reserved 1048576K
}
Event: 3.158 GC heap after
{Heap after GC invocations=13 (full 0):
 garbage-first heap   total 103424K, used 31290K [0x0000000080000000, 0x0000000100000000)
  region size 1024K, 4 young (4096K), 4 survivors (4096K)
 Metaspace       used 44931K, committed 45376K, reserved 1114112K
  class space    used 6059K, committed 6272K, reserved 1048576K
}
Event: 3.675 GC heap before
{Heap before GC invocations=13 (full 0):
 garbage-first heap   total 103424K, used 76346K [0x0000000080000000, 0x0000000100000000)
  region size 1024K, 48 young (49152K), 4 survivors (4096K)
 Metaspace       used 50618K, committed 51072K, reserved 1114112K
  class space    used 6953K, committed 7168K, reserved 1048576K
}
Event: 3.677 GC heap after
{Heap after GC invocations=14 (full 0):
 garbage-first heap   total 103424K, used 33938K [0x0000000080000000, 0x0000000100000000)
  region size 1024K, 3 young (3072K), 3 survivors (3072K)
 Metaspace       used 50618K, committed 51072K, reserved 1114112K
  class space    used 6953K, committed 7168K, reserved 1048576K
}
Event: 4.241 GC heap before
{Heap before GC invocations=14 (full 0):
 garbage-first heap   total 103424K, used 80018K [0x0000000080000000, 0x0000000100000000)
  region size 1024K, 47 young (48128K), 3 survivors (3072K)
 Metaspace       used 55997K, committed 56512K, reserved 1114112K
  class space    used 7657K, committed 7936K, reserved 1048576K
}
Event: 4.244 GC heap after
{Heap after GC invocations=15 (full 0):
 garbage-first heap   total 103424K, used 37362K [0x0000000080000000, 0x0000000100000000)
  region size 1024K, 6 young (6144K), 6 survivors (6144K)
 Metaspace       used 55997K, committed 56512K, reserved 1114112K
  class space    used 7657K, committed 7936K, reserved 1048576K
}
Event: 4.496 GC heap before
{Heap before GC invocations=15 (full 0):
 garbage-first heap   total 103424K, used 79346K [0x0000000080000000, 0x0000000100000000)
  region size 1024K, 48 young (49152K), 6 survivors (6144K)
 Metaspace       used 57328K, committed 57856K, reserved 1114112K
  class space    used 7898K, committed 8128K, reserved 1048576K
}
Event: 4.500 GC heap after
{Heap after GC invocations=16 (full 0):
 garbage-first heap   total 103424K, used 42336K [0x0000000080000000, 0x0000000100000000)
  region size 1024K, 6 young (6144K), 6 survivors (6144K)
 Metaspace       used 57328K, committed 57856K, reserved 1114112K
  class space    used 7898K, committed 8128K, reserved 1048576K
}
Event: 4.660 GC heap before
{Heap before GC invocations=16 (full 0):
 garbage-first heap   total 103424K, used 76128K [0x0000000080000000, 0x0000000100000000)
  region size 1024K, 34 young (34816K), 6 survivors (6144K)
 Metaspace       used 57989K, committed 58496K, reserved 1114112K
  class space    used 7996K, committed 8256K, reserved 1048576K
}
Event: 4.662 GC heap after
{Heap after GC invocations=17 (full 0):
 garbage-first heap   total 103424K, used 53372K [0x0000000080000000, 0x0000000100000000)
  region size 1024K, 6 young (6144K), 6 survivors (6144K)
 Metaspace       used 57989K, committed 58496K, reserved 1114112K
  class space    used 7996K, committed 8256K, reserved 1048576K
}
Event: 4.831 GC heap before
{Heap before GC invocations=18 (full 0):
 garbage-first heap   total 106496K, used 86140K [0x0000000080000000, 0x0000000100000000)
  region size 1024K, 31 young (31744K), 6 survivors (6144K)
 Metaspace       used 59444K, committed 59968K, reserved 1114112K
  class space    used 8205K, committed 8448K, reserved 1048576K
}
Event: 4.833 GC heap after
{Heap after GC invocations=19 (full 0):
 garbage-first heap   total 106496K, used 64908K [0x0000000080000000, 0x0000000100000000)
  region size 1024K, 4 young (4096K), 4 survivors (4096K)
 Metaspace       used 59444K, committed 59968K, reserved 1114112K
  class space    used 8205K, committed 8448K, reserved 1048576K
}
Event: 4.839 GC heap before
{Heap before GC invocations=19 (full 0):
 garbage-first heap   total 106496K, used 64908K [0x0000000080000000, 0x0000000100000000)
  region size 1024K, 5 young (5120K), 4 survivors (4096K)
 Metaspace       used 59514K, committed 60032K, reserved 1114112K
  class space    used 8211K, committed 8448K, reserved 1048576K
}

Dll operation events (3 events):
Event: 0.006 Loaded shared library C:\Program Files\Android\Android Studio\jbr\bin\java.dll
Event: 0.083 Loaded shared library C:\Program Files\Android\Android Studio\jbr\bin\zip.dll
Event: 0.231 Loaded shared library C:\Program Files\Android\Android Studio\jbr\bin\verify.dll

Deoptimization events (20 events):
Event: 4.741 Thread 0x000001aabc97d7c0 DEOPT PACKING pc=0x000001aaa7d86914 sp=0x0000008342df6ee0
Event: 4.741 Thread 0x000001aabc97d7c0 DEOPT UNPACKING pc=0x000001aaa750a1a3 sp=0x0000008342df6d38 mode 2
Event: 4.742 Thread 0x000001aabc97d7c0 Uncommon trap: trap_request=0xffffffde fr.pc=0x000001aaa7e537fc relative=0x00000000000001bc
Event: 4.742 Thread 0x000001aabc97d7c0 Uncommon trap: reason=class_check action=maybe_recompile pc=0x000001aaa7e537fc method=java.io.BufferedInputStream.read1([BII)I @ 39 c2
Event: 4.742 Thread 0x000001aabc97d7c0 DEOPT PACKING pc=0x000001aaa7e537fc sp=0x0000008342df6c90
Event: 4.743 Thread 0x000001aabc97d7c0 DEOPT UNPACKING pc=0x000001aaa750a1a3 sp=0x0000008342df6c38 mode 2
Event: 4.743 Thread 0x000001aabc97d7c0 Uncommon trap: trap_request=0xffffffde fr.pc=0x000001aaa7e537fc relative=0x00000000000001bc
Event: 4.743 Thread 0x000001aabc97d7c0 Uncommon trap: reason=class_check action=maybe_recompile pc=0x000001aaa7e537fc method=java.io.BufferedInputStream.read1([BII)I @ 39 c2
Event: 4.743 Thread 0x000001aabc97d7c0 DEOPT PACKING pc=0x000001aaa7e537fc sp=0x0000008342df6c90
Event: 4.743 Thread 0x000001aabc97d7c0 DEOPT UNPACKING pc=0x000001aaa750a1a3 sp=0x0000008342df6c38 mode 2
Event: 4.743 Thread 0x000001aabc97d7c0 Uncommon trap: trap_request=0xffffffde fr.pc=0x000001aaa7e537fc relative=0x00000000000001bc
Event: 4.743 Thread 0x000001aabc97d7c0 Uncommon trap: reason=class_check action=maybe_recompile pc=0x000001aaa7e537fc method=java.io.BufferedInputStream.read1([BII)I @ 39 c2
Event: 4.743 Thread 0x000001aabc97d7c0 DEOPT PACKING pc=0x000001aaa7e537fc sp=0x0000008342df6c90
Event: 4.743 Thread 0x000001aabc97d7c0 DEOPT UNPACKING pc=0x000001aaa750a1a3 sp=0x0000008342df6c38 mode 2
Event: 4.788 Thread 0x000001aabc97d7c0 Uncommon trap: trap_request=0xffffffde fr.pc=0x000001aaa7d86914 relative=0x0000000000006034
Event: 4.788 Thread 0x000001aabc97d7c0 Uncommon trap: reason=class_check action=maybe_recompile pc=0x000001aaa7d86914 method=java.util.jar.JarFile.getManifestFromReference()Ljava/util/jar/Manifest; @ 152 c2
Event: 4.788 Thread 0x000001aabc97d7c0 DEOPT PACKING pc=0x000001aaa7d86914 sp=0x0000008342df6730
Event: 4.788 Thread 0x000001aabc97d7c0 DEOPT UNPACKING pc=0x000001aaa750a1a3 sp=0x0000008342df6588 mode 2
Event: 4.808 Thread 0x000001aabc97d7c0 DEOPT PACKING pc=0x000001aaa0b53d71 sp=0x0000008342df4690
Event: 4.808 Thread 0x000001aabc97d7c0 DEOPT UNPACKING pc=0x000001aaa750ace3 sp=0x0000008342df3ba0 mode 0

Classes unloaded (0 events):
No events

Classes redefined (0 events):
No events

Internal exceptions (20 events):
Event: 4.088 Thread 0x000001aabc97d7c0 Exception <a 'java/lang/NoSuchMethodError'{0x0000000084104928}: 'java.lang.Object java.lang.invoke.DirectMethodHandle$Holder.invokeSpecial(java.lang.Object, java.lang.Object, java.lang.Object, java.lang.Object, java.lang.Object, long)'> (0x0000000084104928) 
thrown [s\src\hotspot\share\interpreter\linkResolver.cpp, line 771]
Event: 4.090 Thread 0x000001aabc97d7c0 Exception <a 'java/lang/NoSuchMethodError'{0x00000000841267f0}: 'void java.lang.invoke.DirectMethodHandle$Holder.invokeStatic(java.lang.Object, java.lang.Object, java.lang.Object, int, java.lang.Object)'> (0x00000000841267f0) 
thrown [s\src\hotspot\share\interpreter\linkResolver.cpp, line 771]
Event: 4.337 Thread 0x000001aabc97d7c0 Exception <a 'java/lang/NoSuchMethodError'{0x000000008bcc9498}: 'java.lang.Object java.lang.invoke.DirectMethodHandle$Holder.newInvokeSpecial(java.lang.Object, java.lang.Object, java.lang.Object, java.lang.Object, int, java.lang.Object)'> (0x000000008bcc9498) 
thrown [s\src\hotspot\share\interpreter\linkResolver.cpp, line 771]
Event: 4.337 Thread 0x000001aabc97d7c0 Exception <a 'java/lang/NoSuchMethodError'{0x000000008bcce7a8}: 'java.lang.Object java.lang.invoke.Invokers$Holder.linkToTargetMethod(java.lang.Object, java.lang.Object, java.lang.Object, int, java.lang.Object, java.lang.Object)'> (0x000000008bcce7a8) 
thrown [s\src\hotspot\share\interpreter\linkResolver.cpp, line 771]
Event: 4.547 Thread 0x000001aabc97d7c0 Exception <a 'java/lang/NoSuchMethodError'{0x000000008574be60}: 'long java.lang.invoke.DirectMethodHandle$Holder.invokeVirtual(java.lang.Object, java.lang.Object)'> (0x000000008574be60) 
thrown [s\src\hotspot\share\interpreter\linkResolver.cpp, line 771]
Event: 4.550 Thread 0x000001aabc97d2b0 Exception <a 'java/lang/NoSuchMethodError'{0x00000000857899b8}: static Lorg/gradle/internal/build/event/types/DefaultOperationFinishedProgressEvent;.<clinit>()V> (0x00000000857899b8) 
thrown [s\src\hotspot\share\prims\jni.cpp, line 1108]
Event: 4.552 Thread 0x000001aabc97d2b0 Exception <a 'java/lang/NoSuchMethodError'{0x00000000857b3b40}: static Lorg/gradle/internal/build/event/types/DefaultProjectConfigurationSuccessResult;.<clinit>()V> (0x00000000857b3b40) 
thrown [s\src\hotspot\share\prims\jni.cpp, line 1108]
Event: 4.552 Thread 0x000001aabc97d2b0 Exception <a 'java/lang/NoSuchMethodError'{0x00000000857b8098}: static Lorg/gradle/internal/build/event/types/AbstractProjectConfigurationResult;.<clinit>()V> (0x00000000857b8098) 
thrown [s\src\hotspot\share\prims\jni.cpp, line 1108]
Event: 4.552 Thread 0x000001aabc97d2b0 Exception <a 'java/lang/NoSuchMethodError'{0x00000000857b97e8}: static Lorg/gradle/internal/build/event/types/AbstractOperationResult;.<clinit>()V> (0x00000000857b97e8) 
thrown [s\src\hotspot\share\prims\jni.cpp, line 1108]
Event: 4.552 Thread 0x000001aabc97d2b0 Exception <a 'java/lang/NoSuchMethodError'{0x00000000857bac30}: static Lorg/gradle/internal/build/event/types/AbstractResult;.<clinit>()V> (0x00000000857bac30) 
thrown [s\src\hotspot\share\prims\jni.cpp, line 1108]
Event: 4.554 Thread 0x000001aabc97d2b0 Exception <a 'java/lang/NoSuchMethodError'{0x000000008560a3a0}: static Lorg/gradle/internal/build/event/types/DefaultPluginApplicationResult;.<clinit>()V> (0x000000008560a3a0) 
thrown [s\src\hotspot\share\prims\jni.cpp, line 1108]
Event: 4.554 Thread 0x000001aabc97d2b0 Exception <a 'java/lang/NoSuchMethodError'{0x0000000085616b30}: static Lorg/gradle/internal/build/event/types/DefaultBinaryPluginIdentifier;.<clinit>()V> (0x0000000085616b30) 
thrown [s\src\hotspot\share\prims\jni.cpp, line 1108]
Event: 4.555 Thread 0x000001aabc97d2b0 Exception <a 'java/lang/NoSuchMethodError'{0x0000000085630508}: static Lorg/gradle/internal/build/event/types/DefaultScriptPluginIdentifier;.<clinit>()V> (0x0000000085630508) 
thrown [s\src\hotspot\share\prims\jni.cpp, line 1108]
Event: 4.591 Thread 0x000001aabc97d7c0 Implicit null exception at 0x000001aaa7cdd792 to 0x000001aaa7cdddf4
Event: 4.591 Thread 0x000001aabc97d7c0 Implicit null exception at 0x000001aaa7cde694 to 0x000001aaa7cded5c
Event: 4.632 Thread 0x000001aabc97d7c0 Exception <a 'java/lang/NoSuchMethodError'{0x0000000084e21560}: 'void java.lang.invoke.Invokers$Holder.invoke_MT(java.lang.Object, java.lang.Object, java.lang.Object, java.lang.Object)'> (0x0000000084e21560) 
thrown [s\src\hotspot\share\interpreter\linkResolver.cpp, line 771]
Event: 4.635 Thread 0x000001aabc97d7c0 Exception <a 'java/lang/NoSuchMethodError'{0x0000000084e6a5e0}: 'java.lang.Object java.lang.invoke.DirectMethodHandle$Holder.invokeSpecial(java.lang.Object, java.lang.Object, java.lang.Object, int, java.lang.Object, java.lang.Object)'> (0x0000000084e6a5e0) 
thrown [s\src\hotspot\share\interpreter\linkResolver.cpp, line 771]
Event: 4.684 Thread 0x000001aabc97d7c0 Exception <a 'java/lang/ClassNotFoundException'{0x000000008bffdda0}: sun/misc/SharedSecrets> (0x000000008bffdda0) 
thrown [s\src\hotspot\share\classfile\systemDictionary.cpp, line 256]
Event: 4.684 Thread 0x000001aabc97d7c0 Exception <a 'java/lang/ClassNotFoundException'{0x000000008bfff378}: org/gradle/api/internal/plugins/DefaultObjectConfigurationActionBeanInfo> (0x000000008bfff378) 
thrown [s\src\hotspot\share\classfile\systemDictionary.cpp, line 256]
Event: 4.684 Thread 0x000001aabc97d7c0 Exception <a 'java/lang/ClassNotFoundException'{0x000000008be162f0}: org/gradle/api/internal/plugins/DefaultObjectConfigurationActionCustomizer> (0x000000008be162f0) 
thrown [s\src\hotspot\share\classfile\systemDictionary.cpp, line 256]

VM Operations (20 events):
Event: 4.279 Executing VM operation: HandshakeAllThreads done
Event: 4.344 Executing VM operation: ICBufferFull
Event: 4.344 Executing VM operation: ICBufferFull done
Event: 4.443 Executing VM operation: ICBufferFull
Event: 4.444 Executing VM operation: ICBufferFull done
Event: 4.444 Executing VM operation: ICBufferFull
Event: 4.444 Executing VM operation: ICBufferFull done
Event: 4.496 Executing VM operation: G1CollectForAllocation
Event: 4.500 Executing VM operation: G1CollectForAllocation done
Event: 4.596 Executing VM operation: ICBufferFull
Event: 4.596 Executing VM operation: ICBufferFull done
Event: 4.660 Executing VM operation: G1TryInitiateConcMark
Event: 4.662 Executing VM operation: G1TryInitiateConcMark done
Event: 4.676 Executing VM operation: G1PauseRemark
Event: 4.678 Executing VM operation: G1PauseRemark done
Event: 4.682 Executing VM operation: G1PauseCleanup
Event: 4.682 Executing VM operation: G1PauseCleanup done
Event: 4.831 Executing VM operation: G1CollectForAllocation
Event: 4.833 Executing VM operation: G1CollectForAllocation done
Event: 4.839 Executing VM operation: G1CollectForAllocation

Events (20 events):
Event: 4.349 Thread 0x000001aabf1bb170 Thread added: 0x000001aabf1bb170
Event: 4.349 Thread 0x000001aabf1b5140 Thread added: 0x000001aabf1b5140
Event: 4.349 Thread 0x000001aabf1bb680 Thread added: 0x000001aabf1bb680
Event: 4.350 Thread 0x000001aabf1b79c0 Thread added: 0x000001aabf1b79c0
Event: 4.350 Thread 0x000001aabf1b7ed0 Thread added: 0x000001aabf1b7ed0
Event: 4.350 Thread 0x000001aabf1b88f0 Thread added: 0x000001aabf1b88f0
Event: 4.350 Thread 0x000001aac09997c0 Thread added: 0x000001aac09997c0
Event: 4.350 Thread 0x000001aac099e3b0 Thread added: 0x000001aac099e3b0
Event: 4.351 Thread 0x000001aac0999cd0 Thread added: 0x000001aac0999cd0
Event: 4.351 Thread 0x000001aac099d480 Thread added: 0x000001aac099d480
Event: 4.548 loading class java/util/stream/SortedOps$RefSortingSink
Event: 4.549 loading class java/util/stream/SortedOps$RefSortingSink done
Event: 4.555 loading class java/time/Ser
Event: 4.555 loading class java/time/Ser done
Event: 4.587 Thread 0x000001aac099a6f0 Thread added: 0x000001aac099a6f0
Event: 4.588 Thread 0x000001aac099d990 Thread added: 0x000001aac099d990
Event: 4.684 loading class sun/misc/SharedSecrets
Event: 4.684 loading class sun/misc/SharedSecrets done
Event: 4.685 loading class jdk/internal/reflect/UnsafeObjectFieldAccessorImpl
Event: 4.685 loading class jdk/internal/reflect/UnsafeObjectFieldAccessorImpl done


Dynamic libraries:
0x00007ff671590000 - 0x00007ff67159a000 	C:\Program Files\Android\Android Studio\jbr\bin\java.exe
0x00007fff781f0000 - 0x00007fff78407000 	C:\WINDOWS\SYSTEM32\ntdll.dll
0x00007fff77220000 - 0x00007fff772e4000 	C:\WINDOWS\System32\KERNEL32.DLL
0x00007fff75750000 - 0x00007fff75afc000 	C:\WINDOWS\System32\KERNELBASE.dll
0x00007fff75b00000 - 0x00007fff75c11000 	C:\WINDOWS\System32\ucrtbase.dll
0x00007fff66a90000 - 0x00007fff66aab000 	C:\Program Files\Android\Android Studio\jbr\bin\VCRUNTIME140.dll
0x00007fff6e8b0000 - 0x00007fff6e8c7000 	C:\Program Files\Android\Android Studio\jbr\bin\jli.dll
0x00007fff76820000 - 0x00007fff769ce000 	C:\WINDOWS\System32\USER32.dll
0x00007fff75e60000 - 0x00007fff75e86000 	C:\WINDOWS\System32\win32u.dll
0x00007fff66ea0000 - 0x00007fff67133000 	C:\WINDOWS\WinSxS\amd64_microsoft.windows.common-controls_6595b64144ccf1df_6.0.22621.3672_none_2713b9d173822955\COMCTL32.dll
0x00007fff75f90000 - 0x00007fff75fb9000 	C:\WINDOWS\System32\GDI32.dll
0x00007fff75c20000 - 0x00007fff75d39000 	C:\WINDOWS\System32\gdi32full.dll
0x00007fff77bb0000 - 0x00007fff77c57000 	C:\WINDOWS\System32\msvcrt.dll
0x00007fff75dc0000 - 0x00007fff75e5a000 	C:\WINDOWS\System32\msvcp_win.dll
0x00007fff78000000 - 0x00007fff78031000 	C:\WINDOWS\System32\IMM32.DLL
0x00007fff6e8a0000 - 0x00007fff6e8ac000 	C:\Program Files\Android\Android Studio\jbr\bin\vcruntime140_1.dll
0x00007fff467e0000 - 0x00007fff4686d000 	C:\Program Files\Android\Android Studio\jbr\bin\msvcp140.dll
0x00007fff1e6e0000 - 0x00007fff1f363000 	C:\Program Files\Android\Android Studio\jbr\bin\server\jvm.dll
0x00007fff76f50000 - 0x00007fff77002000 	C:\WINDOWS\System32\ADVAPI32.dll
0x00007fff774c0000 - 0x00007fff7756a000 	C:\WINDOWS\System32\sechost.dll
0x00007fff75f00000 - 0x00007fff75f28000 	C:\WINDOWS\System32\bcrypt.dll
0x00007fff77570000 - 0x00007fff77685000 	C:\WINDOWS\System32\RPCRT4.dll
0x00007fff5a000000 - 0x00007fff5a009000 	C:\WINDOWS\SYSTEM32\WSOCK32.dll
0x00007fff75330000 - 0x00007fff7537d000 	C:\WINDOWS\SYSTEM32\POWRPROF.dll
0x00007fff70d10000 - 0x00007fff70d44000 	C:\WINDOWS\SYSTEM32\WINMM.dll
0x00007fff6e390000 - 0x00007fff6e39a000 	C:\WINDOWS\SYSTEM32\VERSION.dll
0x00007fff77690000 - 0x00007fff77701000 	C:\WINDOWS\System32\WS2_32.dll
0x00007fff75210000 - 0x00007fff75223000 	C:\WINDOWS\SYSTEM32\UMPDC.dll
0x00007fff74520000 - 0x00007fff74538000 	C:\WINDOWS\SYSTEM32\kernel.appcore.dll
0x00007fff72710000 - 0x00007fff7271a000 	C:\Program Files\Android\Android Studio\jbr\bin\jimage.dll
0x00007fff6cfc0000 - 0x00007fff6d1f2000 	C:\WINDOWS\SYSTEM32\DBGHELP.DLL
0x00007fff77c60000 - 0x00007fff77fe8000 	C:\WINDOWS\System32\combase.dll
0x00007fff76ae0000 - 0x00007fff76bb7000 	C:\WINDOWS\System32\OLEAUT32.dll
0x00007fff6ab50000 - 0x00007fff6ab82000 	C:\WINDOWS\SYSTEM32\dbgcore.DLL
0x00007fff75d40000 - 0x00007fff75dbb000 	C:\WINDOWS\System32\bcryptPrimitives.dll
0x00007fff6e520000 - 0x00007fff6e52e000 	C:\Program Files\Android\Android Studio\jbr\bin\instrument.dll
0x00007fff726e0000 - 0x00007fff72705000 	C:\Program Files\Android\Android Studio\jbr\bin\java.dll
0x00007fff71cb0000 - 0x00007fff71cc8000 	C:\Program Files\Android\Android Studio\jbr\bin\zip.dll
0x00007fff75fc0000 - 0x00007fff7681c000 	C:\WINDOWS\System32\SHELL32.dll
0x00007fff73420000 - 0x00007fff73d17000 	C:\WINDOWS\SYSTEM32\windows.storage.dll
0x00007fff732e0000 - 0x00007fff7341f000 	C:\WINDOWS\SYSTEM32\wintypes.dll
0x00007fff769d0000 - 0x00007fff76ac4000 	C:\WINDOWS\System32\SHCORE.dll
0x00007fff78040000 - 0x00007fff7809e000 	C:\WINDOWS\System32\shlwapi.dll
0x00007fff75450000 - 0x00007fff75471000 	C:\WINDOWS\SYSTEM32\profapi.dll
0x00007fff71c60000 - 0x00007fff71c79000 	C:\Program Files\Android\Android Studio\jbr\bin\net.dll
0x00007fff720a0000 - 0x00007fff721d6000 	C:\WINDOWS\SYSTEM32\WINHTTP.dll
0x00007fff749c0000 - 0x00007fff74a29000 	C:\WINDOWS\system32\mswsock.dll
0x00007fff70f90000 - 0x00007fff70fa6000 	C:\Program Files\Android\Android Studio\jbr\bin\nio.dll
0x00007fff71c50000 - 0x00007fff71c60000 	C:\Program Files\Android\Android Studio\jbr\bin\verify.dll
0x00007fff5eb10000 - 0x00007fff5eb37000 	C:\Users\Anurag\.gradle\native\c067742578af261105cb4f569cf0c3c89f3d7b1fecec35dd04571415982c5e48\windows-amd64\native-platform.dll
0x00007fff22620000 - 0x00007fff22764000 	C:\Users\Anurag\.gradle\native\38dada09dfb8b06ba9b0570ebf7e218e3eb74d4ef43ca46872605cf95ebc2f47\windows-amd64\native-platform-file-events.dll
0x00007fff70ce0000 - 0x00007fff70ce9000 	C:\Program Files\Android\Android Studio\jbr\bin\management.dll
0x00007fff70cd0000 - 0x00007fff70cdb000 	C:\Program Files\Android\Android Studio\jbr\bin\management_ext.dll
0x00007fff77ff0000 - 0x00007fff77ff8000 	C:\WINDOWS\System32\PSAPI.DLL
0x00007fff74c20000 - 0x00007fff74c3b000 	C:\WINDOWS\SYSTEM32\CRYPTSP.dll
0x00007fff74480000 - 0x00007fff744b5000 	C:\WINDOWS\system32\rsaenh.dll
0x00007fff74ac0000 - 0x00007fff74ae8000 	C:\WINDOWS\SYSTEM32\USERENV.dll
0x00007fff74c40000 - 0x00007fff74c4c000 	C:\WINDOWS\SYSTEM32\CRYPTBASE.dll
0x00007fff73f80000 - 0x00007fff73fad000 	C:\WINDOWS\SYSTEM32\IPHLPAPI.DLL
0x00007fff774b0000 - 0x00007fff774b9000 	C:\WINDOWS\System32\NSI.dll
0x00007fff72070000 - 0x00007fff72089000 	C:\WINDOWS\SYSTEM32\dhcpcsvc6.DLL
0x00007fff72020000 - 0x00007fff7203f000 	C:\WINDOWS\SYSTEM32\dhcpcsvc.DLL
0x00007fff73fb0000 - 0x00007fff740a8000 	C:\WINDOWS\SYSTEM32\DNSAPI.dll
0x00007fff70f80000 - 0x00007fff70f89000 	C:\Program Files\Android\Android Studio\jbr\bin\extnet.dll
0x00007fff2cda0000 - 0x00007fff2cda8000 	C:\WINDOWS\system32\wshunix.dll

dbghelp: loaded successfully - version: 4.0.5 - missing functions: none
symbol engine: initialized successfully - sym options: 0x614 - pdb path: .;C:\Program Files\Android\Android Studio\jbr\bin;C:\WINDOWS\SYSTEM32;C:\WINDOWS\WinSxS\amd64_microsoft.windows.common-controls_6595b64144ccf1df_6.0.22621.3672_none_2713b9d173822955;C:\Program Files\Android\Android Studio\jbr\bin\server;C:\Users\Anurag\.gradle\native\c067742578af261105cb4f569cf0c3c89f3d7b1fecec35dd04571415982c5e48\windows-amd64;C:\Users\Anurag\.gradle\native\38dada09dfb8b06ba9b0570ebf7e218e3eb74d4ef43ca46872605cf95ebc2f47\windows-amd64

VM Arguments:
jvm_args: --add-opens=java.base/java.util=ALL-UNNAMED --add-opens=java.base/java.lang=ALL-UNNAMED --add-opens=java.base/java.lang.invoke=ALL-UNNAMED --add-opens=java.prefs/java.util.prefs=ALL-UNNAMED --add-opens=java.base/java.nio.charset=ALL-UNNAMED --add-opens=java.base/java.net=ALL-UNNAMED --add-opens=java.base/java.util.concurrent.atomic=ALL-UNNAMED -Xmx2048m -Dfile.encoding=UTF-8 -Duser.country=IN -Duser.language=en -Duser.variant -javaagent:C:\Users\Anurag\.gradle\wrapper\dists\gradle-8.6-bin\afr5mpiioh2wthjmwnkmdsd5w\gradle-8.6\lib\agents\gradle-instrumentation-agent-8.6.jar 
java_command: org.gradle.launcher.daemon.bootstrap.GradleDaemon 8.6
java_class_path (initial): C:\Users\Anurag\.gradle\wrapper\dists\gradle-8.6-bin\afr5mpiioh2wthjmwnkmdsd5w\gradle-8.6\lib\gradle-launcher-8.6.jar
Launcher Type: SUN_STANDARD

[Global flags]
     intx CICompilerCount                          = 12                                        {product} {ergonomic}
     uint ConcGCThreads                            = 3                                         {product} {ergonomic}
     uint G1ConcRefinementThreads                  = 13                                        {product} {ergonomic}
   size_t G1HeapRegionSize                         = 1048576                                   {product} {ergonomic}
    uintx GCDrainStackTargetSize                   = 64                                        {product} {ergonomic}
   size_t InitialHeapSize                          = 257949696                                 {product} {ergonomic}
   size_t MarkStackSize                            = 4194304                                   {product} {ergonomic}
   size_t MaxHeapSize                              = 2147483648                                {product} {command line}
   size_t MaxNewSize                               = 1287651328                                {product} {ergonomic}
   size_t MinHeapDeltaBytes                        = 1048576                                   {product} {ergonomic}
   size_t MinHeapSize                              = 8388608                                   {product} {ergonomic}
    uintx NonNMethodCodeHeapSize                   = 7602480                                {pd product} {ergonomic}
    uintx NonProfiledCodeHeapSize                  = 122027880                              {pd product} {ergonomic}
    uintx ProfiledCodeHeapSize                     = 122027880                              {pd product} {ergonomic}
    uintx ReservedCodeCacheSize                    = 251658240                              {pd product} {ergonomic}
     bool SegmentedCodeCache                       = true                                      {product} {ergonomic}
   size_t SoftMaxHeapSize                          = 2147483648                             {manageable} {ergonomic}
     bool UseCompressedClassPointers               = true                           {product lp64_product} {ergonomic}
     bool UseCompressedOops                        = true                           {product lp64_product} {ergonomic}
     bool UseG1GC                                  = true                                      {product} {ergonomic}
     bool UseLargePagesIndividualAllocation        = false                                  {pd product} {ergonomic}

Logging:
Log output configuration:
 #0: stdout all=warning uptime,level,tags
 #1: stderr all=off uptime,level,tags

Environment Variables:
JAVA_HOME=C:\Program Files\Java\jdk-22
PATH=C:\Program Files\Common Files\Oracle\Java\javapath;C:\windows\system32;C:\windows;C:\windows\System32\Wbem;C:\windows\System32\WindowsPowerShell\v1.0\;C:\windows\System32\OpenSSH\;C:\Program Files (x86)\NVIDIA Corporation\PhysX\Common;C:\Users\Administrator\AppData\Local\Microsoft\WindowsApps;C:\Windows;C:\Windows\System32;C:\Windows\System32\WindowsPowerShell\v1.0\;C:\Program Files\HP\OMEN-Broadcast\Common;C:\MinGW\bin;C:\Program Files\Git\cmd;C:\Program Files\Git\mingw64\bin;C:\Program Files\Git\usr\bin;C:\Users\Anurag\Downloads\flutter_windows_3.13.9-stable\flutter\bin;C:\Program Files\dotnet\;C:\WINDOWS\system32;C:\WINDOWS;C:\WINDOWS\System32\Wbem;C:\WINDOWS\System32\WindowsPowerShell\v1.0\;C:\WINDOWS\System32\OpenSSH\;C:\Program Files\Java\jdk-22\bin;C:\Program Files\nodejs\;C:\Users\Anurag\AppData\Local\Microsoft\WindowsApps;C:\Users\Anurag\AppData\Local\Programs\Microsoft VS Code\bin;C:\Users\Anurag\AppData\Local\GitHubDesktop\bin;C:\Users\Anurag\Downloads\flutter_windows_3.13.9-stable\flutter\bin;C:\Users\Anurag\.dotnet\tools;C:\Program Files\Java\jdk-22\bin;C:\Users\Anurag\AppData\Roaming\npm
USERNAME=Anurag
OS=Windows_NT
PROCESSOR_IDENTIFIER=AMD64 Family 25 Model 116 Stepping 1, AuthenticAMD
TMP=C:\Users\Anurag\AppData\Local\Temp
TEMP=C:\Users\Anurag\AppData\Local\Temp



Periodic native trim disabled

JNI global refs:
JNI global refs: 34, weak refs: 0

JNI global refs memory usage: 843, weak refs: 209

OOME stack traces (most recent first):
Classloader memory used:
Loader org.gradle.internal.classloader.VisitableURLClassLoader                         : 3521K
Loader bootstrap                                                                       : 2471K
Loader org.gradle.initialization.MixInLegacyTypesClassLoader                           : 1136K
Loader org.gradle.internal.classloader.VisitableURLClassLoader$InstrumentingVisitableURLClassLoader: 177K
Loader jdk.internal.loader.ClassLoaders$PlatformClassLoader                            : 68654B
Loader jdk.internal.loader.ClassLoaders$AppClassLoader                                 : 28733B
Loader jdk.internal.reflect.DelegatingClassLoader                                      : 21789B
Loader org.gradle.internal.classloader.VisitableURLClassLoader                         : 17186B

Classes loaded by more than one classloader:
Class Program                                                                         : loaded 4 times (x 72B)
Class com.google.common.collect.SingletonImmutableList                                : loaded 2 times (x 167B)
Class org.gradle.internal.classpath.ClassPath                                         : loaded 2 times (x 68B)
Class org.gradle.api.internal.classpath.DefaultModuleRegistry                         : loaded 2 times (x 84B)
Class Settings_gradle$1$1                                                             : loaded 2 times (x 72B)
Class com.google.common.collect.ListMultimap                                          : loaded 2 times (x 68B)
Class com.google.common.base.CharMatcher$JavaDigit                                    : loaded 2 times (x 109B)
Class com.google.common.base.CharMatcher$Digit                                        : loaded 2 times (x 110B)
Class org.gradle.api.Action                                                           : loaded 2 times (x 68B)
Class com.google.common.collect.Lists$StringAsImmutableList                           : loaded 2 times (x 167B)
Class com.google.common.base.CharMatcher                                              : loaded 2 times (x 109B)
Class com.google.common.base.CharMatcher$IsNot                                        : loaded 2 times (x 109B)
Class com.google.common.base.Splitter                                                 : loaded 2 times (x 70B)
Class org.gradle.api.internal.DefaultClassPathProvider                                : loaded 2 times (x 74B)
Class org.gradle.internal.installation.GradleInstallation$1                           : loaded 2 times (x 73B)
Class com.google.common.base.CharMatcher$BitSetMatcher                                : loaded 2 times (x 110B)
Class com.google.common.base.Predicate                                                : loaded 2 times (x 68B)
Class org.gradle.internal.classloader.FilteringClassLoader                            : loaded 2 times (x 103B)
Class org.gradle.internal.classpath.DefaultClassPath$ImmutableUniqueList$Builder      : loaded 2 times (x 73B)
Class com.google.common.collect.Maps$8                                                : loaded 2 times (x 80B)
Class com.google.common.base.CharMatcher$InRange                                      : loaded 2 times (x 109B)
Class com.google.common.collect.BiMap                                                 : loaded 2 times (x 68B)
Class com.google.common.collect.Lists                                                 : loaded 2 times (x 69B)
Class org.gradle.internal.classloader.ClassLoaderVisitor                              : loaded 2 times (x 74B)
Class org.gradle.internal.service.DefaultServiceLocator                               : loaded 2 times (x 81B)
Class org.gradle.internal.service.UnknownServiceException                             : loaded 2 times (x 81B)
Class org.gradle.internal.classloader.DefaultClassLoaderFactory                       : loaded 2 times (x 80B)
Class com.google.common.collect.UnmodifiableIterator                                  : loaded 2 times (x 78B)
Class com.google.common.base.CharMatcher$SingleWidth                                  : loaded 2 times (x 110B)
Class com.google.common.base.JdkPattern                                               : loaded 2 times (x 73B)
Class com.google.common.collect.Multimap                                              : loaded 2 times (x 68B)
Class org.gradle.internal.classloader.VisitableURLClassLoader$Spec                    : loaded 2 times (x 72B)
Class org.gradle.api.GradleException                                                  : loaded 2 times (x 80B)
Class com.google.common.base.CharMatcher$JavaLetterOrDigit                            : loaded 2 times (x 109B)
Class org.gradle.api.internal.classpath.ModuleRegistry                                : loaded 2 times (x 68B)
Class com.google.common.collect.ImmutableCollection                                   : loaded 2 times (x 123B)
Class org.gradle.api.internal.ClassPathProvider                                       : loaded 2 times (x 68B)
Class org.gradle.internal.classloader.ClasspathUtil$1                                 : loaded 2 times (x 74B)
Class com.google.common.collect.ImmutableList$ReverseImmutableList                    : loaded 2 times (x 168B)
Class org.gradle.internal.classloader.ClassLoaderFactory                              : loaded 2 times (x 68B)
Class com.google.common.collect.ObjectArrays                                          : loaded 2 times (x 69B)
Class com.google.common.collect.ImmutableList                                         : loaded 2 times (x 166B)
Class org.gradle.api.internal.classpath.ManifestUtil                                  : loaded 2 times (x 69B)
Class org.gradle.api.specs.Spec                                                       : loaded 2 times (x 68B)
Class com.google.common.base.CharMatcher$Whitespace                                   : loaded 2 times (x 110B)
Class com.google.common.base.Preconditions                                            : loaded 2 times (x 69B)
Class com.google.common.base.Function                                                 : loaded 2 times (x 68B)
Class org.gradle.internal.IoActions                                                   : loaded 2 times (x 69B)
Class com.google.common.collect.CollectPreconditions                                  : loaded 2 times (x 69B)
Class com.google.common.collect.Maps                                                  : loaded 2 times (x 69B)
Class com.google.common.collect.AbstractIndexedListIterator                           : loaded 2 times (x 94B)
Class com.google.common.base.CharMatcher$None                                         : loaded 2 times (x 110B)
Class org.gradle.api.internal.classpath.EffectiveClassPath                            : loaded 2 times (x 88B)
Class com.google.common.collect.UnmodifiableListIterator                              : loaded 2 times (x 93B)
Class com.google.common.collect.ImmutableList$1                                       : loaded 2 times (x 95B)
Class com.google.common.base.Splitter$Strategy                                        : loaded 2 times (x 68B)
Class org.gradle.internal.installation.CurrentGradleInstallation                      : loaded 2 times (x 71B)
Class org.gradle.internal.agents.InstrumentingClassLoader                             : loaded 2 times (x 68B)
Class org.gradle.internal.installation.CurrentGradleInstallationLocator               : loaded 2 times (x 69B)
Class org.gradle.api.internal.classpath.Module                                        : loaded 2 times (x 68B)
Class com.google.common.base.Splitter$1$1                                             : loaded 2 times (x 84B)
Class org.gradle.internal.service.CachingServiceLocator                               : loaded 2 times (x 80B)
Class org.gradle.internal.classpath.DefaultClassPath                                  : loaded 2 times (x 88B)
Class com.google.common.base.Splitter$SplittingIterator                               : loaded 2 times (x 82B)
Class Build_gradle$1                                                                  : loaded 2 times (x 76B)
Class com.google.common.base.CharMatcher$Is                                           : loaded 2 times (x 109B)
Class com.google.common.collect.RegularImmutableAsList                                : loaded 2 times (x 176B)
Class org.gradle.internal.classloader.SystemClassLoaderSpec                           : loaded 2 times (x 69B)
Class [Lcom.google.common.base.AbstractIterator$State;                                : loaded 2 times (x 67B)
Class com.google.common.base.AbstractIterator                                         : loaded 2 times (x 78B)
Class com.google.common.base.AbstractIterator$1                                       : loaded 2 times (x 69B)
Class com.google.common.base.CharMatcher$1                                            : loaded 2 times (x 111B)
Class com.google.common.base.CharMatcher$Ascii                                        : loaded 2 times (x 110B)
Class org.gradle.api.UncheckedIOException                                             : loaded 2 times (x 80B)
Class com.google.common.base.CharMatcher$And                                          : loaded 2 times (x 110B)
Class com.google.common.base.CharMatcher$Any                                          : loaded 2 times (x 110B)
Class org.gradle.internal.installation.GradleInstallation                             : loaded 2 times (x 73B)
Class com.google.common.base.CharMatcher$RangesMatcher                                : loaded 2 times (x 110B)
Class com.google.common.collect.ImmutableList$SubList                                 : loaded 2 times (x 168B)
Class org.gradle.internal.classloader.ClasspathUtil                                   : loaded 2 times (x 69B)
Class com.google.common.base.Splitter$1                                               : loaded 2 times (x 75B)
Class org.gradle.api.internal.DefaultClassPathRegistry                                : loaded 2 times (x 74B)
Class org.gradle.api.internal.classpath.DefaultModuleRegistry$DefaultModule           : loaded 2 times (x 84B)
Class com.google.common.base.CharMatcher$JavaIsoControl                               : loaded 2 times (x 110B)
Class com.google.common.base.CharMatcher$Or                                           : loaded 2 times (x 110B)
Class org.gradle.kotlin.dsl.VersionCatalogAccessorsKt                                 : loaded 2 times (x 69B)
Class com.google.common.base.CharMatcher$JavaLowerCase                                : loaded 2 times (x 109B)
Class org.gradle.api.internal.classpath.UnknownModuleException                        : loaded 2 times (x 80B)
Class com.google.common.collect.Maps$EntryTransformer                                 : loaded 2 times (x 68B)
Class com.google.common.base.CommonPattern                                            : loaded 2 times (x 72B)
Class org.gradle.internal.service.ServiceLookupException                              : loaded 2 times (x 80B)
Class org.gradle.cache.GlobalCache                                                    : loaded 2 times (x 68B)
Class com.google.common.base.CharMatcher$NegatedFastMatcher                           : loaded 2 times (x 111B)
Class [Lorg.gradle.api.internal.ClassPathProvider;                                    : loaded 2 times (x 67B)
Class org.gradle.util.internal.GUtil                                                  : loaded 2 times (x 69B)
Class org.gradle.internal.classloader.ClassLoaderSpec                                 : loaded 2 times (x 69B)
Class com.google.common.base.NullnessCasts                                            : loaded 2 times (x 69B)
Class com.google.common.base.CharMatcher$Negated                                      : loaded 2 times (x 111B)
Class com.google.common.base.CharMatcher$ForPredicate                                 : loaded 2 times (x 110B)
Class com.google.common.collect.SortedMapDifference                                   : loaded 2 times (x 68B)
Class org.gradle.internal.classloader.VisitableURLClassLoader                         : loaded 2 times (x 115B)
Class org.gradle.internal.Cast                                                        : loaded 2 times (x 69B)
Class Build_gradle                                                                    : loaded 2 times (x 70B)
Class org.gradle.api.internal.ClassPathRegistry                                       : loaded 2 times (x 68B)
Class org.gradle.internal.classloader.VisitableURLClassLoader$InstrumentingVisitableURLClassLoader: loaded 2 times (x 121B)
Class org.gradle.internal.classloader.ClassLoaderHierarchy                            : loaded 2 times (x 68B)
Class com.google.common.base.AbstractIterator$State                                   : loaded 2 times (x 77B)
Class com.google.common.base.CharMatcher$NamedFastMatcher                             : loaded 2 times (x 110B)
Class org.gradle.internal.InternalTransformer                                         : loaded 2 times (x 68B)
Class org.gradle.internal.service.ServiceLocator                                      : loaded 2 times (x 68B)
Class Settings_gradle$1                                                               : loaded 2 times (x 72B)
Class com.google.common.base.CharMatcher$Invisible                                    : loaded 2 times (x 110B)
Class com.google.common.base.CharMatcher$FastMatcher                                  : loaded 2 times (x 109B)
Class org.gradle.internal.classpath.DefaultClassPath$ImmutableUniqueList              : loaded 2 times (x 159B)
Class com.google.common.base.CharMatcher$JavaLetter                                   : loaded 2 times (x 109B)
Class org.gradle.internal.classpath.TransformedClassPath                              : loaded 2 times (x 94B)
Class com.google.common.collect.MapDifference                                         : loaded 2 times (x 68B)
Class Settings_gradle                                                                 : loaded 2 times (x 126B)
Class com.google.common.collect.ImmutableAsList                                       : loaded 2 times (x 169B)
Class com.google.common.base.CharMatcher$AnyOf                                        : loaded 2 times (x 110B)
Class com.google.common.base.CharMatcher$IsEither                                     : loaded 2 times (x 109B)
Class com.google.common.collect.RegularImmutableList                                  : loaded 2 times (x 172B)
Class com.google.common.base.CharMatcher$JavaUpperCase                                : loaded 2 times (x 109B)


---------------  S Y S T E M  ---------------

OS:
 Windows 11 , 64 bit Build 22621 (10.0.22621.3672)
OS uptime: 0 days 3:05 hours
Hyper-V role detected

CPU: total 16 (initial active 16) (16 cores per cpu, 2 threads per core) family 25 model 116 stepping 1 microcode 0x0, cx8, cmov, fxsr, ht, mmx, 3dnowpref, sse, sse2, sse3, ssse3, sse4a, sse4.1, sse4.2, popcnt, lzcnt, tsc, tscinvbit, avx, avx2, aes, erms, clmul, bmi1, bmi2, adx, avx512f, avx512dq, avx512cd, avx512bw, avx512vl, sha, fma, vzeroupper, avx512_vpopcntdq, avx512_vpclmulqdq, avx512_vaes, avx512_vnni, clflush, clflushopt, avx512_vbmi2, avx512_vbmi, hv
Processor Information for all 16 processors :
  Max Mhz: 3801, Current Mhz: 3801, Mhz Limit: 3801

Memory: 4k page, system-wide physical 15654M (5923M free)
TotalPageFile size 15654M (AvailPageFile size 69M)
current process WorkingSet (physical memory assigned to process): 316M, peak: 316M
current process commit charge ("private bytes"): 360M, peak: 452M

vm_info: OpenJDK 64-Bit Server VM (17.0.10+0--11572160) for windows-amd64 JRE (17.0.10+0--11572160), built on Mar 13 2024 23:56:38 by "androidbuild" with MS VC++ 16.10 / 16.11 (VS2019)

END.
